TpTrace Verbose: 0 : 21820, 1, 2024/05/28, 19:52:02.194, 4333113973261, vstest.console.dll, Version: 17.9.0-release-24072-02 Current process architecture: X64
TpTrace Verbose: 0 : 21820, 1, 2024/05/28, 19:52:02.196, 4333113999213, vstest.console.dll, Runtime location: C:\Program Files\dotnet\shared\Microsoft.NETCore.App\8.0.4
TpTrace Verbose: 0 : 21820, 1, 2024/05/28, 19:52:02.198, 4333114018540, vstest.console.dll, ArtifactProcessingPostProcessModeProcessorExecutor.Initialize: ArtifactProcessingMode.Collect
TpTrace Verbose: 0 : 21820, 1, 2024/05/28, 19:52:02.198, 4333114020705, vstest.console.dll, TestSessionCorrelationIdProcessorModeProcessorExecutor.Initialize: TestSessionCorrelationId '27196_aef1d7c0-86e6-4796-a430-618fb4468540'
TpTrace Information: 0 : 21820, 1, 2024/05/28, 19:52:02.205, 4333114085750, vstest.console.dll, FilePatternParser: The given file C:\Users\VC\Documents\Pharmacy Manager\PharmacyManagementSolution\PharmacyUnitTest\bin\Debug\net6.0\fine-code-coverage\build-output\PharmacyUnitTest.dll is a full path.
TpTrace Verbose: 0 : 21820, 1, 2024/05/28, 19:52:02.208, 4333114116890, vstest.console.dll, TestPluginCache.DiscoverTestExtensions: finding test extensions in assemblies ends with: RuntimeProvider.dll TPluginInfo: Microsoft.VisualStudio.TestPlatform.Common.ExtensionFramework.Utilities.TestRuntimePluginInformation TExtension: Microsoft.VisualStudio.TestPlatform.ObjectModel.Host.ITestRuntimeProvider
TpTrace Verbose: 0 : 21820, 1, 2024/05/28, 19:52:02.208, 4333114119279, vstest.console.dll, TestPluginCache.GetExtensionPaths: Filtered extension paths: 
TpTrace Verbose: 0 : 21820, 1, 2024/05/28, 19:52:02.208, 4333114119892, vstest.console.dll, TestPluginCache.GetExtensionPaths: Added default extension paths: C:\Program Files\dotnet\sdk\8.0.204\Extensions\Microsoft.Diagnostics.NETCore.Client.dll
C:\Program Files\dotnet\sdk\8.0.204\Extensions\Microsoft.TestPlatform.Extensions.BlameDataCollector.dll
C:\Program Files\dotnet\sdk\8.0.204\Extensions\Microsoft.TestPlatform.Extensions.EventLogCollector.dll
C:\Program Files\dotnet\sdk\8.0.204\Extensions\Microsoft.TestPlatform.TestHostRuntimeProvider.dll
C:\Program Files\dotnet\sdk\8.0.204\Extensions\Microsoft.VisualStudio.TestPlatform.Extensions.Html.TestLogger.dll
C:\Program Files\dotnet\sdk\8.0.204\Extensions\Microsoft.VisualStudio.TestPlatform.Extensions.Trx.TestLogger.dll
TpTrace Verbose: 0 : 21820, 1, 2024/05/28, 19:52:02.208, 4333114120183, vstest.console.dll, TestPluginCache.GetExtensionPaths: Added unfilterableExtensionPaths: 
TpTrace Information: 0 : 21820, 1, 2024/05/28, 19:52:02.209, 4333114123664, vstest.console.dll, AssemblyResolver.ctor: Creating AssemblyResolver with searchDirectories C:\Program Files\dotnet\sdk\8.0.204\Extensions,C:\Program Files\dotnet\sdk\8.0.204
TpTrace Verbose: 0 : 21820, 1, 2024/05/28, 19:52:02.210, 4333114133536, vstest.console.dll, TestPluginCache.DiscoverTestExtensions: Discovering the extensions using extension path.
TpTrace Verbose: 0 : 21820, 1, 2024/05/28, 19:52:02.210, 4333114134539, vstest.console.dll, TestPluginCache.GetExtensionPaths: Filtered extension paths: 
TpTrace Verbose: 0 : 21820, 1, 2024/05/28, 19:52:02.210, 4333114134848, vstest.console.dll, TestPluginCache.GetExtensionPaths: Added default extension paths: C:\Program Files\dotnet\sdk\8.0.204\Extensions\Microsoft.Diagnostics.NETCore.Client.dll
C:\Program Files\dotnet\sdk\8.0.204\Extensions\Microsoft.TestPlatform.Extensions.BlameDataCollector.dll
C:\Program Files\dotnet\sdk\8.0.204\Extensions\Microsoft.TestPlatform.Extensions.EventLogCollector.dll
C:\Program Files\dotnet\sdk\8.0.204\Extensions\Microsoft.TestPlatform.TestHostRuntimeProvider.dll
C:\Program Files\dotnet\sdk\8.0.204\Extensions\Microsoft.VisualStudio.TestPlatform.Extensions.Html.TestLogger.dll
C:\Program Files\dotnet\sdk\8.0.204\Extensions\Microsoft.VisualStudio.TestPlatform.Extensions.Trx.TestLogger.dll
TpTrace Verbose: 0 : 21820, 1, 2024/05/28, 19:52:02.210, 4333114135076, vstest.console.dll, TestPluginCache.GetExtensionPaths: Added unfilterableExtensionPaths: 
TpTrace Verbose: 0 : 21820, 1, 2024/05/28, 19:52:02.210, 4333114135508, vstest.console.dll, TestPluginCache.DiscoverTestExtensions: Discovering the extensions using allExtensionPaths: C:\Program Files\dotnet\sdk\8.0.204\Extensions\Microsoft.Diagnostics.NETCore.Client.dll
C:\Program Files\dotnet\sdk\8.0.204\Extensions\Microsoft.TestPlatform.Extensions.BlameDataCollector.dll
C:\Program Files\dotnet\sdk\8.0.204\Extensions\Microsoft.TestPlatform.Extensions.EventLogCollector.dll
C:\Program Files\dotnet\sdk\8.0.204\Extensions\Microsoft.TestPlatform.TestHostRuntimeProvider.dll
C:\Program Files\dotnet\sdk\8.0.204\Extensions\Microsoft.VisualStudio.TestPlatform.Extensions.Html.TestLogger.dll
C:\Program Files\dotnet\sdk\8.0.204\Extensions\Microsoft.VisualStudio.TestPlatform.Extensions.Trx.TestLogger.dll
TpTrace Information: 0 : 21820, 1, 2024/05/28, 19:52:02.210, 4333114136540, vstest.console.dll, AssemblyResolver.AddSearchDirectories: Adding more searchDirectories C:\Program Files\dotnet\sdk\8.0.204\Extensions,C:\Program Files\dotnet\sdk\8.0.204
TpTrace Information: 0 : 21820, 1, 2024/05/28, 19:52:02.210, 4333114136977, vstest.console.dll, AssemblyResolver.AddSearchDirectories: Adding more searchDirectories C:\Program Files\dotnet\sdk\8.0.204\Extensions,C:\Program Files\dotnet\sdk\8.0.204
TpTrace Information: 0 : 21820, 1, 2024/05/28, 19:52:02.210, 4333114137216, vstest.console.dll, AssemblyResolver.AddSearchDirectories: Adding more searchDirectories C:\Program Files\dotnet\sdk\8.0.204\Extensions,C:\Program Files\dotnet\sdk\8.0.204
TpTrace Information: 0 : 21820, 1, 2024/05/28, 19:52:02.210, 4333114137430, vstest.console.dll, AssemblyResolver.AddSearchDirectories: Adding more searchDirectories C:\Program Files\dotnet\sdk\8.0.204\Extensions,C:\Program Files\dotnet\sdk\8.0.204
TpTrace Information: 0 : 21820, 1, 2024/05/28, 19:52:02.210, 4333114137680, vstest.console.dll, AssemblyResolver.AddSearchDirectories: Adding more searchDirectories C:\Program Files\dotnet\sdk\8.0.204\Extensions,C:\Program Files\dotnet\sdk\8.0.204
TpTrace Information: 0 : 21820, 1, 2024/05/28, 19:52:02.210, 4333114137894, vstest.console.dll, AssemblyResolver.AddSearchDirectories: Adding more searchDirectories C:\Program Files\dotnet\sdk\8.0.204\Extensions,C:\Program Files\dotnet\sdk\8.0.204
TpTrace Information: 0 : 21820, 1, 2024/05/28, 19:52:02.210, 4333114141086, vstest.console.dll, AssemblyResolver.OnResolve: Microsoft.Diagnostics.NETCore.Client: Resolving assembly.
TpTrace Information: 0 : 21820, 1, 2024/05/28, 19:52:02.211, 4333114141632, vstest.console.dll, AssemblyResolver.OnResolve: Microsoft.Diagnostics.NETCore.Client: Searching in: 'C:\Program Files\dotnet\sdk\8.0.204\Extensions'.
TpTrace Information: 0 : 21820, 1, 2024/05/28, 19:52:02.216, 4333114193900, vstest.console.dll, AssemblyResolver.OnResolve: Microsoft.Diagnostics.NETCore.Client: Loading assembly 'C:\Program Files\dotnet\sdk\8.0.204\Extensions\Microsoft.Diagnostics.NETCore.Client.dll'.
TpTrace Information: 0 : 21820, 1, 2024/05/28, 19:52:02.216, 4333114200092, vstest.console.dll, AssemblyResolver.OnResolve: Resolved assembly: Microsoft.Diagnostics.NETCore.Client, from path: C:\Program Files\dotnet\sdk\8.0.204\Extensions\Microsoft.Diagnostics.NETCore.Client.dll
TpTrace Verbose: 0 : 21820, 1, 2024/05/28, 19:52:02.220, 4333114232787, vstest.console.dll, MetadataReaderExtensionsHelper: Discovering extensions inside assembly 'Microsoft.Diagnostics.NETCore.Client, Version=0.2.9.2401, Culture=neutral, PublicKeyToken=31bf3856ad364e35' file path 'C:\Program Files\dotnet\sdk\8.0.204\Extensions\Microsoft.Diagnostics.NETCore.Client.dll'
TpTrace Information: 0 : 21820, 1, 2024/05/28, 19:52:02.222, 4333114261023, vstest.console.dll, AssemblyResolver.OnResolve: Microsoft.Bcl.AsyncInterfaces: Resolving assembly.
TpTrace Information: 0 : 21820, 1, 2024/05/28, 19:52:02.223, 4333114261674, vstest.console.dll, AssemblyResolver.OnResolve: Microsoft.Bcl.AsyncInterfaces: Searching in: 'C:\Program Files\dotnet\sdk\8.0.204\Extensions'.
TpTrace Information: 0 : 21820, 1, 2024/05/28, 19:52:02.223, 4333114262312, vstest.console.dll, AssemblyResolver.OnResolve: Microsoft.Bcl.AsyncInterfaces: Assembly path does not exist: 'C:\Program Files\dotnet\sdk\8.0.204\Extensions\Microsoft.Bcl.AsyncInterfaces.dll', returning.
TpTrace Information: 0 : 21820, 1, 2024/05/28, 19:52:02.223, 4333114263151, vstest.console.dll, AssemblyResolver.OnResolve: Microsoft.Bcl.AsyncInterfaces: Assembly path does not exist: 'C:\Program Files\dotnet\sdk\8.0.204\Extensions\Microsoft.Bcl.AsyncInterfaces.exe', returning.
TpTrace Information: 0 : 21820, 1, 2024/05/28, 19:52:02.223, 4333114263410, vstest.console.dll, AssemblyResolver.OnResolve: Microsoft.Bcl.AsyncInterfaces: Searching in: 'C:\Program Files\dotnet\sdk\8.0.204'.
TpTrace Information: 0 : 21820, 1, 2024/05/28, 19:52:02.223, 4333114263848, vstest.console.dll, AssemblyResolver.OnResolve: Microsoft.Bcl.AsyncInterfaces: Assembly path does not exist: 'C:\Program Files\dotnet\sdk\8.0.204\Microsoft.Bcl.AsyncInterfaces.dll', returning.
TpTrace Information: 0 : 21820, 1, 2024/05/28, 19:52:02.223, 4333114264234, vstest.console.dll, AssemblyResolver.OnResolve: Microsoft.Bcl.AsyncInterfaces: Assembly path does not exist: 'C:\Program Files\dotnet\sdk\8.0.204\Microsoft.Bcl.AsyncInterfaces.exe', returning.
TpTrace Information: 0 : 21820, 1, 2024/05/28, 19:52:02.223, 4333114264530, vstest.console.dll, AssemblyResolver.OnResolve: Microsoft.Bcl.AsyncInterfaces: Failed to load assembly.
TpTrace Verbose: 0 : 21820, 1, 2024/05/28, 19:52:02.223, 4333114264801, vstest.console.dll, CurrentDomainAssemblyResolve: Resolving assembly 'Microsoft.Bcl.AsyncInterfaces'.
TpTrace Information: 0 : 21820, 1, 2024/05/28, 19:52:02.223, 4333114265220, vstest.console.dll, AssemblyResolver.OnResolve: Microsoft.Bcl.AsyncInterfaces: Resolving assembly.
TpTrace Information: 0 : 21820, 1, 2024/05/28, 19:52:02.223, 4333114265497, vstest.console.dll, AssemblyResolver.OnResolve: Microsoft.Bcl.AsyncInterfaces: Resolved from cache.
TpTrace Verbose: 0 : 21820, 1, 2024/05/28, 19:52:02.223, 4333114265712, vstest.console.dll, CurrentDomainAssemblyResolve: Resolving assembly 'Microsoft.Bcl.AsyncInterfaces'.
TpTrace Verbose: 0 : 21820, 1, 2024/05/28, 19:52:02.223, 4333114265956, vstest.console.dll, CurrentDomainAssemblyResolve: Failed to resolve assembly 'Microsoft.Bcl.AsyncInterfaces'.
TpTrace Verbose: 0 : 21820, 1, 2024/05/28, 19:52:02.223, 4333114270388, vstest.console.dll, CurrentDomainAssemblyResolve: Failed to resolve assembly 'Microsoft.Bcl.AsyncInterfaces'.
TpTrace Warning: 0 : 21820, 1, 2024/05/28, 19:52:02.231, 4333114344174, vstest.console.dll, TestPluginDiscoverer: Failed to get types from assembly 'Microsoft.Diagnostics.NETCore.Client, Version=0.2.9.2401, Culture=neutral, PublicKeyToken=31bf3856ad364e35'. Error: System.Reflection.ReflectionTypeLoadException: Unable to load one or more of the requested types.
Could not load file or assembly 'Microsoft.Bcl.AsyncInterfaces, Version=6.0.0.0, Culture=neutral, PublicKeyToken=cc7b13ffcd2ddd51'. The system cannot find the file specified.
   at System.Reflection.RuntimeModule.GetTypes(RuntimeModule module)
   at System.Reflection.RuntimeModule.GetTypes()
   at Microsoft.VisualStudio.TestPlatform.Common.ExtensionFramework.TestPluginDiscoverer.GetTestExtensionsFromAssembly[TPluginInfo,TExtension](Assembly assembly, Dictionary`2 pluginInfos, String filePath) in /_/src/Microsoft.TestPlatform.Common/ExtensionFramework/TestPluginDiscoverer.cs:line 158
System.IO.FileNotFoundException: Could not load file or assembly 'Microsoft.Bcl.AsyncInterfaces, Version=6.0.0.0, Culture=neutral, PublicKeyToken=cc7b13ffcd2ddd51'. The system cannot find the file specified.
File name: 'Microsoft.Bcl.AsyncInterfaces, Version=6.0.0.0, Culture=neutral, PublicKeyToken=cc7b13ffcd2ddd51'
 ---> System.IO.FileNotFoundException: Could not load file or assembly 'Microsoft.Bcl.AsyncInterfaces, Culture=neutral, PublicKeyToken=null'. The system cannot find the file specified.
File name: 'Microsoft.Bcl.AsyncInterfaces, Culture=neutral, PublicKeyToken=null'
   at System.Reflection.RuntimeAssembly.InternalLoad(AssemblyName assemblyName, StackCrawlMark& stackMark, AssemblyLoadContext assemblyLoadContext, RuntimeAssembly requestingAssembly, Boolean throwOnFileNotFound)
   at System.Reflection.Assembly.Load(AssemblyName assemblyRef)
   at Microsoft.VisualStudio.TestPlatform.Common.ExtensionFramework.TestPluginCache.CurrentDomainAssemblyResolve(Object sender, AssemblyResolveEventArgs args) in /_/src/Microsoft.TestPlatform.Common/ExtensionFramework/TestPluginCache.cs:line 513
   at System.Runtime.Loader.AssemblyLoadContext.GetFirstResolvedAssemblyFromResolvingEvent(AssemblyName assemblyName)
   at System.Runtime.Loader.AssemblyLoadContext.ResolveUsingEvent(AssemblyName assemblyName)
   at System.Runtime.Loader.AssemblyLoadContext.ResolveUsingResolvingEvent(IntPtr gchManagedAssemblyLoadContext, AssemblyName assemblyName)
TpTrace Warning: 0 : 21820, 1, 2024/05/28, 19:52:02.231, 4333114347109, vstest.console.dll, LoaderExceptions: System.IO.FileNotFoundException: Could not load file or assembly 'Microsoft.Bcl.AsyncInterfaces, Version=6.0.0.0, Culture=neutral, PublicKeyToken=cc7b13ffcd2ddd51'. The system cannot find the file specified.
File name: 'Microsoft.Bcl.AsyncInterfaces, Version=6.0.0.0, Culture=neutral, PublicKeyToken=cc7b13ffcd2ddd51'
 ---> System.IO.FileNotFoundException: Could not load file or assembly 'Microsoft.Bcl.AsyncInterfaces, Culture=neutral, PublicKeyToken=null'. The system cannot find the file specified.
File name: 'Microsoft.Bcl.AsyncInterfaces, Culture=neutral, PublicKeyToken=null'
   at System.Reflection.RuntimeAssembly.InternalLoad(AssemblyName assemblyName, StackCrawlMark& stackMark, AssemblyLoadContext assemblyLoadContext, RuntimeAssembly requestingAssembly, Boolean throwOnFileNotFound)
   at System.Reflection.Assembly.Load(AssemblyName assemblyRef)
   at Microsoft.VisualStudio.TestPlatform.Common.ExtensionFramework.TestPluginCache.CurrentDomainAssemblyResolve(Object sender, AssemblyResolveEventArgs args) in /_/src/Microsoft.TestPlatform.Common/ExtensionFramework/TestPluginCache.cs:line 513
   at System.Runtime.Loader.AssemblyLoadContext.GetFirstResolvedAssemblyFromResolvingEvent(AssemblyName assemblyName)
   at System.Runtime.Loader.AssemblyLoadContext.ResolveUsingEvent(AssemblyName assemblyName)
   at System.Runtime.Loader.AssemblyLoadContext.ResolveUsingResolvingEvent(IntPtr gchManagedAssemblyLoadContext, AssemblyName assemblyName)
TpTrace Information: 0 : 21820, 1, 2024/05/28, 19:52:02.231, 4333114348355, vstest.console.dll, AssemblyResolver.OnResolve: Microsoft.TestPlatform.Extensions.BlameDataCollector: Resolving assembly.
TpTrace Information: 0 : 21820, 1, 2024/05/28, 19:52:02.231, 4333114348685, vstest.console.dll, AssemblyResolver.OnResolve: Microsoft.TestPlatform.Extensions.BlameDataCollector: Searching in: 'C:\Program Files\dotnet\sdk\8.0.204\Extensions'.
TpTrace Information: 0 : 21820, 1, 2024/05/28, 19:52:02.231, 4333114351312, vstest.console.dll, AssemblyResolver.OnResolve: Microsoft.TestPlatform.Extensions.BlameDataCollector: Loading assembly 'C:\Program Files\dotnet\sdk\8.0.204\Extensions\Microsoft.TestPlatform.Extensions.BlameDataCollector.dll'.
TpTrace Information: 0 : 21820, 1, 2024/05/28, 19:52:02.232, 4333114356034, vstest.console.dll, AssemblyResolver.OnResolve: Resolved assembly: Microsoft.TestPlatform.Extensions.BlameDataCollector, from path: C:\Program Files\dotnet\sdk\8.0.204\Extensions\Microsoft.TestPlatform.Extensions.BlameDataCollector.dll
TpTrace Verbose: 0 : 21820, 1, 2024/05/28, 19:52:02.232, 4333114356786, vstest.console.dll, MetadataReaderExtensionsHelper: Discovering extensions inside assembly 'Microsoft.TestPlatform.Extensions.BlameDataCollector, Version=15.0.0.0, Culture=neutral, PublicKeyToken=b03f5f7f11d50a3a' file path 'C:\Program Files\dotnet\sdk\8.0.204\Extensions\Microsoft.TestPlatform.Extensions.BlameDataCollector.dll'
TpTrace Information: 0 : 21820, 1, 2024/05/28, 19:52:02.233, 4333114367831, vstest.console.dll, AssemblyResolver.OnResolve: Microsoft.TestPlatform.Extensions.EventLogCollector: Resolving assembly.
TpTrace Information: 0 : 21820, 1, 2024/05/28, 19:52:02.233, 4333114368405, vstest.console.dll, AssemblyResolver.OnResolve: Microsoft.TestPlatform.Extensions.EventLogCollector: Searching in: 'C:\Program Files\dotnet\sdk\8.0.204\Extensions'.
TpTrace Information: 0 : 21820, 1, 2024/05/28, 19:52:02.233, 4333114370720, vstest.console.dll, AssemblyResolver.OnResolve: Microsoft.TestPlatform.Extensions.EventLogCollector: Loading assembly 'C:\Program Files\dotnet\sdk\8.0.204\Extensions\Microsoft.TestPlatform.Extensions.EventLogCollector.dll'.
TpTrace Information: 0 : 21820, 1, 2024/05/28, 19:52:02.234, 4333114374415, vstest.console.dll, AssemblyResolver.OnResolve: Resolved assembly: Microsoft.TestPlatform.Extensions.EventLogCollector, from path: C:\Program Files\dotnet\sdk\8.0.204\Extensions\Microsoft.TestPlatform.Extensions.EventLogCollector.dll
TpTrace Verbose: 0 : 21820, 1, 2024/05/28, 19:52:02.234, 4333114374970, vstest.console.dll, MetadataReaderExtensionsHelper: Discovering extensions inside assembly 'Microsoft.TestPlatform.Extensions.EventLogCollector, Version=15.0.0.0, Culture=neutral, PublicKeyToken=b03f5f7f11d50a3a' file path 'C:\Program Files\dotnet\sdk\8.0.204\Extensions\Microsoft.TestPlatform.Extensions.EventLogCollector.dll'
TpTrace Information: 0 : 21820, 1, 2024/05/28, 19:52:02.235, 4333114389736, vstest.console.dll, AssemblyResolver.OnResolve: Microsoft.TestPlatform.TestHostRuntimeProvider: Resolving assembly.
TpTrace Information: 0 : 21820, 1, 2024/05/28, 19:52:02.235, 4333114390225, vstest.console.dll, AssemblyResolver.OnResolve: Microsoft.TestPlatform.TestHostRuntimeProvider: Searching in: 'C:\Program Files\dotnet\sdk\8.0.204\Extensions'.
TpTrace Information: 0 : 21820, 1, 2024/05/28, 19:52:02.236, 4333114392059, vstest.console.dll, AssemblyResolver.OnResolve: Microsoft.TestPlatform.TestHostRuntimeProvider: Loading assembly 'C:\Program Files\dotnet\sdk\8.0.204\Extensions\Microsoft.TestPlatform.TestHostRuntimeProvider.dll'.
TpTrace Information: 0 : 21820, 1, 2024/05/28, 19:52:02.236, 4333114395624, vstest.console.dll, AssemblyResolver.OnResolve: Resolved assembly: Microsoft.TestPlatform.TestHostRuntimeProvider, from path: C:\Program Files\dotnet\sdk\8.0.204\Extensions\Microsoft.TestPlatform.TestHostRuntimeProvider.dll
TpTrace Verbose: 0 : 21820, 1, 2024/05/28, 19:52:02.236, 4333114396101, vstest.console.dll, MetadataReaderExtensionsHelper: Discovering extensions inside assembly 'Microsoft.TestPlatform.TestHostRuntimeProvider, Version=15.0.0.0, Culture=neutral, PublicKeyToken=b03f5f7f11d50a3a' file path 'C:\Program Files\dotnet\sdk\8.0.204\Extensions\Microsoft.TestPlatform.TestHostRuntimeProvider.dll'
TpTrace Information: 0 : 21820, 1, 2024/05/28, 19:52:02.237, 4333114405486, vstest.console.dll, GetTestExtensionFromType: Register extension with identifier data 'HostProvider://DefaultTestHost' and type 'Microsoft.VisualStudio.TestPlatform.CrossPlatEngine.Hosting.DefaultTestHostManager, Microsoft.TestPlatform.TestHostRuntimeProvider, Version=15.0.0.0, Culture=neutral, PublicKeyToken=b03f5f7f11d50a3a' inside file 'C:\Program Files\dotnet\sdk\8.0.204\Extensions\Microsoft.TestPlatform.TestHostRuntimeProvider.dll'
TpTrace Information: 0 : 21820, 1, 2024/05/28, 19:52:02.237, 4333114407330, vstest.console.dll, GetTestExtensionFromType: Register extension with identifier data 'HostProvider://DotnetTestHost' and type 'Microsoft.VisualStudio.TestPlatform.CrossPlatEngine.Hosting.DotnetTestHostManager, Microsoft.TestPlatform.TestHostRuntimeProvider, Version=15.0.0.0, Culture=neutral, PublicKeyToken=b03f5f7f11d50a3a' inside file 'C:\Program Files\dotnet\sdk\8.0.204\Extensions\Microsoft.TestPlatform.TestHostRuntimeProvider.dll'
TpTrace Information: 0 : 21820, 1, 2024/05/28, 19:52:02.237, 4333114407888, vstest.console.dll, AssemblyResolver.OnResolve: Microsoft.VisualStudio.TestPlatform.Extensions.Html.TestLogger: Resolving assembly.
TpTrace Information: 0 : 21820, 1, 2024/05/28, 19:52:02.237, 4333114408145, vstest.console.dll, AssemblyResolver.OnResolve: Microsoft.VisualStudio.TestPlatform.Extensions.Html.TestLogger: Searching in: 'C:\Program Files\dotnet\sdk\8.0.204\Extensions'.
TpTrace Information: 0 : 21820, 1, 2024/05/28, 19:52:02.237, 4333114409986, vstest.console.dll, AssemblyResolver.OnResolve: Microsoft.VisualStudio.TestPlatform.Extensions.Html.TestLogger: Loading assembly 'C:\Program Files\dotnet\sdk\8.0.204\Extensions\Microsoft.VisualStudio.TestPlatform.Extensions.Html.TestLogger.dll'.
TpTrace Information: 0 : 21820, 1, 2024/05/28, 19:52:02.238, 4333114413729, vstest.console.dll, AssemblyResolver.OnResolve: Resolved assembly: Microsoft.VisualStudio.TestPlatform.Extensions.Html.TestLogger, from path: C:\Program Files\dotnet\sdk\8.0.204\Extensions\Microsoft.VisualStudio.TestPlatform.Extensions.Html.TestLogger.dll
TpTrace Verbose: 0 : 21820, 1, 2024/05/28, 19:52:02.238, 4333114414209, vstest.console.dll, MetadataReaderExtensionsHelper: Discovering extensions inside assembly 'Microsoft.VisualStudio.TestPlatform.Extensions.Html.TestLogger, Version=15.0.0.0, Culture=neutral, PublicKeyToken=b03f5f7f11d50a3a' file path 'C:\Program Files\dotnet\sdk\8.0.204\Extensions\Microsoft.VisualStudio.TestPlatform.Extensions.Html.TestLogger.dll'
TpTrace Information: 0 : 21820, 1, 2024/05/28, 19:52:02.238, 4333114418630, vstest.console.dll, AssemblyResolver.OnResolve: Microsoft.VisualStudio.TestPlatform.Extensions.Trx.TestLogger: Resolving assembly.
TpTrace Information: 0 : 21820, 1, 2024/05/28, 19:52:02.238, 4333114419042, vstest.console.dll, AssemblyResolver.OnResolve: Microsoft.VisualStudio.TestPlatform.Extensions.Trx.TestLogger: Searching in: 'C:\Program Files\dotnet\sdk\8.0.204\Extensions'.
TpTrace Information: 0 : 21820, 1, 2024/05/28, 19:52:02.238, 4333114420731, vstest.console.dll, AssemblyResolver.OnResolve: Microsoft.VisualStudio.TestPlatform.Extensions.Trx.TestLogger: Loading assembly 'C:\Program Files\dotnet\sdk\8.0.204\Extensions\Microsoft.VisualStudio.TestPlatform.Extensions.Trx.TestLogger.dll'.
TpTrace Information: 0 : 21820, 1, 2024/05/28, 19:52:02.239, 4333114424545, vstest.console.dll, AssemblyResolver.OnResolve: Resolved assembly: Microsoft.VisualStudio.TestPlatform.Extensions.Trx.TestLogger, from path: C:\Program Files\dotnet\sdk\8.0.204\Extensions\Microsoft.VisualStudio.TestPlatform.Extensions.Trx.TestLogger.dll
TpTrace Verbose: 0 : 21820, 1, 2024/05/28, 19:52:02.239, 4333114424988, vstest.console.dll, MetadataReaderExtensionsHelper: Discovering extensions inside assembly 'Microsoft.VisualStudio.TestPlatform.Extensions.Trx.TestLogger, Version=15.0.0.0, Culture=neutral, PublicKeyToken=b03f5f7f11d50a3a' file path 'C:\Program Files\dotnet\sdk\8.0.204\Extensions\Microsoft.VisualStudio.TestPlatform.Extensions.Trx.TestLogger.dll'
TpTrace Verbose: 0 : 21820, 1, 2024/05/28, 19:52:02.239, 4333114430750, vstest.console.dll, TestPluginCache: Discovered the extensions using extension path ''.
TpTrace Verbose: 0 : 21820, 1, 2024/05/28, 19:52:02.240, 4333114431412, vstest.console.dll, TestPluginCache: Discoverers are ''.
TpTrace Verbose: 0 : 21820, 1, 2024/05/28, 19:52:02.240, 4333114431634, vstest.console.dll, TestPluginCache: Executors are ''.
TpTrace Verbose: 0 : 21820, 1, 2024/05/28, 19:52:02.240, 4333114431834, vstest.console.dll, TestPluginCache: Executors2 are ''.
TpTrace Verbose: 0 : 21820, 1, 2024/05/28, 19:52:02.240, 4333114432029, vstest.console.dll, TestPluginCache: Setting providers are ''.
TpTrace Verbose: 0 : 21820, 1, 2024/05/28, 19:52:02.240, 4333114432225, vstest.console.dll, TestPluginCache: Loggers are ''.
TpTrace Verbose: 0 : 21820, 1, 2024/05/28, 19:52:02.240, 4333114433571, vstest.console.dll, TestPluginCache: TestHosts are 'HostProvider://DefaultTestHost,HostProvider://DotnetTestHost'.
TpTrace Verbose: 0 : 21820, 1, 2024/05/28, 19:52:02.240, 4333114433960, vstest.console.dll, TestPluginCache: DataCollectors are ''.
TpTrace Information: 0 : 21820, 1, 2024/05/28, 19:52:02.249, 4333114527230, vstest.console.dll, RunTestsArgumentProcessor:Execute: Test run is starting.
TpTrace Verbose: 0 : 21820, 1, 2024/05/28, 19:52:02.249, 4333114528274, vstest.console.dll, RunTestsArgumentProcessor:Execute: Queuing Test run.
TpTrace Information: 0 : 21820, 1, 2024/05/28, 19:52:02.249, 4333114531158, vstest.console.dll, TestRequestManager.RunTests: run tests started.
TpTrace Information: 0 : 21820, 1, 2024/05/28, 19:52:02.251, 4333114542421, vstest.console.dll, AssemblyMetadataProvider.GetFrameworkName: Determined framework:'.NETCoreApp,Version=v6.0' for source: 'C:\Users\VC\Documents\Pharmacy Manager\PharmacyManagementSolution\PharmacyUnitTest\bin\Debug\net6.0\fine-code-coverage\build-output\PharmacyUnitTest.dll'
TpTrace Information: 0 : 21820, 1, 2024/05/28, 19:52:02.251, 4333114543825, vstest.console.dll, Determined framework for all sources: .NETCoreApp,Version=v6.0
TpTrace Verbose: 0 : 21820, 1, 2024/05/28, 19:52:02.251, 4333114546480, vstest.console.dll, TestRequestManager.UpdateRunSettingsIfRequired: Default architecture: X64 IsDefaultTargetArchitecture: True, Current process architecture: X64 OperatingSystem: Windows.
TpTrace Information: 0 : 21820, 1, 2024/05/28, 19:52:02.252, 4333114559065, vstest.console.dll, AssemblyMetadataProvider.GetArchitecture: Determined architecture:AnyCPU info for assembly: C:\Users\VC\Documents\Pharmacy Manager\PharmacyManagementSolution\PharmacyUnitTest\bin\Debug\net6.0\fine-code-coverage\build-output\PharmacyUnitTest.dll
TpTrace Information: 0 : 21820, 1, 2024/05/28, 19:52:02.252, 4333114559875, vstest.console.dll, Determined platform for source 'C:\Users\VC\Documents\Pharmacy Manager\PharmacyManagementSolution\PharmacyUnitTest\bin\Debug\net6.0\fine-code-coverage\build-output\PharmacyUnitTest.dll' was AnyCPU and it will use the default plaform X64.
TpTrace Information: 0 : 21820, 1, 2024/05/28, 19:52:02.252, 4333114560099, vstest.console.dll, None of the sources provided any runnable platform, using the default platform: X64
TpTrace Information: 0 : 21820, 1, 2024/05/28, 19:52:02.252, 4333114561153, vstest.console.dll, Platform was updated to 'X64'.
TpTrace Information: 0 : 21820, 1, 2024/05/28, 19:52:02.255, 4333114586041, vstest.console.dll, InferRunSettingsHelper.IsTestSettingsEnabled: Unable to navigate to RunSettings/MSTest. Current node: RunSettings
TpTrace Information: 0 : 21820, 1, 2024/05/28, 19:52:02.256, 4333114591650, vstest.console.dll, AssemblyResolver.OnResolve: Microsoft.VisualStudio.TestPlatform.Fakes: Resolving assembly.
TpTrace Information: 0 : 21820, 1, 2024/05/28, 19:52:02.256, 4333114592245, vstest.console.dll, AssemblyResolver.OnResolve: Microsoft.VisualStudio.TestPlatform.Fakes: Searching in: 'C:\Program Files\dotnet\sdk\8.0.204\Extensions'.
TpTrace Information: 0 : 21820, 1, 2024/05/28, 19:52:02.256, 4333114593006, vstest.console.dll, AssemblyResolver.OnResolve: Microsoft.VisualStudio.TestPlatform.Fakes: Assembly path does not exist: 'C:\Program Files\dotnet\sdk\8.0.204\Extensions\Microsoft.VisualStudio.TestPlatform.Fakes.dll', returning.
TpTrace Information: 0 : 21820, 1, 2024/05/28, 19:52:02.256, 4333114593729, vstest.console.dll, AssemblyResolver.OnResolve: Microsoft.VisualStudio.TestPlatform.Fakes: Assembly path does not exist: 'C:\Program Files\dotnet\sdk\8.0.204\Extensions\Microsoft.VisualStudio.TestPlatform.Fakes.exe', returning.
TpTrace Information: 0 : 21820, 1, 2024/05/28, 19:52:02.256, 4333114593992, vstest.console.dll, AssemblyResolver.OnResolve: Microsoft.VisualStudio.TestPlatform.Fakes: Searching in: 'C:\Program Files\dotnet\sdk\8.0.204'.
TpTrace Information: 0 : 21820, 1, 2024/05/28, 19:52:02.256, 4333114594594, vstest.console.dll, AssemblyResolver.OnResolve: Microsoft.VisualStudio.TestPlatform.Fakes: Assembly path does not exist: 'C:\Program Files\dotnet\sdk\8.0.204\Microsoft.VisualStudio.TestPlatform.Fakes.dll', returning.
TpTrace Information: 0 : 21820, 1, 2024/05/28, 19:52:02.256, 4333114594974, vstest.console.dll, AssemblyResolver.OnResolve: Microsoft.VisualStudio.TestPlatform.Fakes: Assembly path does not exist: 'C:\Program Files\dotnet\sdk\8.0.204\Microsoft.VisualStudio.TestPlatform.Fakes.exe', returning.
TpTrace Information: 0 : 21820, 1, 2024/05/28, 19:52:02.256, 4333114595243, vstest.console.dll, AssemblyResolver.OnResolve: Microsoft.VisualStudio.TestPlatform.Fakes: Failed to load assembly.
TpTrace Information: 0 : 21820, 1, 2024/05/28, 19:52:02.256, 4333114597535, vstest.console.dll, Failed to load assembly Microsoft.VisualStudio.TestPlatform.Fakes, Version=17.0.0.0, Culture=neutral. Reason:System.IO.FileNotFoundException: Could not load file or assembly 'Microsoft.VisualStudio.TestPlatform.Fakes, Version=17.0.0.0, Culture=neutral, PublicKeyToken=null'. The system cannot find the file specified.
File name: 'Microsoft.VisualStudio.TestPlatform.Fakes, Version=17.0.0.0, Culture=neutral, PublicKeyToken=null'
   at System.Reflection.RuntimeAssembly.InternalLoad(AssemblyName assemblyName, StackCrawlMark& stackMark, AssemblyLoadContext assemblyLoadContext, RuntimeAssembly requestingAssembly, Boolean throwOnFileNotFound)
   at System.Reflection.Assembly.Load(AssemblyName assemblyRef)
   at Microsoft.VisualStudio.TestPlatform.Common.Utilities.FakesUtilities.LoadTestPlatformAssembly() in /_/src/Microsoft.TestPlatform.Common/Utilities/FakesUtilities.cs:line 272
TpTrace Verbose: 0 : 21820, 1, 2024/05/28, 19:52:02.259, 4333114624998, vstest.console.dll, TestPluginCache.DiscoverTestExtensions: finding test extensions in assemblies ends with: TestLogger.dll TPluginInfo: Microsoft.VisualStudio.TestPlatform.Common.ExtensionFramework.Utilities.TestLoggerPluginInformation TExtension: Microsoft.VisualStudio.TestPlatform.ObjectModel.Client.ITestLogger
TpTrace Verbose: 0 : 21820, 1, 2024/05/28, 19:52:02.259, 4333114625956, vstest.console.dll, TestPluginCache.GetExtensionPaths: Filtered extension paths: 
TpTrace Verbose: 0 : 21820, 1, 2024/05/28, 19:52:02.259, 4333114626451, vstest.console.dll, TestPluginCache.GetExtensionPaths: Added default extension paths: C:\Program Files\dotnet\sdk\8.0.204\Extensions\Microsoft.Diagnostics.NETCore.Client.dll
C:\Program Files\dotnet\sdk\8.0.204\Extensions\Microsoft.TestPlatform.Extensions.BlameDataCollector.dll
C:\Program Files\dotnet\sdk\8.0.204\Extensions\Microsoft.TestPlatform.Extensions.EventLogCollector.dll
C:\Program Files\dotnet\sdk\8.0.204\Extensions\Microsoft.TestPlatform.TestHostRuntimeProvider.dll
C:\Program Files\dotnet\sdk\8.0.204\Extensions\Microsoft.VisualStudio.TestPlatform.Extensions.Html.TestLogger.dll
C:\Program Files\dotnet\sdk\8.0.204\Extensions\Microsoft.VisualStudio.TestPlatform.Extensions.Trx.TestLogger.dll
TpTrace Verbose: 0 : 21820, 1, 2024/05/28, 19:52:02.259, 4333114626703, vstest.console.dll, TestPluginCache.GetExtensionPaths: Added unfilterableExtensionPaths: 
TpTrace Information: 0 : 21820, 1, 2024/05/28, 19:52:02.259, 4333114627962, vstest.console.dll, AssemblyResolver.AddSearchDirectories: Adding more searchDirectories C:\Program Files\dotnet\sdk\8.0.204\Extensions,C:\Program Files\dotnet\sdk\8.0.204
TpTrace Verbose: 0 : 21820, 1, 2024/05/28, 19:52:02.259, 4333114628320, vstest.console.dll, TestPluginCache.DiscoverTestExtensions: Discovering the extensions using extension path.
TpTrace Verbose: 0 : 21820, 1, 2024/05/28, 19:52:02.259, 4333114628705, vstest.console.dll, TestPluginCache.GetExtensionPaths: Filtered extension paths: 
TpTrace Verbose: 0 : 21820, 1, 2024/05/28, 19:52:02.259, 4333114628972, vstest.console.dll, TestPluginCache.GetExtensionPaths: Added default extension paths: C:\Program Files\dotnet\sdk\8.0.204\Extensions\Microsoft.Diagnostics.NETCore.Client.dll
C:\Program Files\dotnet\sdk\8.0.204\Extensions\Microsoft.TestPlatform.Extensions.BlameDataCollector.dll
C:\Program Files\dotnet\sdk\8.0.204\Extensions\Microsoft.TestPlatform.Extensions.EventLogCollector.dll
C:\Program Files\dotnet\sdk\8.0.204\Extensions\Microsoft.TestPlatform.TestHostRuntimeProvider.dll
C:\Program Files\dotnet\sdk\8.0.204\Extensions\Microsoft.VisualStudio.TestPlatform.Extensions.Html.TestLogger.dll
C:\Program Files\dotnet\sdk\8.0.204\Extensions\Microsoft.VisualStudio.TestPlatform.Extensions.Trx.TestLogger.dll
TpTrace Verbose: 0 : 21820, 1, 2024/05/28, 19:52:02.259, 4333114629195, vstest.console.dll, TestPluginCache.GetExtensionPaths: Added unfilterableExtensionPaths: 
TpTrace Verbose: 0 : 21820, 1, 2024/05/28, 19:52:02.259, 4333114629435, vstest.console.dll, TestPluginCache.DiscoverTestExtensions: Discovering the extensions using allExtensionPaths: C:\Program Files\dotnet\sdk\8.0.204\Extensions\Microsoft.Diagnostics.NETCore.Client.dll
C:\Program Files\dotnet\sdk\8.0.204\Extensions\Microsoft.TestPlatform.Extensions.BlameDataCollector.dll
C:\Program Files\dotnet\sdk\8.0.204\Extensions\Microsoft.TestPlatform.Extensions.EventLogCollector.dll
C:\Program Files\dotnet\sdk\8.0.204\Extensions\Microsoft.TestPlatform.TestHostRuntimeProvider.dll
C:\Program Files\dotnet\sdk\8.0.204\Extensions\Microsoft.VisualStudio.TestPlatform.Extensions.Html.TestLogger.dll
C:\Program Files\dotnet\sdk\8.0.204\Extensions\Microsoft.VisualStudio.TestPlatform.Extensions.Trx.TestLogger.dll
TpTrace Information: 0 : 21820, 1, 2024/05/28, 19:52:02.259, 4333114630167, vstest.console.dll, AssemblyResolver.AddSearchDirectories: Adding more searchDirectories C:\Program Files\dotnet\sdk\8.0.204\Extensions,C:\Program Files\dotnet\sdk\8.0.204
TpTrace Information: 0 : 21820, 1, 2024/05/28, 19:52:02.259, 4333114630514, vstest.console.dll, AssemblyResolver.AddSearchDirectories: Adding more searchDirectories C:\Program Files\dotnet\sdk\8.0.204\Extensions,C:\Program Files\dotnet\sdk\8.0.204
TpTrace Information: 0 : 21820, 1, 2024/05/28, 19:52:02.259, 4333114630742, vstest.console.dll, AssemblyResolver.AddSearchDirectories: Adding more searchDirectories C:\Program Files\dotnet\sdk\8.0.204\Extensions,C:\Program Files\dotnet\sdk\8.0.204
TpTrace Information: 0 : 21820, 1, 2024/05/28, 19:52:02.259, 4333114630957, vstest.console.dll, AssemblyResolver.AddSearchDirectories: Adding more searchDirectories C:\Program Files\dotnet\sdk\8.0.204\Extensions,C:\Program Files\dotnet\sdk\8.0.204
TpTrace Information: 0 : 21820, 1, 2024/05/28, 19:52:02.259, 4333114631173, vstest.console.dll, AssemblyResolver.AddSearchDirectories: Adding more searchDirectories C:\Program Files\dotnet\sdk\8.0.204\Extensions,C:\Program Files\dotnet\sdk\8.0.204
TpTrace Information: 0 : 21820, 1, 2024/05/28, 19:52:02.260, 4333114631440, vstest.console.dll, AssemblyResolver.AddSearchDirectories: Adding more searchDirectories C:\Program Files\dotnet\sdk\8.0.204\Extensions,C:\Program Files\dotnet\sdk\8.0.204
TpTrace Verbose: 0 : 21820, 1, 2024/05/28, 19:52:02.260, 4333114632302, vstest.console.dll, MetadataReaderExtensionsHelper: Discovering extensions inside assembly 'Microsoft.Diagnostics.NETCore.Client, Version=0.2.9.2401, Culture=neutral, PublicKeyToken=31bf3856ad364e35' file path 'C:\Program Files\dotnet\sdk\8.0.204\Extensions\Microsoft.Diagnostics.NETCore.Client.dll'
TpTrace Information: 0 : 21820, 1, 2024/05/28, 19:52:02.260, 4333114640456, vstest.console.dll, AssemblyResolver.OnResolve: Microsoft.Bcl.AsyncInterfaces: Resolving assembly.
TpTrace Information: 0 : 21820, 1, 2024/05/28, 19:52:02.260, 4333114641056, vstest.console.dll, AssemblyResolver.OnResolve: Microsoft.Bcl.AsyncInterfaces: Resolved from cache.
TpTrace Verbose: 0 : 21820, 1, 2024/05/28, 19:52:02.261, 4333114641374, vstest.console.dll, CurrentDomainAssemblyResolve: Resolving assembly 'Microsoft.Bcl.AsyncInterfaces'.
TpTrace Information: 0 : 21820, 1, 2024/05/28, 19:52:02.261, 4333114641762, vstest.console.dll, AssemblyResolver.OnResolve: Microsoft.Bcl.AsyncInterfaces: Resolving assembly.
TpTrace Information: 0 : 21820, 1, 2024/05/28, 19:52:02.261, 4333114642254, vstest.console.dll, AssemblyResolver.OnResolve: Microsoft.Bcl.AsyncInterfaces: Resolved from cache.
TpTrace Verbose: 0 : 21820, 1, 2024/05/28, 19:52:02.261, 4333114642553, vstest.console.dll, CurrentDomainAssemblyResolve: Resolving assembly 'Microsoft.Bcl.AsyncInterfaces'.
TpTrace Verbose: 0 : 21820, 1, 2024/05/28, 19:52:02.261, 4333114642822, vstest.console.dll, CurrentDomainAssemblyResolve: Failed to resolve assembly 'Microsoft.Bcl.AsyncInterfaces'.
TpTrace Verbose: 0 : 21820, 1, 2024/05/28, 19:52:02.261, 4333114643994, vstest.console.dll, CurrentDomainAssemblyResolve: Failed to resolve assembly 'Microsoft.Bcl.AsyncInterfaces'.
TpTrace Warning: 0 : 21820, 1, 2024/05/28, 19:52:02.261, 4333114647748, vstest.console.dll, TestPluginDiscoverer: Failed to get types from assembly 'Microsoft.Diagnostics.NETCore.Client, Version=0.2.9.2401, Culture=neutral, PublicKeyToken=31bf3856ad364e35'. Error: System.Reflection.ReflectionTypeLoadException: Unable to load one or more of the requested types.
Could not load file or assembly 'Microsoft.Bcl.AsyncInterfaces, Version=6.0.0.0, Culture=neutral, PublicKeyToken=cc7b13ffcd2ddd51'. The system cannot find the file specified.
   at System.Reflection.RuntimeModule.GetTypes(RuntimeModule module)
   at System.Reflection.RuntimeModule.GetTypes()
   at Microsoft.VisualStudio.TestPlatform.Common.ExtensionFramework.TestPluginDiscoverer.GetTestExtensionsFromAssembly[TPluginInfo,TExtension](Assembly assembly, Dictionary`2 pluginInfos, String filePath) in /_/src/Microsoft.TestPlatform.Common/ExtensionFramework/TestPluginDiscoverer.cs:line 158
System.IO.FileNotFoundException: Could not load file or assembly 'Microsoft.Bcl.AsyncInterfaces, Version=6.0.0.0, Culture=neutral, PublicKeyToken=cc7b13ffcd2ddd51'. The system cannot find the file specified.
File name: 'Microsoft.Bcl.AsyncInterfaces, Version=6.0.0.0, Culture=neutral, PublicKeyToken=cc7b13ffcd2ddd51'
 ---> System.IO.FileNotFoundException: Could not load file or assembly 'Microsoft.Bcl.AsyncInterfaces, Culture=neutral, PublicKeyToken=null'. The system cannot find the file specified.
File name: 'Microsoft.Bcl.AsyncInterfaces, Culture=neutral, PublicKeyToken=null'
   at System.Reflection.RuntimeAssembly.InternalLoad(AssemblyName assemblyName, StackCrawlMark& stackMark, AssemblyLoadContext assemblyLoadContext, RuntimeAssembly requestingAssembly, Boolean throwOnFileNotFound)
   at System.Reflection.Assembly.Load(AssemblyName assemblyRef)
   at Microsoft.VisualStudio.TestPlatform.Common.ExtensionFramework.TestPluginCache.CurrentDomainAssemblyResolve(Object sender, AssemblyResolveEventArgs args) in /_/src/Microsoft.TestPlatform.Common/ExtensionFramework/TestPluginCache.cs:line 513
   at System.Runtime.Loader.AssemblyLoadContext.GetFirstResolvedAssemblyFromResolvingEvent(AssemblyName assemblyName)
   at System.Runtime.Loader.AssemblyLoadContext.ResolveUsingEvent(AssemblyName assemblyName)
   at System.Runtime.Loader.AssemblyLoadContext.ResolveUsingResolvingEvent(IntPtr gchManagedAssemblyLoadContext, AssemblyName assemblyName)
TpTrace Warning: 0 : 21820, 1, 2024/05/28, 19:52:02.261, 4333114649993, vstest.console.dll, LoaderExceptions: System.IO.FileNotFoundException: Could not load file or assembly 'Microsoft.Bcl.AsyncInterfaces, Version=6.0.0.0, Culture=neutral, PublicKeyToken=cc7b13ffcd2ddd51'. The system cannot find the file specified.
File name: 'Microsoft.Bcl.AsyncInterfaces, Version=6.0.0.0, Culture=neutral, PublicKeyToken=cc7b13ffcd2ddd51'
 ---> System.IO.FileNotFoundException: Could not load file or assembly 'Microsoft.Bcl.AsyncInterfaces, Culture=neutral, PublicKeyToken=null'. The system cannot find the file specified.
File name: 'Microsoft.Bcl.AsyncInterfaces, Culture=neutral, PublicKeyToken=null'
   at System.Reflection.RuntimeAssembly.InternalLoad(AssemblyName assemblyName, StackCrawlMark& stackMark, AssemblyLoadContext assemblyLoadContext, RuntimeAssembly requestingAssembly, Boolean throwOnFileNotFound)
   at System.Reflection.Assembly.Load(AssemblyName assemblyRef)
   at Microsoft.VisualStudio.TestPlatform.Common.ExtensionFramework.TestPluginCache.CurrentDomainAssemblyResolve(Object sender, AssemblyResolveEventArgs args) in /_/src/Microsoft.TestPlatform.Common/ExtensionFramework/TestPluginCache.cs:line 513
   at System.Runtime.Loader.AssemblyLoadContext.GetFirstResolvedAssemblyFromResolvingEvent(AssemblyName assemblyName)
   at System.Runtime.Loader.AssemblyLoadContext.ResolveUsingEvent(AssemblyName assemblyName)
   at System.Runtime.Loader.AssemblyLoadContext.ResolveUsingResolvingEvent(IntPtr gchManagedAssemblyLoadContext, AssemblyName assemblyName)
TpTrace Verbose: 0 : 21820, 1, 2024/05/28, 19:52:02.261, 4333114650924, vstest.console.dll, MetadataReaderExtensionsHelper: Discovering extensions inside assembly 'Microsoft.TestPlatform.Extensions.BlameDataCollector, Version=15.0.0.0, Culture=neutral, PublicKeyToken=b03f5f7f11d50a3a' file path 'C:\Program Files\dotnet\sdk\8.0.204\Extensions\Microsoft.TestPlatform.Extensions.BlameDataCollector.dll'
TpTrace Information: 0 : 21820, 1, 2024/05/28, 19:52:02.262, 4333114655503, vstest.console.dll, GetTestExtensionFromType: Register extension with identifier data 'logger://Microsoft/TestPlatform/Extensions/Blame/v1' and type 'Microsoft.TestPlatform.Extensions.BlameDataCollector.BlameLogger, Microsoft.TestPlatform.Extensions.BlameDataCollector, Version=15.0.0.0, Culture=neutral, PublicKeyToken=b03f5f7f11d50a3a' inside file 'C:\Program Files\dotnet\sdk\8.0.204\Extensions\Microsoft.TestPlatform.Extensions.BlameDataCollector.dll'
TpTrace Verbose: 0 : 21820, 1, 2024/05/28, 19:52:02.262, 4333114656215, vstest.console.dll, MetadataReaderExtensionsHelper: Discovering extensions inside assembly 'Microsoft.TestPlatform.Extensions.EventLogCollector, Version=15.0.0.0, Culture=neutral, PublicKeyToken=b03f5f7f11d50a3a' file path 'C:\Program Files\dotnet\sdk\8.0.204\Extensions\Microsoft.TestPlatform.Extensions.EventLogCollector.dll'
TpTrace Verbose: 0 : 21820, 1, 2024/05/28, 19:52:02.262, 4333114658787, vstest.console.dll, MetadataReaderExtensionsHelper: Discovering extensions inside assembly 'Microsoft.TestPlatform.TestHostRuntimeProvider, Version=15.0.0.0, Culture=neutral, PublicKeyToken=b03f5f7f11d50a3a' file path 'C:\Program Files\dotnet\sdk\8.0.204\Extensions\Microsoft.TestPlatform.TestHostRuntimeProvider.dll'
TpTrace Verbose: 0 : 21820, 1, 2024/05/28, 19:52:02.263, 4333114661491, vstest.console.dll, MetadataReaderExtensionsHelper: Discovering extensions inside assembly 'Microsoft.VisualStudio.TestPlatform.Extensions.Html.TestLogger, Version=15.0.0.0, Culture=neutral, PublicKeyToken=b03f5f7f11d50a3a' file path 'C:\Program Files\dotnet\sdk\8.0.204\Extensions\Microsoft.VisualStudio.TestPlatform.Extensions.Html.TestLogger.dll'
TpTrace Information: 0 : 21820, 1, 2024/05/28, 19:52:02.263, 4333114666240, vstest.console.dll, GetTestExtensionFromType: Register extension with identifier data 'logger://Microsoft/TestPlatform/HtmlLogger/v1' and type 'Microsoft.VisualStudio.TestPlatform.Extensions.HtmlLogger.HtmlLogger, Microsoft.VisualStudio.TestPlatform.Extensions.Html.TestLogger, Version=15.0.0.0, Culture=neutral, PublicKeyToken=b03f5f7f11d50a3a' inside file 'C:\Program Files\dotnet\sdk\8.0.204\Extensions\Microsoft.VisualStudio.TestPlatform.Extensions.Html.TestLogger.dll'
TpTrace Verbose: 0 : 21820, 1, 2024/05/28, 19:52:02.263, 4333114667200, vstest.console.dll, MetadataReaderExtensionsHelper: Discovering extensions inside assembly 'Microsoft.VisualStudio.TestPlatform.Extensions.Trx.TestLogger, Version=15.0.0.0, Culture=neutral, PublicKeyToken=b03f5f7f11d50a3a' file path 'C:\Program Files\dotnet\sdk\8.0.204\Extensions\Microsoft.VisualStudio.TestPlatform.Extensions.Trx.TestLogger.dll'
TpTrace Information: 0 : 21820, 1, 2024/05/28, 19:52:02.263, 4333114670578, vstest.console.dll, GetTestExtensionFromType: Register extension with identifier data 'logger://Microsoft/TestPlatform/TrxLogger/v1' and type 'Microsoft.VisualStudio.TestPlatform.Extensions.TrxLogger.TrxLogger, Microsoft.VisualStudio.TestPlatform.Extensions.Trx.TestLogger, Version=15.0.0.0, Culture=neutral, PublicKeyToken=b03f5f7f11d50a3a' inside file 'C:\Program Files\dotnet\sdk\8.0.204\Extensions\Microsoft.VisualStudio.TestPlatform.Extensions.Trx.TestLogger.dll'
TpTrace Verbose: 0 : 21820, 1, 2024/05/28, 19:52:02.263, 4333114671182, vstest.console.dll, TestPluginCache: Discovered the extensions using extension path ''.
TpTrace Verbose: 0 : 21820, 1, 2024/05/28, 19:52:02.264, 4333114671407, vstest.console.dll, TestPluginCache: Discoverers are ''.
TpTrace Verbose: 0 : 21820, 1, 2024/05/28, 19:52:02.264, 4333114671603, vstest.console.dll, TestPluginCache: Executors are ''.
TpTrace Verbose: 0 : 21820, 1, 2024/05/28, 19:52:02.264, 4333114671839, vstest.console.dll, TestPluginCache: Executors2 are ''.
TpTrace Verbose: 0 : 21820, 1, 2024/05/28, 19:52:02.264, 4333114672082, vstest.console.dll, TestPluginCache: Setting providers are ''.
TpTrace Verbose: 0 : 21820, 1, 2024/05/28, 19:52:02.264, 4333114673665, vstest.console.dll, TestPluginCache: Loggers are 'logger://Microsoft/TestPlatform/Extensions/Blame/v1,logger://Microsoft/TestPlatform/HtmlLogger/v1,logger://Microsoft/TestPlatform/TrxLogger/v1'.
TpTrace Verbose: 0 : 21820, 1, 2024/05/28, 19:52:02.264, 4333114674151, vstest.console.dll, TestPluginCache: TestHosts are 'HostProvider://DefaultTestHost,HostProvider://DotnetTestHost'.
TpTrace Verbose: 0 : 21820, 1, 2024/05/28, 19:52:02.264, 4333114674451, vstest.console.dll, TestPluginCache: DataCollectors are ''.
TpTrace Information: 0 : 21820, 1, 2024/05/28, 19:52:02.264, 4333114680700, vstest.console.dll, TestPluginManager.CreateTestExtension: Attempting to load test extension: Microsoft.TestPlatform.Extensions.BlameDataCollector.BlameLogger
TpTrace Verbose: 0 : 21820, 1, 2024/05/28, 19:52:02.270, 4333114734847, vstest.console.dll, TestEngine: Initializing Parallel Execution as MaxCpuCount is set to: 1
TpTrace Information: 0 : 21820, 1, 2024/05/28, 19:52:02.271, 4333114747313, vstest.console.dll, TestPluginManager.CreateTestExtension: Attempting to load test extension: Microsoft.VisualStudio.TestPlatform.CrossPlatEngine.Hosting.DefaultTestHostManager
TpTrace Information: 0 : 21820, 1, 2024/05/28, 19:52:02.272, 4333114754733, vstest.console.dll, TestPluginManager.CreateTestExtension: Attempting to load test extension: Microsoft.VisualStudio.TestPlatform.CrossPlatEngine.Hosting.DotnetTestHostManager
TpTrace Information: 0 : 21820, 1, 2024/05/28, 19:52:02.272, 4333114758662, vstest.console.dll, InferRunSettingsHelper.IsTestSettingsEnabled: Unable to navigate to RunSettings/MSTest. Current node: RunSettings
TpTrace Verbose: 0 : 21820, 1, 2024/05/28, 19:52:02.273, 4333114765962, vstest.console.dll, ParallelOperationManager.ClearSlots: Clearing all slots. Slots should accept more work: True
TpTrace Verbose: 0 : 21820, 1, 2024/05/28, 19:52:02.273, 4333114770427, vstest.console.dll, ParallelOperationManager.SetOccupiedSlotCount: Setting slot counts AvailableSlotCount = 1, OccupiedSlotCount = 0.
TpTrace Verbose: 0 : 21820, 1, 2024/05/28, 19:52:02.274, 4333114772429, vstest.console.dll, Occupied slots:

TpTrace Verbose: 0 : 21820, 1, 2024/05/28, 19:52:02.276, 4333114794230, vstest.console.dll, TestEngine.GetExecutionManager: Chosen execution manager 'Microsoft.VisualStudio.TestPlatform.CrossPlatEngine.Client.Parallel.ParallelProxyExecutionManager, Microsoft.TestPlatform.CrossPlatEngine, Version=15.0.0.0, Culture=neutral, PublicKeyToken=b03f5f7f11d50a3a' ParallelLevel '1'.
TpTrace Verbose: 0 : 21820, 1, 2024/05/28, 19:52:02.276, 4333114795179, vstest.console.dll, TestRunRequest.ExecuteAsync: Creating test run request.
TpTrace Verbose: 0 : 21820, 1, 2024/05/28, 19:52:02.276, 4333114796722, vstest.console.dll, TestRunRequest.ExecuteAsync: Starting.
TpTrace Information: 0 : 21820, 1, 2024/05/28, 19:52:02.277, 4333114805358, vstest.console.dll, TestRunRequest.ExecuteAsync: Starting run with settings:TestRunCriteria:
   KeepAlive=False,FrequencyOfRunStatsChangeEvent=10,RunStatsChangeEventTimeout=00:00:01.5000000,TestCaseFilter=,TestExecutorLauncher=
   Settingsxml=<RunSettings>
  <RunConfiguration>
    <ResultsDirectory>C:\Users\VC\Documents\Pharmacy Manager\PharmacyManagementSolution\PharmacyUnitTest\bin\Debug\net6.0\fine-code-coverage\coverage-tool-output</ResultsDirectory>
    <TargetPlatform>X64</TargetPlatform>
    <TargetFrameworkVersion>.NETCoreApp,Version=v6.0</TargetFrameworkVersion>
    <DesignMode>False</DesignMode>
    <CollectSourceInformation>False</CollectSourceInformation>
  </RunConfiguration>
  <LoggerRunSettings>
    <Loggers>
      <Logger friendlyName="blame" enabled="True" />
      <Logger friendlyName="Console" uri="logger://microsoft/TestPlatform/ConsoleLogger/v1" assemblyQualifiedName="Microsoft.VisualStudio.TestPlatform.CommandLine.Internal.ConsoleLogger, vstest.console, Version=15.0.0.0, Culture=neutral, PublicKeyToken=b03f5f7f11d50a3a" codeBase="C:\Program Files\dotnet\sdk\8.0.204\vstest.console.dll" enabled="True" />
    </Loggers>
  </LoggerRunSettings>
  <DataCollectionRunSettings>
    <DataCollectors>
      <DataCollector friendlyName="blame" enabled="True">
        <Configuration>
          <ResultsDirectory>C:\Users\VC\Documents\Pharmacy Manager\PharmacyManagementSolution\PharmacyUnitTest\bin\Debug\net6.0\fine-code-coverage\coverage-tool-output</ResultsDirectory>
        </Configuration>
      </DataCollector>
    </DataCollectors>
  </DataCollectionRunSettings>
</RunSettings>

TpTrace Verbose: 0 : 21820, 1, 2024/05/28, 19:52:02.277, 4333114805879, vstest.console.dll, TestRunRequest.ExecuteAsync: Wait for the first run request is over.
TpTrace Verbose: 0 : 21820, 1, 2024/05/28, 19:52:02.277, 4333114809392, vstest.console.dll, MulticastDelegateUtilities.SafeInvoke: TestRun.TestRunStart: Invoking callbacks was skipped because there are no subscribers.
TpTrace Verbose: 0 : 21820, 4, 2024/05/28, 19:52:02.277, 4333114811312, vstest.console.dll, MulticastDelegateUtilities.SafeInvoke: InternalTestLoggerEvents.SendTestRunStart: Invoking callback 1/1 for Microsoft.VisualStudio.TestPlatform.CommandLine.Internal.ConsoleLogger., took 0 ms.
TpTrace Verbose: 0 : 21820, 1, 2024/05/28, 19:52:02.278, 4333114817897, vstest.console.dll, ParallelProxyExecutionManager: Start execution. Total sources: 1
TpTrace Verbose: 0 : 21820, 1, 2024/05/28, 19:52:02.278, 4333114820649, vstest.console.dll, ParallelOperationManager.StartWork: Starting adding 1 workloads.
TpTrace Verbose: 0 : 21820, 1, 2024/05/28, 19:52:02.278, 4333114821209, vstest.console.dll, ParallelOperationManager.ClearSlots: Clearing all slots. Slots should accept more work: True
TpTrace Verbose: 0 : 21820, 1, 2024/05/28, 19:52:02.279, 4333114821757, vstest.console.dll, ParallelOperationManager.SetOccupiedSlotCount: Setting slot counts AvailableSlotCount = 1, OccupiedSlotCount = 0.
TpTrace Verbose: 0 : 21820, 1, 2024/05/28, 19:52:02.279, 4333114822126, vstest.console.dll, Occupied slots:

TpTrace Verbose: 0 : 21820, 1, 2024/05/28, 19:52:02.280, 4333114832671, vstest.console.dll, TestRequestSender is acting as server.
TpTrace Verbose: 0 : 21820, 1, 2024/05/28, 19:52:02.281, 4333114844013, vstest.console.dll, ParallelOperationManager.RunWorkInParallel: Adding 1 workload to slot, remaining workloads 0.
TpTrace Verbose: 0 : 21820, 1, 2024/05/28, 19:52:02.281, 4333114844534, vstest.console.dll, ParallelOperationManager.SetOccupiedSlotCount: Setting slot counts AvailableSlotCount = 0, OccupiedSlotCount = 1.
TpTrace Verbose: 0 : 21820, 1, 2024/05/28, 19:52:02.281, 4333114845277, vstest.console.dll, Occupied slots:
0: C:\Users\VC\Documents\Pharmacy Manager\PharmacyManagementSolution\PharmacyUnitTest\bin\Debug\net6.0\fine-code-coverage\build-output\PharmacyUnitTest.dll
TpTrace Verbose: 0 : 21820, 1, 2024/05/28, 19:52:02.282, 4333114852768, vstest.console.dll, ParallelOperationManager.RunWorkInParallel: Started host in slot number 0 for work (source): C:\Users\VC\Documents\Pharmacy Manager\PharmacyManagementSolution\PharmacyUnitTest\bin\Debug\net6.0\fine-code-coverage\build-output\PharmacyUnitTest.dll.
TpTrace Verbose: 0 : 21820, 1, 2024/05/28, 19:52:02.283, 4333114862493, vstest.console.dll, ParallelOperationManager.RunWorkInParallel: We started 1 work items, which is the max parallel level. Won't start more work.
TpTrace Verbose: 0 : 21820, 1, 2024/05/28, 19:52:02.283, 4333114863288, vstest.console.dll, ParallelOperationManager.RunWorkInParallel: We started 1 work items in here, returning True.
TpTrace Information: 0 : 21820, 1, 2024/05/28, 19:52:02.283, 4333114863721, vstest.console.dll, TestRunRequest.ExecuteAsync: Started.
TpTrace Verbose: 0 : 21820, 5, 2024/05/28, 19:52:02.283, 4333114864250, vstest.console.dll, ParallelProxyExecutionManager.StartTestRunOnConcurrentManager: Initializing uninitialized client. Started clients: 0
TpTrace Verbose: 0 : 21820, 5, 2024/05/28, 19:52:02.283, 4333114866272, vstest.console.dll, DataCollectionRequestSender.InitializeCommunication : Initialize communication. 
TpTrace Verbose: 0 : 21820, 1, 2024/05/28, 19:52:02.283, 4333114869010, vstest.console.dll, TestRunRequest.WaitForCompletion: Waiting with timeout -1.
TpTrace Information: 0 : 21820, 5, 2024/05/28, 19:52:02.289, 4333114930846, vstest.console.dll, Listening on Endpoint : 127.0.0.1:56730
TpTrace Verbose: 0 : 21820, 5, 2024/05/28, 19:52:02.295, 4333114984968, vstest.console.dll, DotnetDataCollectionLauncher: Adding  --runtimeconfig "C:\Program Files\dotnet\sdk\8.0.204\datacollector.runtimeconfig.json" in args
TpTrace Verbose: 0 : 21820, 5, 2024/05/28, 19:52:02.295, 4333114986317, vstest.console.dll, DotnetDataCollectionLauncher: Adding  --depsfile "C:\Program Files\dotnet\sdk\8.0.204\datacollector.deps.json" in args
TpTrace Verbose: 0 : 21820, 5, 2024/05/28, 19:52:02.296, 4333114992045, vstest.console.dll, DotnetDataCollectionLauncher: Full path of dotnet.exe is C:\Program Files\dotnet\dotnet.exe
TpTrace Information: 0 : 21820, 5, 2024/05/28, 19:52:02.302, 4333115053736, vstest.console.dll, ProxyDataCollectionManager.Initialize: Launched datacollector processId: 29092 port: 56730
TpTrace Information: 0 : 21820, 5, 2024/05/28, 19:52:02.302, 4333115055559, vstest.console.dll, ProxyDataCollectionManager.Initialize: waiting for connection with timeout: 90 seconds
TpTrace Verbose: 0 : 21820, 5, 2024/05/28, 19:52:02.302, 4333115056218, vstest.console.dll, DataCollectionRequestSender.WaitForRequestHandlerConnection : Waiting for connection with timeout: 90000
TpTrace Information: 0 : 21820, 7, 2024/05/28, 19:52:02.448, 4333116520035, vstest.console.dll, Using the buffer size of 16384 bytes
TpTrace Verbose: 0 : 21820, 5, 2024/05/28, 19:52:02.448, 4333116520496, vstest.console.dll, SocketCommunicationManager.WaitForClientConnection took: 146 ms, with 90000 ms timeout, and finished with True.
TpTrace Information: 0 : 21820, 7, 2024/05/28, 19:52:02.449, 4333116521555, vstest.console.dll, Accepted Client request and set the flag
TpTrace Verbose: 0 : 21820, 5, 2024/05/28, 19:52:02.449, 4333116522888, vstest.console.dll, ProxyDataCollectionManager.InvokeDataCollectionServiceAction: Starting.
TpTrace Information: 0 : 21820, 5, 2024/05/28, 19:52:02.449, 4333116523818, vstest.console.dll, ProxyDataCollectionManager.BeforeTestRunStart: Get environment variable and port for datacollector processId: 29092 port: 56730
TpTrace Verbose: 0 : 21820, 5, 2024/05/28, 19:52:02.449, 4333116525096, vstest.console.dll, DataCollectionRequestSender.SendBeforeTestRunStartAndGetResult: Send BeforeTestRunStart message with settingsXml <RunSettings><RunConfiguration><ResultsDirectory>C:\Users\VC\Documents\Pharmacy Manager\PharmacyManagementSolution\PharmacyUnitTest\bin\Debug\net6.0\fine-code-coverage\coverage-tool-output</ResultsDirectory><TargetPlatform>X64</TargetPlatform><TargetFrameworkVersion>.NETCoreApp,Version=v6.0</TargetFrameworkVersion><DesignMode>False</DesignMode><CollectSourceInformation>False</CollectSourceInformation><TestAdaptersPaths>C:\Program Files\dotnet\sdk\8.0.204\Extensions</TestAdaptersPaths></RunConfiguration><LoggerRunSettings><Loggers><Logger friendlyName="blame" enabled="True" /><Logger friendlyName="Console" uri="logger://microsoft/TestPlatform/ConsoleLogger/v1" assemblyQualifiedName="Microsoft.VisualStudio.TestPlatform.CommandLine.Internal.ConsoleLogger, vstest.console, Version=15.0.0.0, Culture=neutral, PublicKeyToken=b03f5f7f11d50a3a" codeBase="C:\Program Files\dotnet\sdk\8.0.204\vstest.console.dll" enabled="True" /></Loggers></LoggerRunSettings><DataCollectionRunSettings><DataCollectors><DataCollector friendlyName="blame" enabled="True"><Configuration><ResultsDirectory>C:\Users\VC\Documents\Pharmacy Manager\PharmacyManagementSolution\PharmacyUnitTest\bin\Debug\net6.0\fine-code-coverage\coverage-tool-output</ResultsDirectory></Configuration></DataCollector></DataCollectors></DataCollectionRunSettings></RunSettings> and sources System.Collections.Generic.List`1[System.String]: 
TpTrace Verbose: 0 : 21820, 5, 2024/05/28, 19:52:02.487, 4333116902231, vstest.console.dll, DataCollectionRequestSender.SendBeforeTestRunStartAndGetResult: Received message: (DataCollection.SendMessage) -> {"MessageType":"DataCollection.SendMessage","Payload":{"FriendlyName":null,"Uri":null,"TestCaseId":"00000000-0000-0000-0000-000000000000","Message":"Logging DataCollector Diagnostics in file: C:\\Users\\VC\\Documents\\Pharmacy Manager\\PharmacyManagementSolution\\PharmacyUnitTest\\bin\\Debug\\net6.0\\fine-code-coverage\\coverage-tool-output\\diagnostics.datacollector.24-05-28_19-52-02_29510_5.log","Level":0}}
TpTrace Verbose: 0 : 21820, 5, 2024/05/28, 19:52:02.546, 4333117496912, vstest.console.dll, DataCollectionRequestSender.SendBeforeTestRunStartAndGetResult: Received message: (DataCollection.BeforeTestRunStartResult) -> {"MessageType":"DataCollection.BeforeTestRunStartResult","Payload":{"EnvironmentVariables":{},"DataCollectionEventsPort":56732}}
TpTrace Information: 0 : 21820, 5, 2024/05/28, 19:52:02.549, 4333117527618, vstest.console.dll, ProxyDataCollectionManager.BeforeTestRunStart: SendBeforeTestRunStartAndGetResult successful, env variable from datacollector:   and testhost port: 56732
TpTrace Information: 0 : 21820, 5, 2024/05/28, 19:52:02.549, 4333117528581, vstest.console.dll, ProxyDataCollectionManager.InvokeDataCollectionServiceAction: Completed.
TpTrace Verbose: 0 : 21820, 5, 2024/05/28, 19:52:02.549, 4333117528993, vstest.console.dll, ParallelProxyExecutionManager.StartTestRunOnConcurrentManager: Initializing test run. Started clients: 0
TpTrace Verbose: 0 : 21820, 5, 2024/05/28, 19:52:02.549, 4333117529654, vstest.console.dll, ProxyExecutionManager: Test host is always Lazy initialize.
TpTrace Verbose: 0 : 21820, 5, 2024/05/28, 19:52:02.549, 4333117531245, vstest.console.dll, TestRequestSender.InitializeCommunication: initialize communication. 
TpTrace Information: 0 : 21820, 5, 2024/05/28, 19:52:02.550, 4333117535354, vstest.console.dll, SocketServer.Start: Listening on endpoint : 127.0.0.1:56733
TpTrace Verbose: 0 : 21820, 5, 2024/05/28, 19:52:02.550, 4333117540879, vstest.console.dll, DotnetTestHostmanager.GetTestHostProcessStartInfo: Platform environment 'X64' target architecture 'X64' framework '.NETCoreApp,Version=v6.0' OS 'Windows'
TpTrace Verbose: 0 : 21820, 5, 2024/05/28, 19:52:02.551, 4333117542832, vstest.console.dll, DotnetTestHostmanager: Adding  --runtimeconfig "C:\Users\VC\Documents\Pharmacy Manager\PharmacyManagementSolution\PharmacyUnitTest\bin\Debug\net6.0\fine-code-coverage\build-output\PharmacyUnitTest.runtimeconfig.json" in args
TpTrace Verbose: 0 : 21820, 5, 2024/05/28, 19:52:02.551, 4333117543577, vstest.console.dll, DotnetTestHostmanager: Adding  --depsfile "C:\Users\VC\Documents\Pharmacy Manager\PharmacyManagementSolution\PharmacyUnitTest\bin\Debug\net6.0\fine-code-coverage\build-output\PharmacyUnitTest.deps.json" in args
TpTrace Verbose: 0 : 21820, 5, 2024/05/28, 19:52:02.551, 4333117545537, vstest.console.dll, DotnetTestHostmanager.IsWinOnArm: Current PROCESSOR_ARCHITECTURE from environment variable 'AMD64'
TpTrace Verbose: 0 : 21820, 5, 2024/05/28, 19:52:02.551, 4333117546025, vstest.console.dll, DotnetTestHostmanager.IsWinOnArm: Is Windows on ARM 'False'
TpTrace Verbose: 0 : 21820, 5, 2024/05/28, 19:52:02.551, 4333117546795, vstest.console.dll, DotnetTestHostManager: testhost.exe found at path: C:\Users\VC\Documents\Pharmacy Manager\PharmacyManagementSolution\PharmacyUnitTest\bin\Debug\net6.0\fine-code-coverage\build-output\testhost.exe
TpTrace Verbose: 0 : 21820, 5, 2024/05/28, 19:52:02.551, 4333117547117, vstest.console.dll, DotnetTestHostmanager: Full path of host exe is C:\Users\VC\Documents\Pharmacy Manager\PharmacyManagementSolution\PharmacyUnitTest\bin\Debug\net6.0\fine-code-coverage\build-output\testhost.exe
TpTrace Verbose: 0 : 21820, 5, 2024/05/28, 19:52:02.551, 4333117548054, vstest.console.dll, DotnetTestHostmanager.LaunchTestHostAsync: Found 'VSTEST_WINAPPHOST_DOTNET_ROOT' in env variables, value 'C:\Program Files\dotnet', forwarding to 'DOTNET_ROOT'
TpTrace Verbose: 0 : 21820, 5, 2024/05/28, 19:52:02.551, 4333117549004, vstest.console.dll, DotnetTestHostManager: Starting process 'C:\Users\VC\Documents\Pharmacy Manager\PharmacyManagementSolution\PharmacyUnitTest\bin\Debug\net6.0\fine-code-coverage\build-output\testhost.exe' with command line ' --runtimeconfig "C:\Users\VC\Documents\Pharmacy Manager\PharmacyManagementSolution\PharmacyUnitTest\bin\Debug\net6.0\fine-code-coverage\build-output\PharmacyUnitTest.runtimeconfig.json" --depsfile "C:\Users\VC\Documents\Pharmacy Manager\PharmacyManagementSolution\PharmacyUnitTest\bin\Debug\net6.0\fine-code-coverage\build-output\PharmacyUnitTest.deps.json" --port 56733 --endpoint 127.0.0.1:056733 --role client --parentprocessid 21820 --diag "C:\Users\VC\Documents\Pharmacy Manager\PharmacyManagementSolution\PharmacyUnitTest\bin\Debug\net6.0\fine-code-coverage\coverage-tool-output\diagnostics.host.24-05-28_19-52-02_55067_5.log" --tracelevel 4 --datacollectionport 56732 --telemetryoptedin false'
TpTrace Verbose: 0 : 21820, 5, 2024/05/28, 19:52:02.556, 4333117593120, vstest.console.dll, MulticastDelegateUtilities.SafeInvoke: HostProviderEvents.OnHostLaunched: Invoking callback 1/2 for Microsoft.VisualStudio.TestPlatform.CrossPlatEngine.Client.ProxyExecutionManagerWithDataCollection., took 0 ms.
TpTrace Verbose: 0 : 21820, 5, 2024/05/28, 19:52:02.556, 4333117595846, vstest.console.dll, Test Runtime launched
TpTrace Verbose: 0 : 21820, 5, 2024/05/28, 19:52:02.556, 4333117596409, vstest.console.dll, MulticastDelegateUtilities.SafeInvoke: HostProviderEvents.OnHostLaunched: Invoking callback 2/2 for Microsoft.VisualStudio.TestPlatform.CrossPlatEngine.Client.ProxyOperationManager., took 0 ms.
TpTrace Verbose: 0 : 21820, 5, 2024/05/28, 19:52:02.556, 4333117597546, vstest.console.dll, TestRequestSender.WaitForRequestHandlerConnection: waiting for connection with timeout: 90000.
TpTrace Verbose: 0 : 21820, 5, 2024/05/28, 19:52:02.721, 4333119250426, vstest.console.dll, TestRequestSender.WaitForRequestHandlerConnection: waiting took 165 ms, with timeout 90000 ms, and result 0, which is success.
TpTrace Verbose: 0 : 21820, 7, 2024/05/28, 19:52:02.721, 4333119250426, vstest.console.dll, MulticastDelegateUtilities.SafeInvoke: SocketServer: ClientConnected: Invoking callback 1/1 for Microsoft.VisualStudio.TestPlatform.CommunicationUtilities.TestRequestSender., took 0 ms.
TpTrace Verbose: 0 : 21820, 7, 2024/05/28, 19:52:02.722, 4333119252689, vstest.console.dll, SocketServer.OnClientConnected: Client connected for endPoint: 127.0.0.1:56733, starting MessageLoopAsync:
TpTrace Verbose: 0 : 21820, 13, 2024/05/28, 19:52:02.722, 4333119259481, vstest.console.dll, TcpClientExtensions.MessageLoopAsync: Polling on remoteEndPoint: 127.0.0.1:56734 localEndPoint: 127.0.0.1:56733 after 0 ms
TpTrace Verbose: 0 : 21820, 5, 2024/05/28, 19:52:02.723, 4333119263792, vstest.console.dll, TestRequestSender.CheckVersionWithTestHost: Sending check version message: {"MessageType":"ProtocolVersion","Payload":7}
TpTrace Verbose: 0 : 21820, 13, 2024/05/28, 19:52:02.840, 4333120438840, vstest.console.dll, TcpClientExtensions.MessageLoopAsync: NotifyDataAvailable remoteEndPoint: 127.0.0.1:56734 localEndPoint: 127.0.0.1:56733
TpTrace Verbose: 0 : 21820, 13, 2024/05/28, 19:52:02.841, 4333120442991, vstest.console.dll, TestRequestSender.CheckVersionWithTestHost: onMessageReceived received message: (ProtocolVersion) -> {"MessageType":"ProtocolVersion","Payload":7}
TpTrace Verbose: 0 : 21820, 13, 2024/05/28, 19:52:02.841, 4333120449703, vstest.console.dll, MulticastDelegateUtilities.SafeInvoke: LengthPrefixCommunicationChannel: MessageReceived: Invoking callback 1/1 for Microsoft.VisualStudio.TestPlatform.CommunicationUtilities.TestRequestSender+<>c__DisplayClass29_0., took 0 ms.
TpTrace Verbose: 0 : 21820, 13, 2024/05/28, 19:52:02.841, 4333120450740, vstest.console.dll, TcpClientExtensions.MessageLoopAsync: Polling on remoteEndPoint: 127.0.0.1:56734 localEndPoint: 127.0.0.1:56733 after 119 ms
TpTrace Verbose: 0 : 21820, 5, 2024/05/28, 19:52:02.841, 4333120451068, vstest.console.dll, TestPluginCache.GetExtensionPaths: Filtered extension paths: 
TpTrace Verbose: 0 : 21820, 5, 2024/05/28, 19:52:02.842, 4333120452033, vstest.console.dll, TestPluginCache.GetExtensionPaths: Added default extension paths: C:\Program Files\dotnet\sdk\8.0.204\Extensions\Microsoft.Diagnostics.NETCore.Client.dll
C:\Program Files\dotnet\sdk\8.0.204\Extensions\Microsoft.TestPlatform.Extensions.BlameDataCollector.dll
C:\Program Files\dotnet\sdk\8.0.204\Extensions\Microsoft.TestPlatform.Extensions.EventLogCollector.dll
C:\Program Files\dotnet\sdk\8.0.204\Extensions\Microsoft.TestPlatform.TestHostRuntimeProvider.dll
C:\Program Files\dotnet\sdk\8.0.204\Extensions\Microsoft.VisualStudio.TestPlatform.Extensions.Html.TestLogger.dll
C:\Program Files\dotnet\sdk\8.0.204\Extensions\Microsoft.VisualStudio.TestPlatform.Extensions.Trx.TestLogger.dll
TpTrace Verbose: 0 : 21820, 5, 2024/05/28, 19:52:02.842, 4333120452592, vstest.console.dll, TestPluginCache.GetExtensionPaths: Added unfilterableExtensionPaths: 
TpTrace Verbose: 0 : 21820, 5, 2024/05/28, 19:52:02.846, 4333120500061, vstest.console.dll, TestRequestSender.InitializeExecution: Sending initialize execution with message: {"Version":7,"MessageType":"TestExecution.Initialize","Payload":["C:\\Users\\VC\\Documents\\Pharmacy Manager\\PharmacyManagementSolution\\PharmacyUnitTest\\bin\\Debug\\net6.0\\fine-code-coverage\\build-output\\NUnit3.TestAdapter.dll"]}
TpTrace Verbose: 0 : 21820, 5, 2024/05/28, 19:52:02.847, 4333120503382, vstest.console.dll, ParallelProxyExecutionManager.StartTestRunOnConcurrentManager: Execution starting. Started clients: 1
TpTrace Verbose: 0 : 21820, 13, 2024/05/28, 19:52:02.847, 4333120506892, vstest.console.dll, TcpClientExtensions.MessageLoopAsync: NotifyDataAvailable remoteEndPoint: 127.0.0.1:56734 localEndPoint: 127.0.0.1:56733
TpTrace Verbose: 0 : 21820, 5, 2024/05/28, 19:52:02.847, 4333120507506, vstest.console.dll, TestRunRequest:SendTestRunMessage: Starting.
TpTrace Verbose: 0 : 21820, 5, 2024/05/28, 19:52:02.847, 4333120510203, vstest.console.dll, MulticastDelegateUtilities.SafeInvoke: TestRun.LogMessages: Invoking callback 1/1 for Microsoft.VisualStudio.TestPlatform.CommandLine.TestRunResultAggregator., took 0 ms.
TpTrace Verbose: 0 : 21820, 4, 2024/05/28, 19:52:02.847, 4333120510202, vstest.console.dll, MulticastDelegateUtilities.SafeInvoke: InternalTestLoggerEvents.SendTestRunMessage: Invoking callback 1/1 for Microsoft.VisualStudio.TestPlatform.CommandLine.Internal.ConsoleLogger., took 0 ms.
TpTrace Information: 0 : 21820, 5, 2024/05/28, 19:52:02.847, 4333120511014, vstest.console.dll, TestRunRequest:SendTestRunMessage: Completed.
TpTrace Warning: 0 : 21820, 5, 2024/05/28, 19:52:02.848, 4333120517717, vstest.console.dll, InferRunSettingsHelper.MakeRunsettingsCompatible: Removing the following settings: TargetPlatform from RunSettings file. To use those settings please move to latest version of Microsoft.NET.Test.Sdk
TpTrace Verbose: 0 : 21820, 13, 2024/05/28, 19:52:02.849, 4333120531385, vstest.console.dll, TestRequestSender.OnExecutionMessageReceived: Received message: {"Version":7,"MessageType":"TestSession.Message","Payload":{"MessageLevel":0,"Message":"Logging TestHost Diagnostics in file: C:\\Users\\VC\\Documents\\Pharmacy Manager\\PharmacyManagementSolution\\PharmacyUnitTest\\bin\\Debug\\net6.0\\fine-code-coverage\\coverage-tool-output\\diagnostics.host.24-05-28_19-52-02_55067_5.log"}}
TpTrace Verbose: 0 : 21820, 13, 2024/05/28, 19:52:02.854, 4333120574145, vstest.console.dll, TestRunRequest:SendTestRunMessage: Starting.
TpTrace Verbose: 0 : 21820, 13, 2024/05/28, 19:52:02.854, 4333120578430, vstest.console.dll, MulticastDelegateUtilities.SafeInvoke: TestRun.LogMessages: Invoking callback 1/1 for Microsoft.VisualStudio.TestPlatform.CommandLine.TestRunResultAggregator., took 0 ms.
TpTrace Verbose: 0 : 21820, 4, 2024/05/28, 19:52:02.854, 4333120578582, vstest.console.dll, MulticastDelegateUtilities.SafeInvoke: InternalTestLoggerEvents.SendTestRunMessage: Invoking callback 1/1 for Microsoft.VisualStudio.TestPlatform.CommandLine.Internal.ConsoleLogger., took 0 ms.
TpTrace Information: 0 : 21820, 13, 2024/05/28, 19:52:02.854, 4333120579494, vstest.console.dll, TestRunRequest:SendTestRunMessage: Completed.
TpTrace Verbose: 0 : 21820, 13, 2024/05/28, 19:52:02.854, 4333120580874, vstest.console.dll, MulticastDelegateUtilities.SafeInvoke: LengthPrefixCommunicationChannel: MessageReceived: Invoking callback 1/1 for Microsoft.VisualStudio.TestPlatform.CommunicationUtilities.TestRequestSender+<>c__DisplayClass34_0., took 5 ms.
TpTrace Verbose: 0 : 21820, 13, 2024/05/28, 19:52:02.855, 4333120581411, vstest.console.dll, TcpClientExtensions.MessageLoopAsync: Polling on remoteEndPoint: 127.0.0.1:56734 localEndPoint: 127.0.0.1:56733 after 13 ms
TpTrace Verbose: 0 : 21820, 5, 2024/05/28, 19:52:02.860, 4333120636442, vstest.console.dll, TestRequestSender.StartTestRun: Sending test run with message: {"Version":7,"MessageType":"TestExecution.StartWithSources","Payload":{"AdapterSourceMap":{"_none_":["C:\\Users\\VC\\Documents\\Pharmacy Manager\\PharmacyManagementSolution\\PharmacyUnitTest\\bin\\Debug\\net6.0\\fine-code-coverage\\build-output\\PharmacyUnitTest.dll"]},"RunSettings":"<RunSettings>\r\n  <RunConfiguration>\r\n    <ResultsDirectory>C:\\Users\\VC\\Documents\\Pharmacy Manager\\PharmacyManagementSolution\\PharmacyUnitTest\\bin\\Debug\\net6.0\\fine-code-coverage\\coverage-tool-output</ResultsDirectory>\r\n    <TargetFrameworkVersion>.NETCoreApp,Version=v6.0</TargetFrameworkVersion>\r\n    <DesignMode>False</DesignMode>\r\n    <CollectSourceInformation>False</CollectSourceInformation>\r\n  </RunConfiguration>\r\n  <LoggerRunSettings>\r\n    <Loggers>\r\n      <Logger friendlyName=\"blame\" enabled=\"True\" />\r\n      <Logger friendlyName=\"Console\" uri=\"logger://microsoft/TestPlatform/ConsoleLogger/v1\" assemblyQualifiedName=\"Microsoft.VisualStudio.TestPlatform.CommandLine.Internal.ConsoleLogger, vstest.console, Version=15.0.0.0, Culture=neutral, PublicKeyToken=b03f5f7f11d50a3a\" codeBase=\"C:\\Program Files\\dotnet\\sdk\\8.0.204\\vstest.console.dll\" enabled=\"True\" />\r\n    </Loggers>\r\n  </LoggerRunSettings>\r\n  <DataCollectionRunSettings>\r\n    <DataCollectors>\r\n      <DataCollector friendlyName=\"blame\" enabled=\"True\">\r\n        <Configuration>\r\n          <ResultsDirectory>C:\\Users\\VC\\Documents\\Pharmacy Manager\\PharmacyManagementSolution\\PharmacyUnitTest\\bin\\Debug\\net6.0\\fine-code-coverage\\coverage-tool-output</ResultsDirectory>\r\n        </Configuration>\r\n      </DataCollector>\r\n    </DataCollectors>\r\n  </DataCollectionRunSettings>\r\n</RunSettings>","TestExecutionContext":{"FrequencyOfRunStatsChangeEvent":10,"RunStatsChangeEventTimeout":"00:00:01.5000000","InIsolation":false,"KeepAlive":false,"AreTestCaseLevelEventsRequired":false,"IsDebug":false,"TestCaseFilter":null,"FilterOptions":null},"Package":null}}
TpTrace Verbose: 0 : 21820, 5, 2024/05/28, 19:52:02.860, 4333120638705, vstest.console.dll, ParallelProxyExecutionManager.StartTestRunOnConcurrentManager: Execution started. Started clients: 1
TpTrace Verbose: 0 : 21820, 13, 2024/05/28, 19:52:03.043, 4333122470149, vstest.console.dll, TcpClientExtensions.MessageLoopAsync: NotifyDataAvailable remoteEndPoint: 127.0.0.1:56734 localEndPoint: 127.0.0.1:56733
TpTrace Verbose: 0 : 21820, 13, 2024/05/28, 19:52:03.044, 4333122472049, vstest.console.dll, TestRequestSender.OnExecutionMessageReceived: Received message: {"Version":7,"MessageType":"TestSession.Message","Payload":{"MessageLevel":0,"Message":"NUnit Adapter 4.4.0.0: Test execution started"}}
TpTrace Verbose: 0 : 21820, 13, 2024/05/28, 19:52:03.044, 4333122473765, vstest.console.dll, TestRunRequest:SendTestRunMessage: Starting.
TpTrace Verbose: 0 : 21820, 13, 2024/05/28, 19:52:03.044, 4333122474368, vstest.console.dll, MulticastDelegateUtilities.SafeInvoke: TestRun.LogMessages: Invoking callback 1/1 for Microsoft.VisualStudio.TestPlatform.CommandLine.TestRunResultAggregator., took 0 ms.
TpTrace Information: 0 : 21820, 13, 2024/05/28, 19:52:03.044, 4333122474636, vstest.console.dll, TestRunRequest:SendTestRunMessage: Completed.
TpTrace Verbose: 0 : 21820, 13, 2024/05/28, 19:52:03.044, 4333122474937, vstest.console.dll, MulticastDelegateUtilities.SafeInvoke: LengthPrefixCommunicationChannel: MessageReceived: Invoking callback 1/1 for Microsoft.VisualStudio.TestPlatform.CommunicationUtilities.TestRequestSender+<>c__DisplayClass34_0., took 0 ms.
TpTrace Verbose: 0 : 21820, 4, 2024/05/28, 19:52:03.044, 4333122475022, vstest.console.dll, MulticastDelegateUtilities.SafeInvoke: InternalTestLoggerEvents.SendTestRunMessage: Invoking callback 1/1 for Microsoft.VisualStudio.TestPlatform.CommandLine.Internal.ConsoleLogger., took 0 ms.
TpTrace Verbose: 0 : 21820, 13, 2024/05/28, 19:52:03.044, 4333122475294, vstest.console.dll, TcpClientExtensions.MessageLoopAsync: Polling on remoteEndPoint: 127.0.0.1:56734 localEndPoint: 127.0.0.1:56733 after 189 ms
TpTrace Verbose: 0 : 21820, 13, 2024/05/28, 19:52:03.068, 4333122714576, vstest.console.dll, TcpClientExtensions.MessageLoopAsync: NotifyDataAvailable remoteEndPoint: 127.0.0.1:56734 localEndPoint: 127.0.0.1:56733
TpTrace Verbose: 0 : 21820, 13, 2024/05/28, 19:52:03.068, 4333122716338, vstest.console.dll, TestRequestSender.OnExecutionMessageReceived: Received message: {"Version":7,"MessageType":"TestSession.Message","Payload":{"MessageLevel":0,"Message":"Running all tests in C:\\Users\\VC\\Documents\\Pharmacy Manager\\PharmacyManagementSolution\\PharmacyUnitTest\\bin\\Debug\\net6.0\\fine-code-coverage\\build-output\\PharmacyUnitTest.dll"}}
TpTrace Verbose: 0 : 21820, 13, 2024/05/28, 19:52:03.068, 4333122717571, vstest.console.dll, TestRunRequest:SendTestRunMessage: Starting.
TpTrace Verbose: 0 : 21820, 13, 2024/05/28, 19:52:03.068, 4333122718128, vstest.console.dll, MulticastDelegateUtilities.SafeInvoke: TestRun.LogMessages: Invoking callback 1/1 for Microsoft.VisualStudio.TestPlatform.CommandLine.TestRunResultAggregator., took 0 ms.
TpTrace Information: 0 : 21820, 13, 2024/05/28, 19:52:03.068, 4333122718386, vstest.console.dll, TestRunRequest:SendTestRunMessage: Completed.
TpTrace Verbose: 0 : 21820, 13, 2024/05/28, 19:52:03.068, 4333122718637, vstest.console.dll, MulticastDelegateUtilities.SafeInvoke: LengthPrefixCommunicationChannel: MessageReceived: Invoking callback 1/1 for Microsoft.VisualStudio.TestPlatform.CommunicationUtilities.TestRequestSender+<>c__DisplayClass34_0., took 0 ms.
TpTrace Verbose: 0 : 21820, 4, 2024/05/28, 19:52:03.068, 4333122718667, vstest.console.dll, MulticastDelegateUtilities.SafeInvoke: InternalTestLoggerEvents.SendTestRunMessage: Invoking callback 1/1 for Microsoft.VisualStudio.TestPlatform.CommandLine.Internal.ConsoleLogger., took 0 ms.
TpTrace Verbose: 0 : 21820, 13, 2024/05/28, 19:52:03.068, 4333122719818, vstest.console.dll, TcpClientExtensions.MessageLoopAsync: Polling on remoteEndPoint: 127.0.0.1:56734 localEndPoint: 127.0.0.1:56733 after 24 ms
TpTrace Verbose: 0 : 21820, 13, 2024/05/28, 19:52:03.197, 4333124011144, vstest.console.dll, TcpClientExtensions.MessageLoopAsync: NotifyDataAvailable remoteEndPoint: 127.0.0.1:56734 localEndPoint: 127.0.0.1:56733
TpTrace Verbose: 0 : 21820, 13, 2024/05/28, 19:52:03.198, 4333124015353, vstest.console.dll, TestRequestSender.OnExecutionMessageReceived: Received message: {"Version":7,"MessageType":"TestSession.Message","Payload":{"MessageLevel":0,"Message":"   NUnit3TestExecutor discovered 43 of 43 NUnit test cases using Current Discovery mode, Non-Explicit run"}}
TpTrace Verbose: 0 : 21820, 13, 2024/05/28, 19:52:03.198, 4333124020769, vstest.console.dll, TestRunRequest:SendTestRunMessage: Starting.
TpTrace Verbose: 0 : 21820, 13, 2024/05/28, 19:52:03.199, 4333124021734, vstest.console.dll, MulticastDelegateUtilities.SafeInvoke: TestRun.LogMessages: Invoking callback 1/1 for Microsoft.VisualStudio.TestPlatform.CommandLine.TestRunResultAggregator., took 0 ms.
TpTrace Information: 0 : 21820, 13, 2024/05/28, 19:52:03.199, 4333124022083, vstest.console.dll, TestRunRequest:SendTestRunMessage: Completed.
TpTrace Verbose: 0 : 21820, 4, 2024/05/28, 19:52:03.199, 4333124022293, vstest.console.dll, MulticastDelegateUtilities.SafeInvoke: InternalTestLoggerEvents.SendTestRunMessage: Invoking callback 1/1 for Microsoft.VisualStudio.TestPlatform.CommandLine.Internal.ConsoleLogger., took 0 ms.
TpTrace Verbose: 0 : 21820, 13, 2024/05/28, 19:52:03.199, 4333124022559, vstest.console.dll, MulticastDelegateUtilities.SafeInvoke: LengthPrefixCommunicationChannel: MessageReceived: Invoking callback 1/1 for Microsoft.VisualStudio.TestPlatform.CommunicationUtilities.TestRequestSender+<>c__DisplayClass34_0., took 0 ms.
TpTrace Verbose: 0 : 21820, 13, 2024/05/28, 19:52:03.199, 4333124024479, vstest.console.dll, TcpClientExtensions.MessageLoopAsync: Polling on remoteEndPoint: 127.0.0.1:56734 localEndPoint: 127.0.0.1:56733 after 130 ms
TpTrace Verbose: 0 : 21820, 13, 2024/05/28, 19:52:04.212, 4333134154247, vstest.console.dll, TcpClientExtensions.MessageLoopAsync: Polling on remoteEndPoint: 127.0.0.1:56734 localEndPoint: 127.0.0.1:56733 after 1012 ms
TpTrace Verbose: 0 : 21820, 13, 2024/05/28, 19:52:04.493, 4333136969547, vstest.console.dll, TcpClientExtensions.MessageLoopAsync: NotifyDataAvailable remoteEndPoint: 127.0.0.1:56734 localEndPoint: 127.0.0.1:56733
TpTrace Verbose: 0 : 21820, 13, 2024/05/28, 19:52:04.494, 4333136971742, vstest.console.dll, TestRequestSender.OnExecutionMessageReceived: Received message: {"Version":7,"MessageType":"TestExecution.StatsChange","Payload":{"NewTestResults":[{"TestCase":{"Id":"c84f1951-97d9-4da7-59af-994c45b12c52","FullyQualifiedName":"PharmacyUnitTest.AuthenticationServiceTest.LoginEmailFail","DisplayName":"LoginEmailFail","ExecutorUri":"executor://NUnit3TestExecutor","Source":"C:\\Users\\VC\\Documents\\Pharmacy Manager\\PharmacyManagementSolution\\PharmacyUnitTest\\bin\\Debug\\net6.0\\fine-code-coverage\\build-output\\PharmacyUnitTest.dll","CodeFilePath":null,"LineNumber":0,"Properties":[{"Key":{"Id":"NUnit.Seed","Label":"Seed","Category":"","Description":"","Attributes":0,"ValueType":"System.String"},"Value":"869657968"}]},"Attachments":[],"Outcome":1,"ErrorMessage":null,"ErrorStackTrace":null,"DisplayName":"LoginEmailFail","Messages":[],"ComputerName":"75RBBX3","Duration":"00:00:01.1547710","StartTime":"2024-05-28T14:22:03.2288242+00:00","EndTime":"2024-05-28T14:22:04.3835391+00:00","Properties":[{"Key":{"Id":"NUnit.Seed","Label":"Seed","Category":"","Description":"","Attributes":0,"ValueType":"System.String"},"Value":"869657968"}]},{"TestCase":{"Id":"80f0bb4b-05ad-4fd3-288d-13ffbb86ff83","FullyQualifiedName":"PharmacyUnitTest.AuthenticationServiceTest.LoginPasswordFail","DisplayName":"LoginPasswordFail","ExecutorUri":"executor://NUnit3TestExecutor","Source":"C:\\Users\\VC\\Documents\\Pharmacy Manager\\PharmacyManagementSolution\\PharmacyUnitTest\\bin\\Debug\\net6.0\\fine-code-coverage\\build-output\\PharmacyUnitTest.dll","CodeFilePath":null,"LineNumber":0,"Properties":[{"Key":{"Id":"NUnit.Seed","Label":"Seed","Category":"","Description":"","Attributes":0,"ValueType":"System.String"},"Value":"1416787081"}]},"Attachments":[],"Outcome":1,"ErrorMessage":null,"ErrorStackTrace":null,"DisplayName":"LoginPasswordFail","Messages":[],"ComputerName":"75RBBX3","Duration":"00:00:00.0266640","StartTime":"2024-05-28T14:22:04.3848397+00:00","EndTime":"2024-05-28T14:22:04.4115029+00:00","Properties":[{"Key":{"Id":"NUnit.Seed","Label":"Seed","Category":"","Description":"","Attributes":0,"ValueType":"System.String"},"Value":"1416787081"}]}],"TestRunStatistics":{"ExecutedTests":2,"Stats":{"Passed":2}},"ActiveTests":[{"Id":"ade46557-f232-5f67-aa9b-9c31bafe894a","FullyQualifiedName":"PharmacyUnitTest.AuthenticationServiceTest.LoginTest","DisplayName":"LoginTest","ExecutorUri":"executor://NUnit3TestExecutor","Source":"C:\\Users\\VC\\Documents\\Pharmacy Manager\\PharmacyManagementSolution\\PharmacyUnitTest\\bin\\Debug\\net6.0\\fine-code-coverage\\build-output\\PharmacyUnitTest.dll","CodeFilePath":null,"LineNumber":0,"Properties":[{"Key":{"Id":"NUnit.Seed","Label":"Seed","Category":"","Description":"","Attributes":0,"ValueType":"System.String"},"Value":"1720372611"}]}]}}
TpTrace Verbose: 0 : 21820, 13, 2024/05/28, 19:52:04.513, 4333137170402, vstest.console.dll, TestRunRequest:SendTestRunStatsChange: Starting.
TpTrace Verbose: 0 : 21820, 13, 2024/05/28, 19:52:04.514, 4333137172043, vstest.console.dll, InProgress is LoginTest
TpTrace Verbose: 0 : 21820, 13, 2024/05/28, 19:52:04.514, 4333137173735, vstest.console.dll, MulticastDelegateUtilities.SafeInvoke: TestRun.RunStatsChanged: Invoking callbacks was skipped because there are no subscribers.
TpTrace Information: 0 : 21820, 13, 2024/05/28, 19:52:04.514, 4333137174104, vstest.console.dll, TestRunRequest:SendTestRunStatsChange: Completed.
TpTrace Verbose: 0 : 21820, 13, 2024/05/28, 19:52:04.514, 4333137174537, vstest.console.dll, MulticastDelegateUtilities.SafeInvoke: LengthPrefixCommunicationChannel: MessageReceived: Invoking callback 1/1 for Microsoft.VisualStudio.TestPlatform.CommunicationUtilities.TestRequestSender+<>c__DisplayClass34_0., took 20 ms.
TpTrace Verbose: 0 : 21820, 13, 2024/05/28, 19:52:04.514, 4333137174975, vstest.console.dll, TcpClientExtensions.MessageLoopAsync: Polling on remoteEndPoint: 127.0.0.1:56734 localEndPoint: 127.0.0.1:56733 after 301 ms
TpTrace Verbose: 0 : 21820, 4, 2024/05/28, 19:52:04.515, 4333137190908, vstest.console.dll, MulticastDelegateUtilities.SafeInvoke: InternalTestLoggerEvents.SendTestResult: Invoking callback 1/1 for Microsoft.VisualStudio.TestPlatform.CommandLine.Internal.ConsoleLogger., took 1 ms.
TpTrace Verbose: 0 : 21820, 4, 2024/05/28, 19:52:04.516, 4333137194209, vstest.console.dll, MulticastDelegateUtilities.SafeInvoke: InternalTestLoggerEvents.SendTestResult: Invoking callback 1/1 for Microsoft.VisualStudio.TestPlatform.CommandLine.Internal.ConsoleLogger., took 0 ms.
TpTrace Verbose: 0 : 21820, 13, 2024/05/28, 19:52:04.834, 4333140373224, vstest.console.dll, TcpClientExtensions.MessageLoopAsync: NotifyDataAvailable remoteEndPoint: 127.0.0.1:56734 localEndPoint: 127.0.0.1:56733
TpTrace Verbose: 0 : 21820, 13, 2024/05/28, 19:52:04.834, 4333140376282, vstest.console.dll, TestRequestSender.OnExecutionMessageReceived: Received message: {"Version":7,"MessageType":"TestExecution.StatsChange","Payload":{"NewTestResults":[{"TestCase":{"Id":"ade46557-f232-5f67-aa9b-9c31bafe894a","FullyQualifiedName":"PharmacyUnitTest.AuthenticationServiceTest.LoginTest","DisplayName":"LoginTest","ExecutorUri":"executor://NUnit3TestExecutor","Source":"C:\\Users\\VC\\Documents\\Pharmacy Manager\\PharmacyManagementSolution\\PharmacyUnitTest\\bin\\Debug\\net6.0\\fine-code-coverage\\build-output\\PharmacyUnitTest.dll","CodeFilePath":null,"LineNumber":0,"Properties":[{"Key":{"Id":"NUnit.Seed","Label":"Seed","Category":"","Description":"","Attributes":0,"ValueType":"System.String"},"Value":"1720372611"}]},"Attachments":[],"Outcome":1,"ErrorMessage":null,"ErrorStackTrace":null,"DisplayName":"LoginTest","Messages":[],"ComputerName":"75RBBX3","Duration":"00:00:00.1105590","StartTime":"2024-05-28T14:22:04.4115412+00:00","EndTime":"2024-05-28T14:22:04.5220992+00:00","Properties":[{"Key":{"Id":"NUnit.Seed","Label":"Seed","Category":"","Description":"","Attributes":0,"ValueType":"System.String"},"Value":"1720372611"}]},{"TestCase":{"Id":"9d37ed19-9709-ac74-6e41-ebe53f65f3ee","FullyQualifiedName":"PharmacyUnitTest.AuthenticationServiceTest.MailValidationException","DisplayName":"MailValidationException","ExecutorUri":"executor://NUnit3TestExecutor","Source":"C:\\Users\\VC\\Documents\\Pharmacy Manager\\PharmacyManagementSolution\\PharmacyUnitTest\\bin\\Debug\\net6.0\\fine-code-coverage\\build-output\\PharmacyUnitTest.dll","CodeFilePath":null,"LineNumber":0,"Properties":[{"Key":{"Id":"NUnit.Seed","Label":"Seed","Category":"","Description":"","Attributes":0,"ValueType":"System.String"},"Value":"1953131187"}]},"Attachments":[],"Outcome":1,"ErrorMessage":null,"ErrorStackTrace":null,"DisplayName":"MailValidationException","Messages":[],"ComputerName":"75RBBX3","Duration":"00:00:00.0151270","StartTime":"2024-05-28T14:22:04.5221417+00:00","EndTime":"2024-05-28T14:22:04.5372684+00:00","Properties":[{"Key":{"Id":"NUnit.Seed","Label":"Seed","Category":"","Description":"","Attributes":0,"ValueType":"System.String"},"Value":"1953131187"}]},{"TestCase":{"Id":"4c2b40b2-9bdb-ce9f-4b16-e9f26531ced9","FullyQualifiedName":"PharmacyUnitTest.AuthenticationServiceTest.Register","DisplayName":"Register","ExecutorUri":"executor://NUnit3TestExecutor","Source":"C:\\Users\\VC\\Documents\\Pharmacy Manager\\PharmacyManagementSolution\\PharmacyUnitTest\\bin\\Debug\\net6.0\\fine-code-coverage\\build-output\\PharmacyUnitTest.dll","CodeFilePath":null,"LineNumber":0,"Properties":[{"Key":{"Id":"NUnit.Seed","Label":"Seed","Category":"","Description":"","Attributes":0,"ValueType":"System.String"},"Value":"1389467789"}]},"Attachments":[],"Outcome":1,"ErrorMessage":null,"ErrorStackTrace":null,"DisplayName":"Register","Messages":[],"ComputerName":"75RBBX3","Duration":"00:00:00.0129950","StartTime":"2024-05-28T14:22:04.5373103+00:00","EndTime":"2024-05-28T14:22:04.5503047+00:00","Properties":[{"Key":{"Id":"NUnit.Seed","Label":"Seed","Category":"","Description":"","Attributes":0,"ValueType":"System.String"},"Value":"1389467789"}]},{"TestCase":{"Id":"e3f91608-08e8-c203-08e6-db7beac957bd","FullyQualifiedName":"PharmacyUnitTest.AuthenticationServiceTest.RegisterFail","DisplayName":"RegisterFail","ExecutorUri":"executor://NUnit3TestExecutor","Source":"C:\\Users\\VC\\Documents\\Pharmacy Manager\\PharmacyManagementSolution\\PharmacyUnitTest\\bin\\Debug\\net6.0\\fine-code-coverage\\build-output\\PharmacyUnitTest.dll","CodeFilePath":null,"LineNumber":0,"Properties":[{"Key":{"Id":"NUnit.Seed","Label":"Seed","Category":"","Description":"","Attributes":0,"ValueType":"System.String"},"Value":"1453422611"}]},"Attachments":[],"Outcome":1,"ErrorMessage":null,"ErrorStackTrace":null,"DisplayName":"RegisterFail","Messages":[],"ComputerName":"75RBBX3","Duration":"00:00:00.0223610","StartTime":"2024-05-28T14:22:04.5503342+00:00","EndTime":"2024-05-28T14:22:04.5726943+00:00","Properties":[{"Key":{"Id":"NUnit.Seed","Label":"Seed","Category":"","Description":"","Attributes":0,"ValueType":"System.String"},"Value":"1453422611"}]},{"TestCase":{"Id":"df7ce8d3-ee0a-62b5-5884-47ea4dedf697","FullyQualifiedName":"PharmacyUnitTest.AuthenticationServiceTest.RegisterPasswordValidation","DisplayName":"RegisterPasswordValidation","ExecutorUri":"executor://NUnit3TestExecutor","Source":"C:\\Users\\VC\\Documents\\Pharmacy Manager\\PharmacyManagementSolution\\PharmacyUnitTest\\bin\\Debug\\net6.0\\fine-code-coverage\\build-output\\PharmacyUnitTest.dll","CodeFilePath":null,"LineNumber":0,"Properties":[{"Key":{"Id":"NUnit.Seed","Label":"Seed","Category":"","Description":"","Attributes":0,"ValueType":"System.String"},"Value":"2069296780"}]},"Attachments":[],"Outcome":1,"ErrorMessage":null,"ErrorStackTrace":null,"DisplayName":"RegisterPasswordValidation","Messages":[],"ComputerName":"75RBBX3","Duration":"00:00:00.0157560","StartTime":"2024-05-28T14:22:04.5727364+00:00","EndTime":"2024-05-28T14:22:04.5884926+00:00","Properties":[{"Key":{"Id":"NUnit.Seed","Label":"Seed","Category":"","Description":"","Attributes":0,"ValueType":"System.String"},"Value":"2069296780"}]},{"TestCase":{"Id":"e47373f3-f4c3-731c-2e31-0f40809eb7b5","FullyQualifiedName":"PharmacyUnitTest.FeedBackServiceTest.AddFeedback","DisplayName":"AddFeedback","ExecutorUri":"executor://NUnit3TestExecutor","Source":"C:\\Users\\VC\\Documents\\Pharmacy Manager\\PharmacyManagementSolution\\PharmacyUnitTest\\bin\\Debug\\net6.0\\fine-code-coverage\\build-output\\PharmacyUnitTest.dll","CodeFilePath":null,"LineNumber":0,"Properties":[{"Key":{"Id":"NUnit.Seed","Label":"Seed","Category":"","Description":"","Attributes":0,"ValueType":"System.String"},"Value":"131587099"}]},"Attachments":[],"Outcome":1,"ErrorMessage":null,"ErrorStackTrace":null,"DisplayName":"AddFeedback","Messages":[],"ComputerName":"75RBBX3","Duration":"00:00:00.1961280","StartTime":"2024-05-28T14:22:04.5902535+00:00","EndTime":"2024-05-28T14:22:04.7863815+00:00","Properties":[{"Key":{"Id":"NUnit.Seed","Label":"Seed","Category":"","Description":"","Attributes":0,"ValueType":"System.String"},"Value":"131587099"}]},{"TestCase":{"Id":"0bbb053f-ad27-fcc8-8507-89409216ab51","FullyQualifiedName":"PharmacyUnitTest.FeedBackServiceTest.AddFeedbackDuplicateFail","DisplayName":"AddFeedbackDuplicateFail","ExecutorUri":"executor://NUnit3TestExecutor","Source":"C:\\Users\\VC\\Documents\\Pharmacy Manager\\PharmacyManagementSolution\\PharmacyUnitTest\\bin\\Debug\\net6.0\\fine-code-coverage\\build-output\\PharmacyUnitTest.dll","CodeFilePath":null,"LineNumber":0,"Properties":[{"Key":{"Id":"NUnit.Seed","Label":"Seed","Category":"","Description":"","Attributes":0,"ValueType":"System.String"},"Value":"2108062382"}]},"Attachments":[],"Outcome":1,"ErrorMessage":null,"ErrorStackTrace":null,"DisplayName":"AddFeedbackDuplicateFail","Messages":[],"ComputerName":"75RBBX3","Duration":"00:00:00.0151480","StartTime":"2024-05-28T14:22:04.7864104+00:00","EndTime":"2024-05-28T14:22:04.8015583+00:00","Properties":[{"Key":{"Id":"NUnit.Seed","Label":"Seed","Category":"","Description":"","Attributes":0,"ValueType":"System.String"},"Value":"2108062382"}]},{"TestCase":{"Id":"1726a9e8-76ee-589f-a1e1-e0ebb654345b","FullyQualifiedName":"PharmacyUnitTest.FeedBackServiceTest.MedicineFeedback","DisplayName":"MedicineFeedback","ExecutorUri":"executor://NUnit3TestExecutor","Source":"C:\\Users\\VC\\Documents\\Pharmacy Manager\\PharmacyManagementSolution\\PharmacyUnitTest\\bin\\Debug\\net6.0\\fine-code-coverage\\build-output\\PharmacyUnitTest.dll","CodeFilePath":null,"LineNumber":0,"Properties":[{"Key":{"Id":"NUnit.Seed","Label":"Seed","Category":"","Description":"","Attributes":0,"ValueType":"System.String"},"Value":"1045671020"}]},"Attachments":[],"Outcome":1,"ErrorMessage":null,"ErrorStackTrace":null,"DisplayName":"MedicineFeedback","Messages":[],"ComputerName":"75RBBX3","Duration":"00:00:00.0157840","StartTime":"2024-05-28T14:22:04.8015993+00:00","EndTime":"2024-05-28T14:22:04.8173829+00:00","Properties":[{"Key":{"Id":"NUnit.Seed","Label":"Seed","Category":"","Description":"","Attributes":0,"ValueType":"System.String"},"Value":"1045671020"}]},{"TestCase":{"Id":"56df43fa-f862-cde0-c726-38490e18e1a8","FullyQualifiedName":"PharmacyUnitTest.FeedBackServiceTest.ViewFeedbackFail","DisplayName":"ViewFeedbackFail","ExecutorUri":"executor://NUnit3TestExecutor","Source":"C:\\Users\\VC\\Documents\\Pharmacy Manager\\PharmacyManagementSolution\\PharmacyUnitTest\\bin\\Debug\\net6.0\\fine-code-coverage\\build-output\\PharmacyUnitTest.dll","CodeFilePath":null,"LineNumber":0,"Properties":[{"Key":{"Id":"NUnit.Seed","Label":"Seed","Category":"","Description":"","Attributes":0,"ValueType":"System.String"},"Value":"278615116"}]},"Attachments":[],"Outcome":1,"ErrorMessage":null,"ErrorStackTrace":null,"DisplayName":"ViewFeedbackFail","Messages":[],"ComputerName":"75RBBX3","Duration":"00:00:00.0120290","StartTime":"2024-05-28T14:22:04.8174231+00:00","EndTime":"2024-05-28T14:22:04.8294517+00:00","Properties":[{"Key":{"Id":"NUnit.Seed","Label":"Seed","Category":"","Description":"","Attributes":0,"ValueType":"System.String"},"Value":"278615116"}]}],"TestRunStatistics":{"ExecutedTests":11,"Stats":{"Passed":11}},"ActiveTests":[{"Id":"a34bffbe-c246-135b-4046-b5a4d615d7e9","FullyQualifiedName":"PharmacyUnitTest.FeedBackServiceTest.ViewMyFeedback","DisplayName":"ViewMyFeedback","ExecutorUri":"executor://NUnit3TestExecutor","Source":"C:\\Users\\VC\\Documents\\Pharmacy Manager\\PharmacyManagementSolution\\PharmacyUnitTest\\bin\\Debug\\net6.0\\fine-code-coverage\\build-output\\PharmacyUnitTest.dll","CodeFilePath":null,"LineNumber":0,"Properties":[{"Key":{"Id":"NUnit.Seed","Label":"Seed","Category":"","Description":"","Attributes":0,"ValueType":"System.String"},"Value":"242692496"}]}]}}
TpTrace Verbose: 0 : 21820, 13, 2024/05/28, 19:52:04.835, 4333140391150, vstest.console.dll, TestRunRequest:SendTestRunStatsChange: Starting.
TpTrace Verbose: 0 : 21820, 13, 2024/05/28, 19:52:04.836, 4333140391747, vstest.console.dll, InProgress is ViewMyFeedback
TpTrace Verbose: 0 : 21820, 13, 2024/05/28, 19:52:04.836, 4333140392562, vstest.console.dll, MulticastDelegateUtilities.SafeInvoke: TestRun.RunStatsChanged: Invoking callbacks was skipped because there are no subscribers.
TpTrace Information: 0 : 21820, 13, 2024/05/28, 19:52:04.836, 4333140392830, vstest.console.dll, TestRunRequest:SendTestRunStatsChange: Completed.
TpTrace Verbose: 0 : 21820, 13, 2024/05/28, 19:52:04.836, 4333140393145, vstest.console.dll, MulticastDelegateUtilities.SafeInvoke: LengthPrefixCommunicationChannel: MessageReceived: Invoking callback 1/1 for Microsoft.VisualStudio.TestPlatform.CommunicationUtilities.TestRequestSender+<>c__DisplayClass34_0., took 1 ms.
TpTrace Verbose: 0 : 21820, 13, 2024/05/28, 19:52:04.836, 4333140393517, vstest.console.dll, TcpClientExtensions.MessageLoopAsync: Polling on remoteEndPoint: 127.0.0.1:56734 localEndPoint: 127.0.0.1:56733 after 321 ms
TpTrace Verbose: 0 : 21820, 4, 2024/05/28, 19:52:04.836, 4333140394144, vstest.console.dll, MulticastDelegateUtilities.SafeInvoke: InternalTestLoggerEvents.SendTestResult: Invoking callback 1/1 for Microsoft.VisualStudio.TestPlatform.CommandLine.Internal.ConsoleLogger., took 0 ms.
TpTrace Verbose: 0 : 21820, 4, 2024/05/28, 19:52:04.836, 4333140394956, vstest.console.dll, MulticastDelegateUtilities.SafeInvoke: InternalTestLoggerEvents.SendTestResult: Invoking callback 1/1 for Microsoft.VisualStudio.TestPlatform.CommandLine.Internal.ConsoleLogger., took 0 ms.
TpTrace Verbose: 0 : 21820, 4, 2024/05/28, 19:52:04.836, 4333140395344, vstest.console.dll, MulticastDelegateUtilities.SafeInvoke: InternalTestLoggerEvents.SendTestResult: Invoking callback 1/1 for Microsoft.VisualStudio.TestPlatform.CommandLine.Internal.ConsoleLogger., took 0 ms.
TpTrace Verbose: 0 : 21820, 4, 2024/05/28, 19:52:04.836, 4333140395867, vstest.console.dll, MulticastDelegateUtilities.SafeInvoke: InternalTestLoggerEvents.SendTestResult: Invoking callback 1/1 for Microsoft.VisualStudio.TestPlatform.CommandLine.Internal.ConsoleLogger., took 0 ms.
TpTrace Verbose: 0 : 21820, 4, 2024/05/28, 19:52:04.836, 4333140396211, vstest.console.dll, MulticastDelegateUtilities.SafeInvoke: InternalTestLoggerEvents.SendTestResult: Invoking callback 1/1 for Microsoft.VisualStudio.TestPlatform.CommandLine.Internal.ConsoleLogger., took 0 ms.
TpTrace Verbose: 0 : 21820, 4, 2024/05/28, 19:52:04.836, 4333140396523, vstest.console.dll, MulticastDelegateUtilities.SafeInvoke: InternalTestLoggerEvents.SendTestResult: Invoking callback 1/1 for Microsoft.VisualStudio.TestPlatform.CommandLine.Internal.ConsoleLogger., took 0 ms.
TpTrace Verbose: 0 : 21820, 4, 2024/05/28, 19:52:04.836, 4333140396819, vstest.console.dll, MulticastDelegateUtilities.SafeInvoke: InternalTestLoggerEvents.SendTestResult: Invoking callback 1/1 for Microsoft.VisualStudio.TestPlatform.CommandLine.Internal.ConsoleLogger., took 0 ms.
TpTrace Verbose: 0 : 21820, 4, 2024/05/28, 19:52:04.837, 4333140405143, vstest.console.dll, MulticastDelegateUtilities.SafeInvoke: InternalTestLoggerEvents.SendTestResult: Invoking callback 1/1 for Microsoft.VisualStudio.TestPlatform.CommandLine.Internal.ConsoleLogger., took 0 ms.
TpTrace Verbose: 0 : 21820, 4, 2024/05/28, 19:52:04.837, 4333140406085, vstest.console.dll, MulticastDelegateUtilities.SafeInvoke: InternalTestLoggerEvents.SendTestResult: Invoking callback 1/1 for Microsoft.VisualStudio.TestPlatform.CommandLine.Internal.ConsoleLogger., took 0 ms.
TpTrace Verbose: 0 : 21820, 13, 2024/05/28, 19:52:04.961, 4333141641813, vstest.console.dll, TcpClientExtensions.MessageLoopAsync: NotifyDataAvailable remoteEndPoint: 127.0.0.1:56734 localEndPoint: 127.0.0.1:56733
TpTrace Verbose: 0 : 21820, 13, 2024/05/28, 19:52:04.961, 4333141644838, vstest.console.dll, TestRequestSender.OnExecutionMessageReceived: Received message: {"Version":7,"MessageType":"TestExecution.StatsChange","Payload":{"NewTestResults":[{"TestCase":{"Id":"a34bffbe-c246-135b-4046-b5a4d615d7e9","FullyQualifiedName":"PharmacyUnitTest.FeedBackServiceTest.ViewMyFeedback","DisplayName":"ViewMyFeedback","ExecutorUri":"executor://NUnit3TestExecutor","Source":"C:\\Users\\VC\\Documents\\Pharmacy Manager\\PharmacyManagementSolution\\PharmacyUnitTest\\bin\\Debug\\net6.0\\fine-code-coverage\\build-output\\PharmacyUnitTest.dll","CodeFilePath":null,"LineNumber":0,"Properties":[{"Key":{"Id":"NUnit.Seed","Label":"Seed","Category":"","Description":"","Attributes":0,"ValueType":"System.String"},"Value":"242692496"}]},"Attachments":[],"Outcome":1,"ErrorMessage":null,"ErrorStackTrace":null,"DisplayName":"ViewMyFeedback","Messages":[],"ComputerName":"75RBBX3","Duration":"00:00:00.0485120","StartTime":"2024-05-28T14:22:04.8294927+00:00","EndTime":"2024-05-28T14:22:04.8780048+00:00","Properties":[{"Key":{"Id":"NUnit.Seed","Label":"Seed","Category":"","Description":"","Attributes":0,"ValueType":"System.String"},"Value":"242692496"}]},{"TestCase":{"Id":"83f84b38-f620-2048-adeb-48fa151c3f35","FullyQualifiedName":"PharmacyUnitTest.FeedBackServiceTest.ViewMyFeedbackNocustomerFail","DisplayName":"ViewMyFeedbackNocustomerFail","ExecutorUri":"executor://NUnit3TestExecutor","Source":"C:\\Users\\VC\\Documents\\Pharmacy Manager\\PharmacyManagementSolution\\PharmacyUnitTest\\bin\\Debug\\net6.0\\fine-code-coverage\\build-output\\PharmacyUnitTest.dll","CodeFilePath":null,"LineNumber":0,"Properties":[{"Key":{"Id":"NUnit.Seed","Label":"Seed","Category":"","Description":"","Attributes":0,"ValueType":"System.String"},"Value":"1443551497"}]},"Attachments":[],"Outcome":1,"ErrorMessage":null,"ErrorStackTrace":null,"DisplayName":"ViewMyFeedbackNocustomerFail","Messages":[],"ComputerName":"75RBBX3","Duration":"00:00:00.0151700","StartTime":"2024-05-28T14:22:04.8780375+00:00","EndTime":"2024-05-28T14:22:04.893207+00:00","Properties":[{"Key":{"Id":"NUnit.Seed","Label":"Seed","Category":"","Description":"","Attributes":0,"ValueType":"System.String"},"Value":"1443551497"}]},{"TestCase":{"Id":"1ae1ac23-78b0-c2d5-513d-bcc228c9bd58","FullyQualifiedName":"PharmacyUnitTest.FeedBackServiceTest.ViewMyFeedbackNoFeedbackFail","DisplayName":"ViewMyFeedbackNoFeedbackFail","ExecutorUri":"executor://NUnit3TestExecutor","Source":"C:\\Users\\VC\\Documents\\Pharmacy Manager\\PharmacyManagementSolution\\PharmacyUnitTest\\bin\\Debug\\net6.0\\fine-code-coverage\\build-output\\PharmacyUnitTest.dll","CodeFilePath":null,"LineNumber":0,"Properties":[{"Key":{"Id":"NUnit.Seed","Label":"Seed","Category":"","Description":"","Attributes":0,"ValueType":"System.String"},"Value":"296094267"}]},"Attachments":[],"Outcome":1,"ErrorMessage":null,"ErrorStackTrace":null,"DisplayName":"ViewMyFeedbackNoFeedbackFail","Messages":[],"ComputerName":"75RBBX3","Duration":"00:00:00.0119010","StartTime":"2024-05-28T14:22:04.8932334+00:00","EndTime":"2024-05-28T14:22:04.9051341+00:00","Properties":[{"Key":{"Id":"NUnit.Seed","Label":"Seed","Category":"","Description":"","Attributes":0,"ValueType":"System.String"},"Value":"296094267"}]},{"TestCase":{"Id":"951f0ed7-ab1b-686f-a586-b6d7a011e372","FullyQualifiedName":"PharmacyUnitTest.RepositoryTest.PurchaseRepositoryTest.PurchaseAddFailTest","DisplayName":"PurchaseAddFailTest","ExecutorUri":"executor://NUnit3TestExecutor","Source":"C:\\Users\\VC\\Documents\\Pharmacy Manager\\PharmacyManagementSolution\\PharmacyUnitTest\\bin\\Debug\\net6.0\\fine-code-coverage\\build-output\\PharmacyUnitTest.dll","CodeFilePath":null,"LineNumber":0,"Properties":[{"Key":{"Id":"NUnit.Seed","Label":"Seed","Category":"","Description":"","Attributes":0,"ValueType":"System.String"},"Value":"56686277"}]},"Attachments":[],"Outcome":1,"ErrorMessage":null,"ErrorStackTrace":null,"DisplayName":"PurchaseAddFailTest","Messages":[],"ComputerName":"75RBBX3","Duration":"00:00:00.0092040","StartTime":"2024-05-28T14:22:04.9052992+00:00","EndTime":"2024-05-28T14:22:04.9145034+00:00","Properties":[{"Key":{"Id":"NUnit.Seed","Label":"Seed","Category":"","Description":"","Attributes":0,"ValueType":"System.String"},"Value":"56686277"}]},{"TestCase":{"Id":"e5f358e8-498d-dad0-7917-18161aeeb92f","FullyQualifiedName":"PharmacyUnitTest.RepositoryTest.PurchaseRepositoryTest.PurchaseAddFailTestNull","DisplayName":"PurchaseAddFailTestNull","ExecutorUri":"executor://NUnit3TestExecutor","Source":"C:\\Users\\VC\\Documents\\Pharmacy Manager\\PharmacyManagementSolution\\PharmacyUnitTest\\bin\\Debug\\net6.0\\fine-code-coverage\\build-output\\PharmacyUnitTest.dll","CodeFilePath":null,"LineNumber":0,"Properties":[{"Key":{"Id":"NUnit.Seed","Label":"Seed","Category":"","Description":"","Attributes":0,"ValueType":"System.String"},"Value":"1201909491"}]},"Attachments":[],"Outcome":1,"ErrorMessage":null,"ErrorStackTrace":null,"DisplayName":"PurchaseAddFailTestNull","Messages":[],"ComputerName":"75RBBX3","Duration":"00:00:00.0059070","StartTime":"2024-05-28T14:22:04.914525+00:00","EndTime":"2024-05-28T14:22:04.9204316+00:00","Properties":[{"Key":{"Id":"NUnit.Seed","Label":"Seed","Category":"","Description":"","Attributes":0,"ValueType":"System.String"},"Value":"1201909491"}]},{"TestCase":{"Id":"4c731868-00a1-b43e-f862-1c06123c8c58","FullyQualifiedName":"PharmacyUnitTest.RepositoryTest.PurchaseRepositoryTest.PurchaseDelete","DisplayName":"PurchaseDelete","ExecutorUri":"executor://NUnit3TestExecutor","Source":"C:\\Users\\VC\\Documents\\Pharmacy Manager\\PharmacyManagementSolution\\PharmacyUnitTest\\bin\\Debug\\net6.0\\fine-code-coverage\\build-output\\PharmacyUnitTest.dll","CodeFilePath":null,"LineNumber":0,"Properties":[{"Key":{"Id":"NUnit.Seed","Label":"Seed","Category":"","Description":"","Attributes":0,"ValueType":"System.String"},"Value":"2134796827"}]},"Attachments":[],"Outcome":1,"ErrorMessage":null,"ErrorStackTrace":null,"DisplayName":"PurchaseDelete","Messages":[],"ComputerName":"75RBBX3","Duration":"00:00:00.0162220","StartTime":"2024-05-28T14:22:04.9204519+00:00","EndTime":"2024-05-28T14:22:04.9366736+00:00","Properties":[{"Key":{"Id":"NUnit.Seed","Label":"Seed","Category":"","Description":"","Attributes":0,"ValueType":"System.String"},"Value":"2134796827"}]},{"TestCase":{"Id":"284c2a9d-4f5d-743e-0d5c-3623d4a76456","FullyQualifiedName":"PharmacyUnitTest.RepositoryTest.PurchaseRepositoryTest.PurchaseDeleteFail","DisplayName":"PurchaseDeleteFail","ExecutorUri":"executor://NUnit3TestExecutor","Source":"C:\\Users\\VC\\Documents\\Pharmacy Manager\\PharmacyManagementSolution\\PharmacyUnitTest\\bin\\Debug\\net6.0\\fine-code-coverage\\build-output\\PharmacyUnitTest.dll","CodeFilePath":null,"LineNumber":0,"Properties":[{"Key":{"Id":"NUnit.Seed","Label":"Seed","Category":"","Description":"","Attributes":0,"ValueType":"System.String"},"Value":"936827400"}]},"Attachments":[],"Outcome":1,"ErrorMessage":null,"ErrorStackTrace":null,"DisplayName":"PurchaseDeleteFail","Messages":[],"ComputerName":"75RBBX3","Duration":"00:00:00.0070360","StartTime":"2024-05-28T14:22:04.9366989+00:00","EndTime":"2024-05-28T14:22:04.9437348+00:00","Properties":[{"Key":{"Id":"NUnit.Seed","Label":"Seed","Category":"","Description":"","Attributes":0,"ValueType":"System.String"},"Value":"936827400"}]},{"TestCase":{"Id":"ca42f023-ed84-901a-69f6-c63196e5309e","FullyQualifiedName":"PharmacyUnitTest.RepositoryTest.PurchaseRepositoryTest.PurchaseUpdateFail","DisplayName":"PurchaseUpdateFail","ExecutorUri":"executor://NUnit3TestExecutor","Source":"C:\\Users\\VC\\Documents\\Pharmacy Manager\\PharmacyManagementSolution\\PharmacyUnitTest\\bin\\Debug\\net6.0\\fine-code-coverage\\build-output\\PharmacyUnitTest.dll","CodeFilePath":null,"LineNumber":0,"Properties":[{"Key":{"Id":"NUnit.Seed","Label":"Seed","Category":"","Description":"","Attributes":0,"ValueType":"System.String"},"Value":"36371726"}]},"Attachments":[],"Outcome":1,"ErrorMessage":null,"ErrorStackTrace":null,"DisplayName":"PurchaseUpdateFail","Messages":[],"ComputerName":"75RBBX3","Duration":"00:00:00.0081630","StartTime":"2024-05-28T14:22:04.943757+00:00","EndTime":"2024-05-28T14:22:04.9519195+00:00","Properties":[{"Key":{"Id":"NUnit.Seed","Label":"Seed","Category":"","Description":"","Attributes":0,"ValueType":"System.String"},"Value":"36371726"}]},{"TestCase":{"Id":"f754ea48-b541-e024-4c84-49f1e0b49c36","FullyQualifiedName":"PharmacyUnitTest.RepositoryTest.PurchaseRepositoryTest.PurchaseUpdateFailNull","DisplayName":"PurchaseUpdateFailNull","ExecutorUri":"executor://NUnit3TestExecutor","Source":"C:\\Users\\VC\\Documents\\Pharmacy Manager\\PharmacyManagementSolution\\PharmacyUnitTest\\bin\\Debug\\net6.0\\fine-code-coverage\\build-output\\PharmacyUnitTest.dll","CodeFilePath":null,"LineNumber":0,"Properties":[{"Key":{"Id":"NUnit.Seed","Label":"Seed","Category":"","Description":"","Attributes":0,"ValueType":"System.String"},"Value":"1469516682"}]},"Attachments":[],"Outcome":1,"ErrorMessage":null,"ErrorStackTrace":null,"DisplayName":"PurchaseUpdateFailNull","Messages":[],"ComputerName":"75RBBX3","Duration":"00:00:00.0059970","StartTime":"2024-05-28T14:22:04.9519422+00:00","EndTime":"2024-05-28T14:22:04.9579388+00:00","Properties":[{"Key":{"Id":"NUnit.Seed","Label":"Seed","Category":"","Description":"","Attributes":0,"ValueType":"System.String"},"Value":"1469516682"}]}],"TestRunStatistics":{"ExecutedTests":20,"Stats":{"Passed":20}},"ActiveTests":[{"Id":"d7eb0b42-2302-d7a7-e0c9-b1779cb2a085","FullyQualifiedName":"PharmacyUnitTest.Tests.AddVendor","DisplayName":"AddVendor","ExecutorUri":"executor://NUnit3TestExecutor","Source":"C:\\Users\\VC\\Documents\\Pharmacy Manager\\PharmacyManagementSolution\\PharmacyUnitTest\\bin\\Debug\\net6.0\\fine-code-coverage\\build-output\\PharmacyUnitTest.dll","CodeFilePath":null,"LineNumber":0,"Properties":[{"Key":{"Id":"NUnit.Seed","Label":"Seed","Category":"","Description":"","Attributes":0,"ValueType":"System.String"},"Value":"1246195844"}]}]}}
TpTrace Verbose: 0 : 21820, 13, 2024/05/28, 19:52:04.962, 4333141654745, vstest.console.dll, TestRunRequest:SendTestRunStatsChange: Starting.
TpTrace Verbose: 0 : 21820, 13, 2024/05/28, 19:52:04.962, 4333141655281, vstest.console.dll, InProgress is AddVendor
TpTrace Verbose: 0 : 21820, 13, 2024/05/28, 19:52:04.962, 4333141655787, vstest.console.dll, MulticastDelegateUtilities.SafeInvoke: TestRun.RunStatsChanged: Invoking callbacks was skipped because there are no subscribers.
TpTrace Information: 0 : 21820, 13, 2024/05/28, 19:52:04.962, 4333141656144, vstest.console.dll, TestRunRequest:SendTestRunStatsChange: Completed.
TpTrace Verbose: 0 : 21820, 13, 2024/05/28, 19:52:04.962, 4333141656420, vstest.console.dll, MulticastDelegateUtilities.SafeInvoke: LengthPrefixCommunicationChannel: MessageReceived: Invoking callback 1/1 for Microsoft.VisualStudio.TestPlatform.CommunicationUtilities.TestRequestSender+<>c__DisplayClass34_0., took 1 ms.
TpTrace Verbose: 0 : 21820, 13, 2024/05/28, 19:52:04.962, 4333141656716, vstest.console.dll, TcpClientExtensions.MessageLoopAsync: Polling on remoteEndPoint: 127.0.0.1:56734 localEndPoint: 127.0.0.1:56733 after 126 ms
TpTrace Verbose: 0 : 21820, 4, 2024/05/28, 19:52:04.962, 4333141657220, vstest.console.dll, MulticastDelegateUtilities.SafeInvoke: InternalTestLoggerEvents.SendTestResult: Invoking callback 1/1 for Microsoft.VisualStudio.TestPlatform.CommandLine.Internal.ConsoleLogger., took 0 ms.
TpTrace Verbose: 0 : 21820, 4, 2024/05/28, 19:52:04.962, 4333141657875, vstest.console.dll, MulticastDelegateUtilities.SafeInvoke: InternalTestLoggerEvents.SendTestResult: Invoking callback 1/1 for Microsoft.VisualStudio.TestPlatform.CommandLine.Internal.ConsoleLogger., took 0 ms.
TpTrace Verbose: 0 : 21820, 4, 2024/05/28, 19:52:04.962, 4333141658201, vstest.console.dll, MulticastDelegateUtilities.SafeInvoke: InternalTestLoggerEvents.SendTestResult: Invoking callback 1/1 for Microsoft.VisualStudio.TestPlatform.CommandLine.Internal.ConsoleLogger., took 0 ms.
TpTrace Verbose: 0 : 21820, 4, 2024/05/28, 19:52:04.962, 4333141658524, vstest.console.dll, MulticastDelegateUtilities.SafeInvoke: InternalTestLoggerEvents.SendTestResult: Invoking callback 1/1 for Microsoft.VisualStudio.TestPlatform.CommandLine.Internal.ConsoleLogger., took 0 ms.
TpTrace Verbose: 0 : 21820, 4, 2024/05/28, 19:52:04.962, 4333141658843, vstest.console.dll, MulticastDelegateUtilities.SafeInvoke: InternalTestLoggerEvents.SendTestResult: Invoking callback 1/1 for Microsoft.VisualStudio.TestPlatform.CommandLine.Internal.ConsoleLogger., took 0 ms.
TpTrace Verbose: 0 : 21820, 4, 2024/05/28, 19:52:04.962, 4333141659176, vstest.console.dll, MulticastDelegateUtilities.SafeInvoke: InternalTestLoggerEvents.SendTestResult: Invoking callback 1/1 for Microsoft.VisualStudio.TestPlatform.CommandLine.Internal.ConsoleLogger., took 0 ms.
TpTrace Verbose: 0 : 21820, 4, 2024/05/28, 19:52:04.962, 4333141659474, vstest.console.dll, MulticastDelegateUtilities.SafeInvoke: InternalTestLoggerEvents.SendTestResult: Invoking callback 1/1 for Microsoft.VisualStudio.TestPlatform.CommandLine.Internal.ConsoleLogger., took 0 ms.
TpTrace Verbose: 0 : 21820, 4, 2024/05/28, 19:52:04.962, 4333141659794, vstest.console.dll, MulticastDelegateUtilities.SafeInvoke: InternalTestLoggerEvents.SendTestResult: Invoking callback 1/1 for Microsoft.VisualStudio.TestPlatform.CommandLine.Internal.ConsoleLogger., took 0 ms.
TpTrace Verbose: 0 : 21820, 4, 2024/05/28, 19:52:04.962, 4333141660101, vstest.console.dll, MulticastDelegateUtilities.SafeInvoke: InternalTestLoggerEvents.SendTestResult: Invoking callback 1/1 for Microsoft.VisualStudio.TestPlatform.CommandLine.Internal.ConsoleLogger., took 0 ms.
TpTrace Verbose: 0 : 21820, 13, 2024/05/28, 19:52:05.171, 4333143748835, vstest.console.dll, TcpClientExtensions.MessageLoopAsync: NotifyDataAvailable remoteEndPoint: 127.0.0.1:56734 localEndPoint: 127.0.0.1:56733
TpTrace Verbose: 0 : 21820, 13, 2024/05/28, 19:52:05.172, 4333143752106, vstest.console.dll, TestRequestSender.OnExecutionMessageReceived: Received message: {"Version":7,"MessageType":"TestExecution.StatsChange","Payload":{"NewTestResults":[{"TestCase":{"Id":"d7eb0b42-2302-d7a7-e0c9-b1779cb2a085","FullyQualifiedName":"PharmacyUnitTest.Tests.AddVendor","DisplayName":"AddVendor","ExecutorUri":"executor://NUnit3TestExecutor","Source":"C:\\Users\\VC\\Documents\\Pharmacy Manager\\PharmacyManagementSolution\\PharmacyUnitTest\\bin\\Debug\\net6.0\\fine-code-coverage\\build-output\\PharmacyUnitTest.dll","CodeFilePath":null,"LineNumber":0,"Properties":[{"Key":{"Id":"NUnit.Seed","Label":"Seed","Category":"","Description":"","Attributes":0,"ValueType":"System.String"},"Value":"1246195844"}]},"Attachments":[],"Outcome":1,"ErrorMessage":null,"ErrorStackTrace":null,"DisplayName":"AddVendor","Messages":[],"ComputerName":"75RBBX3","Duration":"00:00:00.0147490","StartTime":"2024-05-28T14:22:04.958062+00:00","EndTime":"2024-05-28T14:22:04.9728105+00:00","Properties":[{"Key":{"Id":"NUnit.Seed","Label":"Seed","Category":"","Description":"","Attributes":0,"ValueType":"System.String"},"Value":"1246195844"}]},{"TestCase":{"Id":"8553ecc9-c67c-59ca-819f-a45031b2b49d","FullyQualifiedName":"PharmacyUnitTest.Tests.DeliverOrder","DisplayName":"DeliverOrder","ExecutorUri":"executor://NUnit3TestExecutor","Source":"C:\\Users\\VC\\Documents\\Pharmacy Manager\\PharmacyManagementSolution\\PharmacyUnitTest\\bin\\Debug\\net6.0\\fine-code-coverage\\build-output\\PharmacyUnitTest.dll","CodeFilePath":null,"LineNumber":0,"Properties":[{"Key":{"Id":"NUnit.Seed","Label":"Seed","Category":"","Description":"","Attributes":0,"ValueType":"System.String"},"Value":"650698947"}]},"Attachments":[],"Outcome":1,"ErrorMessage":null,"ErrorStackTrace":null,"DisplayName":"DeliverOrder","Messages":[],"ComputerName":"75RBBX3","Duration":"00:00:00.0971299","StartTime":"2024-05-28T14:22:04.9728363+00:00","EndTime":"2024-05-28T14:22:05.0699663+00:00","Properties":[{"Key":{"Id":"NUnit.Seed","Label":"Seed","Category":"","Description":"","Attributes":0,"ValueType":"System.String"},"Value":"650698947"}]},{"TestCase":{"Id":"b9bd8093-5fe0-453c-fa33-74766a372185","FullyQualifiedName":"PharmacyUnitTest.Tests.GetAllOrder","DisplayName":"GetAllOrder","ExecutorUri":"executor://NUnit3TestExecutor","Source":"C:\\Users\\VC\\Documents\\Pharmacy Manager\\PharmacyManagementSolution\\PharmacyUnitTest\\bin\\Debug\\net6.0\\fine-code-coverage\\build-output\\PharmacyUnitTest.dll","CodeFilePath":null,"LineNumber":0,"Properties":[{"Key":{"Id":"NUnit.Seed","Label":"Seed","Category":"","Description":"","Attributes":0,"ValueType":"System.String"},"Value":"900868035"}]},"Attachments":[],"Outcome":1,"ErrorMessage":null,"ErrorStackTrace":null,"DisplayName":"GetAllOrder","Messages":[],"ComputerName":"75RBBX3","Duration":"00:00:00.0225610","StartTime":"2024-05-28T14:22:05.0699947+00:00","EndTime":"2024-05-28T14:22:05.0925553+00:00","Properties":[{"Key":{"Id":"NUnit.Seed","Label":"Seed","Category":"","Description":"","Attributes":0,"ValueType":"System.String"},"Value":"900868035"}]},{"TestCase":{"Id":"2c10a33a-577e-a6fd-04d6-346fe61fd8de","FullyQualifiedName":"PharmacyUnitTest.Tests.GetAllOrderFail","DisplayName":"GetAllOrderFail","ExecutorUri":"executor://NUnit3TestExecutor","Source":"C:\\Users\\VC\\Documents\\Pharmacy Manager\\PharmacyManagementSolution\\PharmacyUnitTest\\bin\\Debug\\net6.0\\fine-code-coverage\\build-output\\PharmacyUnitTest.dll","CodeFilePath":null,"LineNumber":0,"Properties":[{"Key":{"Id":"NUnit.Seed","Label":"Seed","Category":"","Description":"","Attributes":0,"ValueType":"System.String"},"Value":"83111028"}]},"Attachments":[],"Outcome":1,"ErrorMessage":null,"ErrorStackTrace":null,"DisplayName":"GetAllOrderFail","Messages":[],"ComputerName":"75RBBX3","Duration":"00:00:00.0117530","StartTime":"2024-05-28T14:22:05.0925977+00:00","EndTime":"2024-05-28T14:22:05.1043505+00:00","Properties":[{"Key":{"Id":"NUnit.Seed","Label":"Seed","Category":"","Description":"","Attributes":0,"ValueType":"System.String"},"Value":"83111028"}]},{"TestCase":{"Id":"36dbcb70-80c5-3dc0-48bb-0e5cf7a9a58c","FullyQualifiedName":"PharmacyUnitTest.Tests.PurcahseToUpdateMedicine","DisplayName":"PurcahseToUpdateMedicine","ExecutorUri":"executor://NUnit3TestExecutor","Source":"C:\\Users\\VC\\Documents\\Pharmacy Manager\\PharmacyManagementSolution\\PharmacyUnitTest\\bin\\Debug\\net6.0\\fine-code-coverage\\build-output\\PharmacyUnitTest.dll","CodeFilePath":null,"LineNumber":0,"Properties":[{"Key":{"Id":"NUnit.Seed","Label":"Seed","Category":"","Description":"","Attributes":0,"ValueType":"System.String"},"Value":"925046414"}]},"Attachments":[],"Outcome":1,"ErrorMessage":null,"ErrorStackTrace":null,"DisplayName":"PurcahseToUpdateMedicine","Messages":[],"ComputerName":"75RBBX3","Duration":"00:00:00.0155530","StartTime":"2024-05-28T14:22:05.1043768+00:00","EndTime":"2024-05-28T14:22:05.1199306+00:00","Properties":[{"Key":{"Id":"NUnit.Seed","Label":"Seed","Category":"","Description":"","Attributes":0,"ValueType":"System.String"},"Value":"925046414"}]},{"TestCase":{"Id":"5b2358aa-a42c-f479-a63c-acbc9eb0f28d","FullyQualifiedName":"PharmacyUnitTest.Tests.PurchaseException","DisplayName":"PurchaseException","ExecutorUri":"executor://NUnit3TestExecutor","Source":"C:\\Users\\VC\\Documents\\Pharmacy Manager\\PharmacyManagementSolution\\PharmacyUnitTest\\bin\\Debug\\net6.0\\fine-code-coverage\\build-output\\PharmacyUnitTest.dll","CodeFilePath":null,"LineNumber":0,"Properties":[{"Key":{"Id":"NUnit.Seed","Label":"Seed","Category":"","Description":"","Attributes":0,"ValueType":"System.String"},"Value":"1607920046"}]},"Attachments":[],"Outcome":1,"ErrorMessage":null,"ErrorStackTrace":null,"DisplayName":"PurchaseException","Messages":[],"ComputerName":"75RBBX3","Duration":"00:00:00.0111640","StartTime":"2024-05-28T14:22:05.1199663+00:00","EndTime":"2024-05-28T14:22:05.1311304+00:00","Properties":[{"Key":{"Id":"NUnit.Seed","Label":"Seed","Category":"","Description":"","Attributes":0,"ValueType":"System.String"},"Value":"1607920046"}]},{"TestCase":{"Id":"8059bb9e-e5f2-b4a8-79ad-4d0e9c639402","FullyQualifiedName":"PharmacyUnitTest.Tests.PurchaseFailTest","DisplayName":"PurchaseFailTest","ExecutorUri":"executor://NUnit3TestExecutor","Source":"C:\\Users\\VC\\Documents\\Pharmacy Manager\\PharmacyManagementSolution\\PharmacyUnitTest\\bin\\Debug\\net6.0\\fine-code-coverage\\build-output\\PharmacyUnitTest.dll","CodeFilePath":null,"LineNumber":0,"Properties":[{"Key":{"Id":"NUnit.Seed","Label":"Seed","Category":"","Description":"","Attributes":0,"ValueType":"System.String"},"Value":"1929361440"}]},"Attachments":[],"Outcome":1,"ErrorMessage":null,"ErrorStackTrace":null,"DisplayName":"PurchaseFailTest","Messages":[],"ComputerName":"75RBBX3","Duration":"00:00:00.0118730","StartTime":"2024-05-28T14:22:05.1311585+00:00","EndTime":"2024-05-28T14:22:05.1430312+00:00","Properties":[{"Key":{"Id":"NUnit.Seed","Label":"Seed","Category":"","Description":"","Attributes":0,"ValueType":"System.String"},"Value":"1929361440"}]},{"TestCase":{"Id":"5d109739-4357-c3eb-1a2d-3967d4f64f3e","FullyQualifiedName":"PharmacyUnitTest.Tests.PurchaseSuccessTest","DisplayName":"PurchaseSuccessTest","ExecutorUri":"executor://NUnit3TestExecutor","Source":"C:\\Users\\VC\\Documents\\Pharmacy Manager\\PharmacyManagementSolution\\PharmacyUnitTest\\bin\\Debug\\net6.0\\fine-code-coverage\\build-output\\PharmacyUnitTest.dll","CodeFilePath":null,"LineNumber":0,"Properties":[{"Key":{"Id":"NUnit.Seed","Label":"Seed","Category":"","Description":"","Attributes":0,"ValueType":"System.String"},"Value":"1163284588"}]},"Attachments":[],"Outcome":1,"ErrorMessage":null,"ErrorStackTrace":null,"DisplayName":"PurchaseSuccessTest","Messages":[],"ComputerName":"75RBBX3","Duration":"00:00:00.0136140","StartTime":"2024-05-28T14:22:05.1430734+00:00","EndTime":"2024-05-28T14:22:05.1566869+00:00","Properties":[{"Key":{"Id":"NUnit.Seed","Label":"Seed","Category":"","Description":"","Attributes":0,"ValueType":"System.String"},"Value":"1163284588"}]},{"TestCase":{"Id":"0c900e6f-8341-a836-6118-f72c76ccf2b7","FullyQualifiedName":"PharmacyUnitTest.UserServiceTests.AddToCart","DisplayName":"AddToCart","ExecutorUri":"executor://NUnit3TestExecutor","Source":"C:\\Users\\VC\\Documents\\Pharmacy Manager\\PharmacyManagementSolution\\PharmacyUnitTest\\bin\\Debug\\net6.0\\fine-code-coverage\\build-output\\PharmacyUnitTest.dll","CodeFilePath":null,"LineNumber":0,"Properties":[{"Key":{"Id":"NUnit.Seed","Label":"Seed","Category":"","Description":"","Attributes":0,"ValueType":"System.String"},"Value":"34364818"}]},"Attachments":[],"Outcome":1,"ErrorMessage":null,"ErrorStackTrace":null,"DisplayName":"AddToCart","Messages":[],"ComputerName":"75RBBX3","Duration":"00:00:00.0115929","StartTime":"2024-05-28T14:22:05.1568673+00:00","EndTime":"2024-05-28T14:22:05.1684602+00:00","Properties":[{"Key":{"Id":"NUnit.Seed","Label":"Seed","Category":"","Description":"","Attributes":0,"ValueType":"System.String"},"Value":"34364818"}]}],"TestRunStatistics":{"ExecutedTests":29,"Stats":{"Passed":29}},"ActiveTests":[{"Id":"9d5c1a4a-1da3-8f6a-9208-e862c4f73173","FullyQualifiedName":"PharmacyUnitTest.UserServiceTests.AddToCartDuplicateFail","DisplayName":"AddToCartDuplicateFail","ExecutorUri":"executor://NUnit3TestExecutor","Source":"C:\\Users\\VC\\Documents\\Pharmacy Manager\\PharmacyManagementSolution\\PharmacyUnitTest\\bin\\Debug\\net6.0\\fine-code-coverage\\build-output\\PharmacyUnitTest.dll","CodeFilePath":null,"LineNumber":0,"Properties":[{"Key":{"Id":"NUnit.Seed","Label":"Seed","Category":"","Description":"","Attributes":0,"ValueType":"System.String"},"Value":"1706718467"}]}]}}
TpTrace Verbose: 0 : 21820, 13, 2024/05/28, 19:52:05.173, 4333143764201, vstest.console.dll, TestRunRequest:SendTestRunStatsChange: Starting.
TpTrace Verbose: 0 : 21820, 13, 2024/05/28, 19:52:05.173, 4333143764621, vstest.console.dll, InProgress is AddToCartDuplicateFail
TpTrace Verbose: 0 : 21820, 13, 2024/05/28, 19:52:05.173, 4333143765125, vstest.console.dll, MulticastDelegateUtilities.SafeInvoke: TestRun.RunStatsChanged: Invoking callbacks was skipped because there are no subscribers.
TpTrace Information: 0 : 21820, 13, 2024/05/28, 19:52:05.173, 4333143765498, vstest.console.dll, TestRunRequest:SendTestRunStatsChange: Completed.
TpTrace Verbose: 0 : 21820, 13, 2024/05/28, 19:52:05.173, 4333143765741, vstest.console.dll, MulticastDelegateUtilities.SafeInvoke: LengthPrefixCommunicationChannel: MessageReceived: Invoking callback 1/1 for Microsoft.VisualStudio.TestPlatform.CommunicationUtilities.TestRequestSender+<>c__DisplayClass34_0., took 1 ms.
TpTrace Verbose: 0 : 21820, 13, 2024/05/28, 19:52:05.173, 4333143766012, vstest.console.dll, TcpClientExtensions.MessageLoopAsync: Polling on remoteEndPoint: 127.0.0.1:56734 localEndPoint: 127.0.0.1:56733 after 210 ms
TpTrace Verbose: 0 : 21820, 4, 2024/05/28, 19:52:05.173, 4333143766522, vstest.console.dll, MulticastDelegateUtilities.SafeInvoke: InternalTestLoggerEvents.SendTestResult: Invoking callback 1/1 for Microsoft.VisualStudio.TestPlatform.CommandLine.Internal.ConsoleLogger., took 0 ms.
TpTrace Verbose: 0 : 21820, 4, 2024/05/28, 19:52:05.173, 4333143767134, vstest.console.dll, MulticastDelegateUtilities.SafeInvoke: InternalTestLoggerEvents.SendTestResult: Invoking callback 1/1 for Microsoft.VisualStudio.TestPlatform.CommandLine.Internal.ConsoleLogger., took 0 ms.
TpTrace Verbose: 0 : 21820, 4, 2024/05/28, 19:52:05.173, 4333143767467, vstest.console.dll, MulticastDelegateUtilities.SafeInvoke: InternalTestLoggerEvents.SendTestResult: Invoking callback 1/1 for Microsoft.VisualStudio.TestPlatform.CommandLine.Internal.ConsoleLogger., took 0 ms.
TpTrace Verbose: 0 : 21820, 4, 2024/05/28, 19:52:05.173, 4333143767766, vstest.console.dll, MulticastDelegateUtilities.SafeInvoke: InternalTestLoggerEvents.SendTestResult: Invoking callback 1/1 for Microsoft.VisualStudio.TestPlatform.CommandLine.Internal.ConsoleLogger., took 0 ms.
TpTrace Verbose: 0 : 21820, 4, 2024/05/28, 19:52:05.173, 4333143768026, vstest.console.dll, MulticastDelegateUtilities.SafeInvoke: InternalTestLoggerEvents.SendTestResult: Invoking callback 1/1 for Microsoft.VisualStudio.TestPlatform.CommandLine.Internal.ConsoleLogger., took 0 ms.
TpTrace Verbose: 0 : 21820, 4, 2024/05/28, 19:52:05.173, 4333143768285, vstest.console.dll, MulticastDelegateUtilities.SafeInvoke: InternalTestLoggerEvents.SendTestResult: Invoking callback 1/1 for Microsoft.VisualStudio.TestPlatform.CommandLine.Internal.ConsoleLogger., took 0 ms.
TpTrace Verbose: 0 : 21820, 4, 2024/05/28, 19:52:05.173, 4333143768531, vstest.console.dll, MulticastDelegateUtilities.SafeInvoke: InternalTestLoggerEvents.SendTestResult: Invoking callback 1/1 for Microsoft.VisualStudio.TestPlatform.CommandLine.Internal.ConsoleLogger., took 0 ms.
TpTrace Verbose: 0 : 21820, 4, 2024/05/28, 19:52:05.173, 4333143768779, vstest.console.dll, MulticastDelegateUtilities.SafeInvoke: InternalTestLoggerEvents.SendTestResult: Invoking callback 1/1 for Microsoft.VisualStudio.TestPlatform.CommandLine.Internal.ConsoleLogger., took 0 ms.
TpTrace Verbose: 0 : 21820, 4, 2024/05/28, 19:52:05.173, 4333143769036, vstest.console.dll, MulticastDelegateUtilities.SafeInvoke: InternalTestLoggerEvents.SendTestResult: Invoking callback 1/1 for Microsoft.VisualStudio.TestPlatform.CommandLine.Internal.ConsoleLogger., took 0 ms.
TpTrace Verbose: 0 : 21820, 13, 2024/05/28, 19:52:05.286, 4333144895942, vstest.console.dll, TcpClientExtensions.MessageLoopAsync: NotifyDataAvailable remoteEndPoint: 127.0.0.1:56734 localEndPoint: 127.0.0.1:56733
TpTrace Verbose: 0 : 21820, 13, 2024/05/28, 19:52:05.286, 4333144898624, vstest.console.dll, TestRequestSender.OnExecutionMessageReceived: Received message: {"Version":7,"MessageType":"TestExecution.StatsChange","Payload":{"NewTestResults":[{"TestCase":{"Id":"9d5c1a4a-1da3-8f6a-9208-e862c4f73173","FullyQualifiedName":"PharmacyUnitTest.UserServiceTests.AddToCartDuplicateFail","DisplayName":"AddToCartDuplicateFail","ExecutorUri":"executor://NUnit3TestExecutor","Source":"C:\\Users\\VC\\Documents\\Pharmacy Manager\\PharmacyManagementSolution\\PharmacyUnitTest\\bin\\Debug\\net6.0\\fine-code-coverage\\build-output\\PharmacyUnitTest.dll","CodeFilePath":null,"LineNumber":0,"Properties":[{"Key":{"Id":"NUnit.Seed","Label":"Seed","Category":"","Description":"","Attributes":0,"ValueType":"System.String"},"Value":"1706718467"}]},"Attachments":[],"Outcome":1,"ErrorMessage":null,"ErrorStackTrace":null,"DisplayName":"AddToCartDuplicateFail","Messages":[],"ComputerName":"75RBBX3","Duration":"00:00:00.0120410","StartTime":"2024-05-28T14:22:05.1684876+00:00","EndTime":"2024-05-28T14:22:05.1805287+00:00","Properties":[{"Key":{"Id":"NUnit.Seed","Label":"Seed","Category":"","Description":"","Attributes":0,"ValueType":"System.String"},"Value":"1706718467"}]},{"TestCase":{"Id":"28d312b1-53a8-6cb6-a35a-efa772651751","FullyQualifiedName":"PharmacyUnitTest.UserServiceTests.AddToCartFail","DisplayName":"AddToCartFail","ExecutorUri":"executor://NUnit3TestExecutor","Source":"C:\\Users\\VC\\Documents\\Pharmacy Manager\\PharmacyManagementSolution\\PharmacyUnitTest\\bin\\Debug\\net6.0\\fine-code-coverage\\build-output\\PharmacyUnitTest.dll","CodeFilePath":null,"LineNumber":0,"Properties":[{"Key":{"Id":"NUnit.Seed","Label":"Seed","Category":"","Description":"","Attributes":0,"ValueType":"System.String"},"Value":"26681150"}]},"Attachments":[],"Outcome":1,"ErrorMessage":null,"ErrorStackTrace":null,"DisplayName":"AddToCartFail","Messages":[],"ComputerName":"75RBBX3","Duration":"00:00:00.0106770","StartTime":"2024-05-28T14:22:05.1805528+00:00","EndTime":"2024-05-28T14:22:05.1912299+00:00","Properties":[{"Key":{"Id":"NUnit.Seed","Label":"Seed","Category":"","Description":"","Attributes":0,"ValueType":"System.String"},"Value":"26681150"}]},{"TestCase":{"Id":"3942f119-c6e7-2f32-63ca-f4f7409f7cee","FullyQualifiedName":"PharmacyUnitTest.UserServiceTests.CartCheckout","DisplayName":"CartCheckout","ExecutorUri":"executor://NUnit3TestExecutor","Source":"C:\\Users\\VC\\Documents\\Pharmacy Manager\\PharmacyManagementSolution\\PharmacyUnitTest\\bin\\Debug\\net6.0\\fine-code-coverage\\build-output\\PharmacyUnitTest.dll","CodeFilePath":null,"LineNumber":0,"Properties":[{"Key":{"Id":"NUnit.Seed","Label":"Seed","Category":"","Description":"","Attributes":0,"ValueType":"System.String"},"Value":"2039555227"}]},"Attachments":[],"Outcome":1,"ErrorMessage":null,"ErrorStackTrace":null,"DisplayName":"CartCheckout","Messages":[],"ComputerName":"75RBBX3","Duration":"00:00:00.0147990","StartTime":"2024-05-28T14:22:05.1912549+00:00","EndTime":"2024-05-28T14:22:05.2060536+00:00","Properties":[{"Key":{"Id":"NUnit.Seed","Label":"Seed","Category":"","Description":"","Attributes":0,"ValueType":"System.String"},"Value":"2039555227"}]},{"TestCase":{"Id":"6e985672-77e2-bd0f-6eb3-9e34e73792e2","FullyQualifiedName":"PharmacyUnitTest.UserServiceTests.CartCheckoutFailWithNoCart","DisplayName":"CartCheckoutFailWithNoCart","ExecutorUri":"executor://NUnit3TestExecutor","Source":"C:\\Users\\VC\\Documents\\Pharmacy Manager\\PharmacyManagementSolution\\PharmacyUnitTest\\bin\\Debug\\net6.0\\fine-code-coverage\\build-output\\PharmacyUnitTest.dll","CodeFilePath":null,"LineNumber":0,"Properties":[{"Key":{"Id":"NUnit.Seed","Label":"Seed","Category":"","Description":"","Attributes":0,"ValueType":"System.String"},"Value":"1377424652"}]},"Attachments":[],"Outcome":1,"ErrorMessage":null,"ErrorStackTrace":null,"DisplayName":"CartCheckoutFailWithNoCart","Messages":[],"ComputerName":"75RBBX3","Duration":"00:00:00.0125700","StartTime":"2024-05-28T14:22:05.2060798+00:00","EndTime":"2024-05-28T14:22:05.2186495+00:00","Properties":[{"Key":{"Id":"NUnit.Seed","Label":"Seed","Category":"","Description":"","Attributes":0,"ValueType":"System.String"},"Value":"1377424652"}]},{"TestCase":{"Id":"971ec0fa-2636-c60a-0400-359483d71aee","FullyQualifiedName":"PharmacyUnitTest.UserServiceTests.CartCheckoutFailWithQuantity","DisplayName":"CartCheckoutFailWithQuantity","ExecutorUri":"executor://NUnit3TestExecutor","Source":"C:\\Users\\VC\\Documents\\Pharmacy Manager\\PharmacyManagementSolution\\PharmacyUnitTest\\bin\\Debug\\net6.0\\fine-code-coverage\\build-output\\PharmacyUnitTest.dll","CodeFilePath":null,"LineNumber":0,"Properties":[{"Key":{"Id":"NUnit.Seed","Label":"Seed","Category":"","Description":"","Attributes":0,"ValueType":"System.String"},"Value":"959736832"}]},"Attachments":[],"Outcome":1,"ErrorMessage":null,"ErrorStackTrace":null,"DisplayName":"CartCheckoutFailWithQuantity","Messages":[],"ComputerName":"75RBBX3","Duration":"00:00:00.0122350","StartTime":"2024-05-28T14:22:05.2186868+00:00","EndTime":"2024-05-28T14:22:05.2309214+00:00","Properties":[{"Key":{"Id":"NUnit.Seed","Label":"Seed","Category":"","Description":"","Attributes":0,"ValueType":"System.String"},"Value":"959736832"}]},{"TestCase":{"Id":"e1515a26-0a17-753a-c7bc-27800826e67d","FullyQualifiedName":"PharmacyUnitTest.UserServiceTests.RemoveFromCart","DisplayName":"RemoveFromCart","ExecutorUri":"executor://NUnit3TestExecutor","Source":"C:\\Users\\VC\\Documents\\Pharmacy Manager\\PharmacyManagementSolution\\PharmacyUnitTest\\bin\\Debug\\net6.0\\fine-code-coverage\\build-output\\PharmacyUnitTest.dll","CodeFilePath":null,"LineNumber":0,"Properties":[{"Key":{"Id":"NUnit.Seed","Label":"Seed","Category":"","Description":"","Attributes":0,"ValueType":"System.String"},"Value":"1424722402"}]},"Attachments":[],"Outcome":1,"ErrorMessage":null,"ErrorStackTrace":null,"DisplayName":"RemoveFromCart","Messages":[],"ComputerName":"75RBBX3","Duration":"00:00:00.0107480","StartTime":"2024-05-28T14:22:05.230945+00:00","EndTime":"2024-05-28T14:22:05.2416924+00:00","Properties":[{"Key":{"Id":"NUnit.Seed","Label":"Seed","Category":"","Description":"","Attributes":0,"ValueType":"System.String"},"Value":"1424722402"}]},{"TestCase":{"Id":"12cd2efc-358f-3acc-1f63-b482f5dccf12","FullyQualifiedName":"PharmacyUnitTest.UserServiceTests.RemoveFromCartFail","DisplayName":"RemoveFromCartFail","ExecutorUri":"executor://NUnit3TestExecutor","Source":"C:\\Users\\VC\\Documents\\Pharmacy Manager\\PharmacyManagementSolution\\PharmacyUnitTest\\bin\\Debug\\net6.0\\fine-code-coverage\\build-output\\PharmacyUnitTest.dll","CodeFilePath":null,"LineNumber":0,"Properties":[{"Key":{"Id":"NUnit.Seed","Label":"Seed","Category":"","Description":"","Attributes":0,"ValueType":"System.String"},"Value":"1145171330"}]},"Attachments":[],"Outcome":1,"ErrorMessage":null,"ErrorStackTrace":null,"DisplayName":"RemoveFromCartFail","Messages":[],"ComputerName":"75RBBX3","Duration":"00:00:00.0096930","StartTime":"2024-05-28T14:22:05.2417156+00:00","EndTime":"2024-05-28T14:22:05.2514084+00:00","Properties":[{"Key":{"Id":"NUnit.Seed","Label":"Seed","Category":"","Description":"","Attributes":0,"ValueType":"System.String"},"Value":"1145171330"}]},{"TestCase":{"Id":"74e07e6c-887f-e698-918e-ff3dbb47eb03","FullyQualifiedName":"PharmacyUnitTest.UserServiceTests.UpdateCart","DisplayName":"UpdateCart","ExecutorUri":"executor://NUnit3TestExecutor","Source":"C:\\Users\\VC\\Documents\\Pharmacy Manager\\PharmacyManagementSolution\\PharmacyUnitTest\\bin\\Debug\\net6.0\\fine-code-coverage\\build-output\\PharmacyUnitTest.dll","CodeFilePath":null,"LineNumber":0,"Properties":[{"Key":{"Id":"NUnit.Seed","Label":"Seed","Category":"","Description":"","Attributes":0,"ValueType":"System.String"},"Value":"1635910833"}]},"Attachments":[],"Outcome":1,"ErrorMessage":null,"ErrorStackTrace":null,"DisplayName":"UpdateCart","Messages":[],"ComputerName":"75RBBX3","Duration":"00:00:00.0205900","StartTime":"2024-05-28T14:22:05.2514332+00:00","EndTime":"2024-05-28T14:22:05.2720231+00:00","Properties":[{"Key":{"Id":"NUnit.Seed","Label":"Seed","Category":"","Description":"","Attributes":0,"ValueType":"System.String"},"Value":"1635910833"}]},{"TestCase":{"Id":"4f7f44a3-3c6c-11f1-be86-ba1e686d680f","FullyQualifiedName":"PharmacyUnitTest.UserServiceTests.UpdateCartFail","DisplayName":"UpdateCartFail","ExecutorUri":"executor://NUnit3TestExecutor","Source":"C:\\Users\\VC\\Documents\\Pharmacy Manager\\PharmacyManagementSolution\\PharmacyUnitTest\\bin\\Debug\\net6.0\\fine-code-coverage\\build-output\\PharmacyUnitTest.dll","CodeFilePath":null,"LineNumber":0,"Properties":[{"Key":{"Id":"NUnit.Seed","Label":"Seed","Category":"","Description":"","Attributes":0,"ValueType":"System.String"},"Value":"167718305"}]},"Attachments":[],"Outcome":1,"ErrorMessage":null,"ErrorStackTrace":null,"DisplayName":"UpdateCartFail","Messages":[],"ComputerName":"75RBBX3","Duration":"00:00:00.0117530","StartTime":"2024-05-28T14:22:05.2720664+00:00","EndTime":"2024-05-28T14:22:05.2838193+00:00","Properties":[{"Key":{"Id":"NUnit.Seed","Label":"Seed","Category":"","Description":"","Attributes":0,"ValueType":"System.String"},"Value":"167718305"}]}],"TestRunStatistics":{"ExecutedTests":38,"Stats":{"Passed":38}},"ActiveTests":[{"Id":"ab6f0a5d-3c29-2f8d-184b-bd177a3bd880","FullyQualifiedName":"PharmacyUnitTest.UserServiceTests.UpdateCartQuantityFail","DisplayName":"UpdateCartQuantityFail","ExecutorUri":"executor://NUnit3TestExecutor","Source":"C:\\Users\\VC\\Documents\\Pharmacy Manager\\PharmacyManagementSolution\\PharmacyUnitTest\\bin\\Debug\\net6.0\\fine-code-coverage\\build-output\\PharmacyUnitTest.dll","CodeFilePath":null,"LineNumber":0,"Properties":[{"Key":{"Id":"NUnit.Seed","Label":"Seed","Category":"","Description":"","Attributes":0,"ValueType":"System.String"},"Value":"163333595"}]}]}}
TpTrace Verbose: 0 : 21820, 13, 2024/05/28, 19:52:05.287, 4333144908360, vstest.console.dll, TestRunRequest:SendTestRunStatsChange: Starting.
TpTrace Verbose: 0 : 21820, 13, 2024/05/28, 19:52:05.287, 4333144908790, vstest.console.dll, InProgress is UpdateCartQuantityFail
TpTrace Verbose: 0 : 21820, 13, 2024/05/28, 19:52:05.287, 4333144909294, vstest.console.dll, MulticastDelegateUtilities.SafeInvoke: TestRun.RunStatsChanged: Invoking callbacks was skipped because there are no subscribers.
TpTrace Information: 0 : 21820, 13, 2024/05/28, 19:52:05.287, 4333144909649, vstest.console.dll, TestRunRequest:SendTestRunStatsChange: Completed.
TpTrace Verbose: 0 : 21820, 13, 2024/05/28, 19:52:05.287, 4333144909894, vstest.console.dll, MulticastDelegateUtilities.SafeInvoke: LengthPrefixCommunicationChannel: MessageReceived: Invoking callback 1/1 for Microsoft.VisualStudio.TestPlatform.CommunicationUtilities.TestRequestSender+<>c__DisplayClass34_0., took 1 ms.
TpTrace Verbose: 0 : 21820, 13, 2024/05/28, 19:52:05.287, 4333144910158, vstest.console.dll, TcpClientExtensions.MessageLoopAsync: Polling on remoteEndPoint: 127.0.0.1:56734 localEndPoint: 127.0.0.1:56733 after 114 ms
TpTrace Verbose: 0 : 21820, 4, 2024/05/28, 19:52:05.287, 4333144910714, vstest.console.dll, MulticastDelegateUtilities.SafeInvoke: InternalTestLoggerEvents.SendTestResult: Invoking callback 1/1 for Microsoft.VisualStudio.TestPlatform.CommandLine.Internal.ConsoleLogger., took 0 ms.
TpTrace Verbose: 0 : 21820, 4, 2024/05/28, 19:52:05.287, 4333144911319, vstest.console.dll, MulticastDelegateUtilities.SafeInvoke: InternalTestLoggerEvents.SendTestResult: Invoking callback 1/1 for Microsoft.VisualStudio.TestPlatform.CommandLine.Internal.ConsoleLogger., took 0 ms.
TpTrace Verbose: 0 : 21820, 4, 2024/05/28, 19:52:05.288, 4333144911684, vstest.console.dll, MulticastDelegateUtilities.SafeInvoke: InternalTestLoggerEvents.SendTestResult: Invoking callback 1/1 for Microsoft.VisualStudio.TestPlatform.CommandLine.Internal.ConsoleLogger., took 0 ms.
TpTrace Verbose: 0 : 21820, 4, 2024/05/28, 19:52:05.288, 4333144912050, vstest.console.dll, MulticastDelegateUtilities.SafeInvoke: InternalTestLoggerEvents.SendTestResult: Invoking callback 1/1 for Microsoft.VisualStudio.TestPlatform.CommandLine.Internal.ConsoleLogger., took 0 ms.
TpTrace Verbose: 0 : 21820, 4, 2024/05/28, 19:52:05.288, 4333144912319, vstest.console.dll, MulticastDelegateUtilities.SafeInvoke: InternalTestLoggerEvents.SendTestResult: Invoking callback 1/1 for Microsoft.VisualStudio.TestPlatform.CommandLine.Internal.ConsoleLogger., took 0 ms.
TpTrace Verbose: 0 : 21820, 4, 2024/05/28, 19:52:05.288, 4333144912618, vstest.console.dll, MulticastDelegateUtilities.SafeInvoke: InternalTestLoggerEvents.SendTestResult: Invoking callback 1/1 for Microsoft.VisualStudio.TestPlatform.CommandLine.Internal.ConsoleLogger., took 0 ms.
TpTrace Verbose: 0 : 21820, 4, 2024/05/28, 19:52:05.288, 4333144912888, vstest.console.dll, MulticastDelegateUtilities.SafeInvoke: InternalTestLoggerEvents.SendTestResult: Invoking callback 1/1 for Microsoft.VisualStudio.TestPlatform.CommandLine.Internal.ConsoleLogger., took 0 ms.
TpTrace Verbose: 0 : 21820, 4, 2024/05/28, 19:52:05.288, 4333144913187, vstest.console.dll, MulticastDelegateUtilities.SafeInvoke: InternalTestLoggerEvents.SendTestResult: Invoking callback 1/1 for Microsoft.VisualStudio.TestPlatform.CommandLine.Internal.ConsoleLogger., took 0 ms.
TpTrace Verbose: 0 : 21820, 4, 2024/05/28, 19:52:05.288, 4333144913445, vstest.console.dll, MulticastDelegateUtilities.SafeInvoke: InternalTestLoggerEvents.SendTestResult: Invoking callback 1/1 for Microsoft.VisualStudio.TestPlatform.CommandLine.Internal.ConsoleLogger., took 0 ms.
TpTrace Verbose: 0 : 21820, 13, 2024/05/28, 19:52:05.356, 4333145598024, vstest.console.dll, TcpClientExtensions.MessageLoopAsync: NotifyDataAvailable remoteEndPoint: 127.0.0.1:56734 localEndPoint: 127.0.0.1:56733
TpTrace Verbose: 0 : 21820, 13, 2024/05/28, 19:52:05.356, 4333145599351, vstest.console.dll, TestRequestSender.OnExecutionMessageReceived: Received message: {"Version":7,"MessageType":"TestSession.Message","Payload":{"MessageLevel":0,"Message":"NUnit Adapter 4.4.0.0: Test execution complete"}}
TpTrace Verbose: 0 : 21820, 13, 2024/05/28, 19:52:05.356, 4333145600382, vstest.console.dll, TestRunRequest:SendTestRunMessage: Starting.
TpTrace Verbose: 0 : 21820, 13, 2024/05/28, 19:52:05.356, 4333145600835, vstest.console.dll, MulticastDelegateUtilities.SafeInvoke: TestRun.LogMessages: Invoking callback 1/1 for Microsoft.VisualStudio.TestPlatform.CommandLine.TestRunResultAggregator., took 0 ms.
TpTrace Information: 0 : 21820, 13, 2024/05/28, 19:52:05.356, 4333145601224, vstest.console.dll, TestRunRequest:SendTestRunMessage: Completed.
TpTrace Verbose: 0 : 21820, 13, 2024/05/28, 19:52:05.357, 4333145601449, vstest.console.dll, MulticastDelegateUtilities.SafeInvoke: LengthPrefixCommunicationChannel: MessageReceived: Invoking callback 1/1 for Microsoft.VisualStudio.TestPlatform.CommunicationUtilities.TestRequestSender+<>c__DisplayClass34_0., took 0 ms.
TpTrace Verbose: 0 : 21820, 13, 2024/05/28, 19:52:05.357, 4333145601696, vstest.console.dll, TcpClientExtensions.MessageLoopAsync: Polling on remoteEndPoint: 127.0.0.1:56734 localEndPoint: 127.0.0.1:56733 after 69 ms
TpTrace Verbose: 0 : 21820, 4, 2024/05/28, 19:52:05.357, 4333145602078, vstest.console.dll, MulticastDelegateUtilities.SafeInvoke: InternalTestLoggerEvents.SendTestRunMessage: Invoking callback 1/1 for Microsoft.VisualStudio.TestPlatform.CommandLine.Internal.ConsoleLogger., took 0 ms.
TpTrace Verbose: 0 : 21820, 13, 2024/05/28, 19:52:05.368, 4333145716313, vstest.console.dll, TcpClientExtensions.MessageLoopAsync: NotifyDataAvailable remoteEndPoint: 127.0.0.1:56734 localEndPoint: 127.0.0.1:56733
TpTrace Verbose: 0 : 21820, 13, 2024/05/28, 19:52:05.368, 4333145718435, vstest.console.dll, TestRequestSender.OnExecutionMessageReceived: Received message: {"Version":7,"MessageType":"TestExecution.Completed","Payload":{"TestRunCompleteArgs":{"TestRunStatistics":{"ExecutedTests":43,"Stats":{"Passed":43}},"IsCanceled":false,"IsAborted":false,"Error":null,"AttachmentSets":[],"InvokedDataCollectors":[],"ElapsedTimeInRunningTests":"00:00:02.3355073","Metrics":{},"DiscoveredExtensions":{"TestDiscoverers":["NUnit.VisualStudio.TestAdapter.NUnit3TestDiscoverer, NUnit3.TestAdapter, Version=4.4.0.0, Culture=neutral, PublicKeyToken=4cb40d35494691ac"],"TestExecutors":["executor://NUnit3TestExecutor"],"TestExecutors2":[],"TestSettingsProviders":[]}},"LastRunTests":{"NewTestResults":[{"TestCase":{"Id":"ab6f0a5d-3c29-2f8d-184b-bd177a3bd880","FullyQualifiedName":"PharmacyUnitTest.UserServiceTests.UpdateCartQuantityFail","DisplayName":"UpdateCartQuantityFail","ExecutorUri":"executor://NUnit3TestExecutor","Source":"C:\\Users\\VC\\Documents\\Pharmacy Manager\\PharmacyManagementSolution\\PharmacyUnitTest\\bin\\Debug\\net6.0\\fine-code-coverage\\build-output\\PharmacyUnitTest.dll","CodeFilePath":null,"LineNumber":0,"Properties":[{"Key":{"Id":"NUnit.Seed","Label":"Seed","Category":"","Description":"","Attributes":0,"ValueType":"System.String"},"Value":"163333595"}]},"Attachments":[],"Outcome":1,"ErrorMessage":null,"ErrorStackTrace":null,"DisplayName":"UpdateCartQuantityFail","Messages":[],"ComputerName":"75RBBX3","Duration":"00:00:00.0121930","StartTime":"2024-05-28T14:22:05.2838471+00:00","EndTime":"2024-05-28T14:22:05.2960403+00:00","Properties":[{"Key":{"Id":"NUnit.Seed","Label":"Seed","Category":"","Description":"","Attributes":0,"ValueType":"System.String"},"Value":"163333595"}]},{"TestCase":{"Id":"beb5b3d8-9305-12fa-3398-1226b5391d34","FullyQualifiedName":"PharmacyUnitTest.ViewServiceTest.GetAllMyOrder","DisplayName":"GetAllMyOrder","ExecutorUri":"executor://NUnit3TestExecutor","Source":"C:\\Users\\VC\\Documents\\Pharmacy Manager\\PharmacyManagementSolution\\PharmacyUnitTest\\bin\\Debug\\net6.0\\fine-code-coverage\\build-output\\PharmacyUnitTest.dll","CodeFilePath":null,"LineNumber":0,"Properties":[{"Key":{"Id":"NUnit.Seed","Label":"Seed","Category":"","Description":"","Attributes":0,"ValueType":"System.String"},"Value":"1313152502"}]},"Attachments":[],"Outcome":1,"ErrorMessage":null,"ErrorStackTrace":null,"DisplayName":"GetAllMyOrder","Messages":[],"ComputerName":"75RBBX3","Duration":"00:00:00.0195040","StartTime":"2024-05-28T14:22:05.296194+00:00","EndTime":"2024-05-28T14:22:05.3156975+00:00","Properties":[{"Key":{"Id":"NUnit.Seed","Label":"Seed","Category":"","Description":"","Attributes":0,"ValueType":"System.String"},"Value":"1313152502"}]},{"TestCase":{"Id":"dd7dc781-9569-e3e2-97b5-9bd815202845","FullyQualifiedName":"PharmacyUnitTest.ViewServiceTest.GetAllMyOrderFail","DisplayName":"GetAllMyOrderFail","ExecutorUri":"executor://NUnit3TestExecutor","Source":"C:\\Users\\VC\\Documents\\Pharmacy Manager\\PharmacyManagementSolution\\PharmacyUnitTest\\bin\\Debug\\net6.0\\fine-code-coverage\\build-output\\PharmacyUnitTest.dll","CodeFilePath":null,"LineNumber":0,"Properties":[{"Key":{"Id":"NUnit.Seed","Label":"Seed","Category":"","Description":"","Attributes":0,"ValueType":"System.String"},"Value":"697816205"}]},"Attachments":[],"Outcome":1,"ErrorMessage":null,"ErrorStackTrace":null,"DisplayName":"GetAllMyOrderFail","Messages":[],"ComputerName":"75RBBX3","Duration":"00:00:00.0116380","StartTime":"2024-05-28T14:22:05.3157427+00:00","EndTime":"2024-05-28T14:22:05.3273805+00:00","Properties":[{"Key":{"Id":"NUnit.Seed","Label":"Seed","Category":"","Description":"","Attributes":0,"ValueType":"System.String"},"Value":"697816205"}]},{"TestCase":{"Id":"882a8489-fe88-17e6-92dc-1da7d35e2ec7","FullyQualifiedName":"PharmacyUnitTest.ViewServiceTest.ShowAllProduct","DisplayName":"ShowAllProduct","ExecutorUri":"executor://NUnit3TestExecutor","Source":"C:\\Users\\VC\\Documents\\Pharmacy Manager\\PharmacyManagementSolution\\PharmacyUnitTest\\bin\\Debug\\net6.0\\fine-code-coverage\\build-output\\PharmacyUnitTest.dll","CodeFilePath":null,"LineNumber":0,"Properties":[{"Key":{"Id":"NUnit.Seed","Label":"Seed","Category":"","Description":"","Attributes":0,"ValueType":"System.String"},"Value":"1616025424"}]},"Attachments":[],"Outcome":1,"ErrorMessage":null,"ErrorStackTrace":null,"DisplayName":"ShowAllProduct","Messages":[],"ComputerName":"75RBBX3","Duration":"00:00:00.0121549","StartTime":"2024-05-28T14:22:05.3274084+00:00","EndTime":"2024-05-28T14:22:05.3395635+00:00","Properties":[{"Key":{"Id":"NUnit.Seed","Label":"Seed","Category":"","Description":"","Attributes":0,"ValueType":"System.String"},"Value":"1616025424"}]},{"TestCase":{"Id":"127d5045-16ca-69e4-5ef1-b08ec7f2f225","FullyQualifiedName":"PharmacyUnitTest.ViewServiceTest.ShowProductQuantityCheck","DisplayName":"ShowProductQuantityCheck","ExecutorUri":"executor://NUnit3TestExecutor","Source":"C:\\Users\\VC\\Documents\\Pharmacy Manager\\PharmacyManagementSolution\\PharmacyUnitTest\\bin\\Debug\\net6.0\\fine-code-coverage\\build-output\\PharmacyUnitTest.dll","CodeFilePath":null,"LineNumber":0,"Properties":[{"Key":{"Id":"NUnit.Seed","Label":"Seed","Category":"","Description":"","Attributes":0,"ValueType":"System.String"},"Value":"503576026"}]},"Attachments":[],"Outcome":1,"ErrorMessage":null,"ErrorStackTrace":null,"DisplayName":"ShowProductQuantityCheck","Messages":[],"ComputerName":"75RBBX3","Duration":"00:00:00.0107180","StartTime":"2024-05-28T14:22:05.3396064+00:00","EndTime":"2024-05-28T14:22:05.3503246+00:00","Properties":[{"Key":{"Id":"NUnit.Seed","Label":"Seed","Category":"","Description":"","Attributes":0,"ValueType":"System.String"},"Value":"503576026"}]}],"TestRunStatistics":{"ExecutedTests":43,"Stats":{"Passed":43}},"ActiveTests":[]},"RunAttachments":[],"ExecutorUris":["executor://nunit3testexecutor/"]}}
TpTrace Verbose: 0 : 21820, 13, 2024/05/28, 19:52:05.368, 4333145719542, vstest.console.dll, TestRequestSender.EndSession: Sending end session.
TpTrace Verbose: 0 : 21820, 13, 2024/05/28, 19:52:05.368, 4333145720893, vstest.console.dll, ProxyOperationManager.Close: waiting for test host to exit for 100 ms
TpTrace Verbose: 0 : 21820, 12, 2024/05/28, 19:52:05.390, 4333145936475, vstest.console.dll, TestHostManagerCallbacks.ctor: Experimental forwarding output is disabled.
TpTrace Warning: 0 : 21820, 12, 2024/05/28, 19:52:05.390, 4333145937562, vstest.console.dll, TestHostManagerCallbacks.ErrorReceivedCallback Test host standard error line: 
TpTrace Verbose: 0 : 21820, 12, 2024/05/28, 19:52:05.400, 4333146033628, vstest.console.dll, TestHostProvider.ExitCallBack: Host exited starting callback.
TpTrace Information: 0 : 21820, 12, 2024/05/28, 19:52:05.400, 4333146034849, vstest.console.dll, TestHostManagerCallbacks.ExitCallBack: Testhost processId: 1640 exited with exitcode: 0 error: ''
TpTrace Verbose: 0 : 21820, 12, 2024/05/28, 19:52:05.400, 4333146035138, vstest.console.dll, DotnetTestHostManager.OnHostExited: invoking OnHostExited callback
TpTrace Verbose: 0 : 21820, 12, 2024/05/28, 19:52:05.400, 4333146035528, vstest.console.dll, CrossPlatEngine.TestHostManagerHostExited: calling on client process exit callback.
TpTrace Information: 0 : 21820, 12, 2024/05/28, 19:52:05.400, 4333146035920, vstest.console.dll, TestRequestSender.OnClientProcessExit: Test host process exited. Standard error: 
TpTrace Information: 0 : 21820, 12, 2024/05/28, 19:52:05.400, 4333146036188, vstest.console.dll, SocketServer.Stop: Stop server endPoint: 127.0.0.1:56733
TpTrace Information: 0 : 21820, 12, 2024/05/28, 19:52:05.400, 4333146036386, vstest.console.dll, SocketServer.Stop: Cancellation requested. Stopping message loop.
TpTrace Verbose: 0 : 21820, 12, 2024/05/28, 19:52:05.400, 4333146037044, vstest.console.dll, MulticastDelegateUtilities.SafeInvoke: HostProviderEvents.OnHostExited: Invoking callback 1/1 for Microsoft.VisualStudio.TestPlatform.CrossPlatEngine.Client.ProxyOperationManager., took 0 ms.
TpTrace Information: 0 : 21820, 13, 2024/05/28, 19:52:05.400, 4333146037106, vstest.console.dll, SocketServer.Stop: Stop server endPoint: 127.0.0.1:56733
TpTrace Information: 0 : 21820, 13, 2024/05/28, 19:52:05.400, 4333146037811, vstest.console.dll, SocketServer.Stop: Cancellation requested. Stopping message loop.
TpTrace Information: 0 : 21820, 13, 2024/05/28, 19:52:05.400, 4333146038120, vstest.console.dll, Closing the connection
TpTrace Verbose: 0 : 21820, 13, 2024/05/28, 19:52:05.400, 4333146039597, vstest.console.dll, ProxyDataCollectionManager.InvokeDataCollectionServiceAction: Starting.
TpTrace Information: 0 : 21820, 13, 2024/05/28, 19:52:05.400, 4333146039898, vstest.console.dll, ProxyDataCollectionManager.AfterTestRunEnd: Get attachment set and invoked data collectors processId: 29092 port: 56730
TpTrace Verbose: 0 : 21820, 13, 2024/05/28, 19:52:05.400, 4333146040247, vstest.console.dll, DataCollectionRequestSender.SendAfterTestRunStartAndGetResult: Send AfterTestRunEnd message with isCancelled: False
TpTrace Verbose: 0 : 21820, 13, 2024/05/28, 19:52:05.405, 4333146084723, vstest.console.dll, DataCollectionRequestSender.SendAfterTestRunStartAndGetResult: Received message: (DataCollection.AfterTestRunEndResult) -> {"MessageType":"DataCollection.AfterTestRunEndResult","Payload":{"AttachmentSets":[],"InvokedDataCollectors":[{"Uri":"datacollector://Microsoft/TestPlatform/Extensions/Blame/v1","FriendlyName":"Blame","AssemblyQualifiedName":"Microsoft.TestPlatform.Extensions.BlameDataCollector.BlameCollector, Microsoft.TestPlatform.Extensions.BlameDataCollector, Version=15.0.0.0, Culture=neutral, PublicKeyToken=b03f5f7f11d50a3a","FilePath":"C:\\Program Files\\dotnet\\sdk\\8.0.204\\Extensions\\Microsoft.TestPlatform.Extensions.BlameDataCollector.dll","HasAttachmentProcessor":false}],"Metrics":{}}}
TpTrace Information: 0 : 21820, 13, 2024/05/28, 19:52:05.408, 4333146116644, vstest.console.dll, ProxyDataCollectionManager.InvokeDataCollectionServiceAction: Completed.
TpTrace Warning: 0 : 21820, 10, 2024/05/28, 19:52:05.421, 4333146243050, vstest.console.dll, DataCollectionLauncher.ErrorReceivedCallback datacollector standard error line: 
TpTrace Information: 0 : 21820, 10, 2024/05/28, 19:52:05.427, 4333146304047, vstest.console.dll, DataCollectionLauncher.ExitCallBack: Data collector exited with exitcode: 0 error: ''
TpTrace Verbose: 0 : 21820, 13, 2024/05/28, 19:52:05.435, 4333146383108, vstest.console.dll, TestRunRequest:SendTestRunStatsChange: Starting.
TpTrace Verbose: 0 : 21820, 13, 2024/05/28, 19:52:05.435, 4333146384410, vstest.console.dll, MulticastDelegateUtilities.SafeInvoke: TestRun.RunStatsChanged: Invoking callbacks was skipped because there are no subscribers.
TpTrace Information: 0 : 21820, 13, 2024/05/28, 19:52:05.435, 4333146384686, vstest.console.dll, TestRunRequest:SendTestRunStatsChange: Completed.
TpTrace Verbose: 0 : 21820, 4, 2024/05/28, 19:52:05.435, 4333146385965, vstest.console.dll, MulticastDelegateUtilities.SafeInvoke: InternalTestLoggerEvents.SendTestResult: Invoking callback 1/1 for Microsoft.VisualStudio.TestPlatform.CommandLine.Internal.ConsoleLogger., took 0 ms.
TpTrace Verbose: 0 : 21820, 4, 2024/05/28, 19:52:05.435, 4333146386626, vstest.console.dll, MulticastDelegateUtilities.SafeInvoke: InternalTestLoggerEvents.SendTestResult: Invoking callback 1/1 for Microsoft.VisualStudio.TestPlatform.CommandLine.Internal.ConsoleLogger., took 0 ms.
TpTrace Verbose: 0 : 21820, 4, 2024/05/28, 19:52:05.435, 4333146387066, vstest.console.dll, MulticastDelegateUtilities.SafeInvoke: InternalTestLoggerEvents.SendTestResult: Invoking callback 1/1 for Microsoft.VisualStudio.TestPlatform.CommandLine.Internal.ConsoleLogger., took 0 ms.
TpTrace Verbose: 0 : 21820, 13, 2024/05/28, 19:52:05.435, 4333146387284, vstest.console.dll, ParallelProxyExecutionManager: HandlePartialRunComplete: Total workloads = 1, Total started clients = 1 Total completed clients = 1, Run complete = True, Run canceled: False.
TpTrace Verbose: 0 : 21820, 13, 2024/05/28, 19:52:05.435, 4333146387616, vstest.console.dll, ParallelProxyExecutionManager: HandlePartialRunComplete: All runs completed stopping all managers.
TpTrace Verbose: 0 : 21820, 13, 2024/05/28, 19:52:05.435, 4333146387861, vstest.console.dll, ParallelOperationManager.StopAllManagers: Stopping all managers.
TpTrace Verbose: 0 : 21820, 13, 2024/05/28, 19:52:05.435, 4333146388104, vstest.console.dll, ParallelOperationManager.ClearSlots: Clearing all slots. Slots should accept more work: False
TpTrace Verbose: 0 : 21820, 13, 2024/05/28, 19:52:05.435, 4333146388460, vstest.console.dll, ParallelOperationManager.SetOccupiedSlotCount: Setting slot counts AvailableSlotCount = 1, OccupiedSlotCount = 0.
TpTrace Verbose: 0 : 21820, 13, 2024/05/28, 19:52:05.435, 4333146388817, vstest.console.dll, Occupied slots:

TpTrace Verbose: 0 : 21820, 4, 2024/05/28, 19:52:05.435, 4333146387344, vstest.console.dll, MulticastDelegateUtilities.SafeInvoke: InternalTestLoggerEvents.SendTestResult: Invoking callback 1/1 for Microsoft.VisualStudio.TestPlatform.CommandLine.Internal.ConsoleLogger., took 0 ms.
TpTrace Verbose: 0 : 21820, 4, 2024/05/28, 19:52:05.435, 4333146390284, vstest.console.dll, MulticastDelegateUtilities.SafeInvoke: InternalTestLoggerEvents.SendTestResult: Invoking callback 1/1 for Microsoft.VisualStudio.TestPlatform.CommandLine.Internal.ConsoleLogger., took 0 ms.
TpTrace Verbose: 0 : 21820, 4, 2024/05/28, 19:52:05.440, 4333146436811, vstest.console.dll, MulticastDelegateUtilities.SafeInvoke: InternalTestLoggerEvents.SendTestRunComplete: Invoking callback 1/2 for Microsoft.TestPlatform.Extensions.BlameDataCollector.BlameLogger., took 0 ms.
TpTrace Verbose: 0 : 21820, 4, 2024/05/28, 19:52:05.444, 4333146472253, vstest.console.dll, MulticastDelegateUtilities.SafeInvoke: InternalTestLoggerEvents.SendTestRunComplete: Invoking callback 2/2 for Microsoft.VisualStudio.TestPlatform.CommandLine.Internal.ConsoleLogger., took 3 ms.
TpTrace Verbose: 0 : 21820, 13, 2024/05/28, 19:52:05.444, 4333146474436, vstest.console.dll, TestRunRequest:TestRunComplete: Starting. IsAborted:False IsCanceled:False.
TpTrace Verbose: 0 : 21820, 13, 2024/05/28, 19:52:05.444, 4333146475950, vstest.console.dll, ParallelOperationManager.DoActionOnAllManagers: Calling an action on all managers.
TpTrace Verbose: 0 : 21820, 13, 2024/05/28, 19:52:05.445, 4333146481707, vstest.console.dll, TestLoggerManager.HandleTestRunComplete: Ignoring as the object is disposed.
TpTrace Verbose: 0 : 21820, 13, 2024/05/28, 19:52:05.445, 4333146483064, vstest.console.dll, MulticastDelegateUtilities.SafeInvoke: TestRun.TestRunComplete: Invoking callback 1/2 for Microsoft.VisualStudio.TestPlatform.CommandLine.TestRunResultAggregator., took 0 ms.
TpTrace Verbose: 0 : 21820, 13, 2024/05/28, 19:52:05.445, 4333146483851, vstest.console.dll, MulticastDelegateUtilities.SafeInvoke: TestRun.TestRunComplete: Invoking callback 2/2 for Microsoft.VisualStudio.TestPlatform.CommandLine.Processors.RunTestsArgumentExecutor+TestRunRequestEventsRegistrar., took 0 ms.
TpTrace Information: 0 : 21820, 13, 2024/05/28, 19:52:05.445, 4333146484535, vstest.console.dll, TestRunRequest:TestRunComplete: Completed.
TpTrace Verbose: 0 : 21820, 13, 2024/05/28, 19:52:05.445, 4333146484812, vstest.console.dll, TestRequestSender.SetOperationComplete: Setting operation complete.
TpTrace Information: 0 : 21820, 13, 2024/05/28, 19:52:05.445, 4333146485044, vstest.console.dll, SocketServer.Stop: Stop server endPoint: 127.0.0.1:56733
TpTrace Information: 0 : 21820, 13, 2024/05/28, 19:52:05.445, 4333146485237, vstest.console.dll, SocketServer.Stop: Cancellation requested. Stopping message loop.
TpTrace Verbose: 0 : 21820, 1, 2024/05/28, 19:52:05.445, 4333146485435, vstest.console.dll, TestRunRequest.Dispose: Starting.
TpTrace Information: 0 : 21820, 1, 2024/05/28, 19:52:05.445, 4333146485986, vstest.console.dll, TestRunRequest.Dispose: Completed.
TpTrace Information: 0 : 21820, 1, 2024/05/28, 19:52:05.445, 4333146486295, vstest.console.dll, TestRequestManager.RunTests: run tests completed.
TpTrace Verbose: 0 : 21820, 13, 2024/05/28, 19:52:05.445, 4333146485483, vstest.console.dll, MulticastDelegateUtilities.SafeInvoke: LengthPrefixCommunicationChannel: MessageReceived: Invoking callback 1/1 for Microsoft.VisualStudio.TestPlatform.CommunicationUtilities.TestRequestSender+<>c__DisplayClass34_0., took 76 ms.
TpTrace Information: 0 : 21820, 1, 2024/05/28, 19:52:05.445, 4333146486784, vstest.console.dll, RunTestsArgumentProcessor:Execute: Test run is completed.
TpTrace Information: 0 : 21820, 13, 2024/05/28, 19:52:05.445, 4333146487232, vstest.console.dll, SocketServer.PrivateStop: Stopping server endPoint: 127.0.0.1:56733 error: 
TpTrace Verbose: 0 : 21820, 1, 2024/05/28, 19:52:05.445, 4333146489105, vstest.console.dll, Executor.Execute: Exiting with exit code of 0
TpTrace Verbose: 0 : 21820, 13, 2024/05/28, 19:52:05.446, 4333146492236, vstest.console.dll, LengthPrefixCommunicationChannel.Dispose: Dispose reader and writer.
TpTrace Information: 0 : 21820, 13, 2024/05/28, 19:52:05.446, 4333146492894, vstest.console.dll, SocketServer.Stop: Raise disconnected event endPoint: 127.0.0.1:56733 error: 
TpTrace Verbose: 0 : 21820, 13, 2024/05/28, 19:52:05.446, 4333146493459, vstest.console.dll, TestRequestSender: OnTestRunAbort: Operation is already complete. Skip error message.
