<?xml version="1.0" encoding="utf-8"?>
<coverage line-rate="0.7242000000000001" branch-rate="0.4122" version="1.9" timestamp="1716906125" lines-covered="2225" lines-valid="3072" branches-covered="141" branches-valid="342">
  <sources>
    <source>C:\Users\VC\</source>
  </sources>
  <packages>
    <package name="PharmacyManagementApi" line-rate="0.6386999999999999" branch-rate="0.4122" complexity="612">
      <classes>
        <class name="AdminService" filename="Documents\Pharmacy Manager\PharmacyManagementSolution\PharmacyManagementApi\Services\AdminService.cs" line-rate="1" branch-rate="1" complexity="1">
          <methods>
            <method name=".ctor" signature="(PharmacyManagementApi.Interface.IReposiroty`2&lt;System.Int32,PharmacyManagementApi.Models.Purchase&gt;,PharmacyManagementApi.Interface.IReposiroty`2&lt;System.Int32,PharmacyManagementApi.Models.Vendor&gt;,PharmacyManagementApi.Interface.IReposiroty`2&lt;System.Int32,PharmacyManagementApi.Models.Medicine&gt;,PharmacyManagementApi.Interface.IReposiroty`2&lt;System.Int32,PharmacyManagementApi.Models.Category&gt;,PharmacyManagementApi.Interface.IReposiroty`2&lt;System.Int32,PharmacyManagementApi.Models.PurchaseDetail&gt;,PharmacyManagementApi.Interface.IReposiroty`2&lt;System.Int32,PharmacyManagementApi.Models.Stock&gt;,PharmacyManagementApi.Interface.IReposiroty`2&lt;System.Int32,PharmacyManagementApi.Models.OrderDetail&gt;,PharmacyManagementApi.Repositories.Joined_Repositories.StockJoinedRepository,PharmacyManagementApi.Interface.IReposiroty`2&lt;System.Int32,PharmacyManagementApi.Models.DeliveryDetail&gt;,PharmacyManagementApi.Interface.IReposiroty`2&lt;System.Int32,PharmacyManagementApi.Models.Order&gt;,PharmacyManagementApi.Interface.ITransactionService)" line-rate="1" branch-rate="1" complexity="1">
              <lines>
                <line number="23" hits="30" branch="False" />
                <line number="24" hits="30" branch="False" />
                <line number="25" hits="30" branch="False" />
                <line number="26" hits="30" branch="False" />
                <line number="27" hits="30" branch="False" />
                <line number="28" hits="30" branch="False" />
                <line number="29" hits="30" branch="False" />
                <line number="30" hits="30" branch="False" />
                <line number="31" hits="30" branch="False" />
                <line number="32" hits="30" branch="False" />
                <line number="33" hits="30" branch="False" />
                <line number="34" hits="30" branch="False" />
                <line number="35" hits="30" branch="False" />
                <line number="36" hits="30" branch="False" />
                <line number="37" hits="30" branch="False" />
                <line number="38" hits="30" branch="False" />
                <line number="39" hits="30" branch="False" />
                <line number="40" hits="30" branch="False" />
                <line number="41" hits="30" branch="False" />
                <line number="42" hits="30" branch="False" />
                <line number="43" hits="30" branch="False" />
                <line number="44" hits="30" branch="False" />
                <line number="45" hits="30" branch="False" />
                <line number="46" hits="30" branch="False" />
                <line number="47" hits="30" branch="False" />
                <line number="48" hits="30" branch="False" />
              </lines>
            </method>
          </methods>
          <lines>
            <line number="23" hits="30" branch="False" />
            <line number="24" hits="30" branch="False" />
            <line number="25" hits="30" branch="False" />
            <line number="26" hits="30" branch="False" />
            <line number="27" hits="30" branch="False" />
            <line number="28" hits="30" branch="False" />
            <line number="29" hits="30" branch="False" />
            <line number="30" hits="30" branch="False" />
            <line number="31" hits="30" branch="False" />
            <line number="32" hits="30" branch="False" />
            <line number="33" hits="30" branch="False" />
            <line number="34" hits="30" branch="False" />
            <line number="35" hits="30" branch="False" />
            <line number="36" hits="30" branch="False" />
            <line number="37" hits="30" branch="False" />
            <line number="38" hits="30" branch="False" />
            <line number="39" hits="30" branch="False" />
            <line number="40" hits="30" branch="False" />
            <line number="41" hits="30" branch="False" />
            <line number="42" hits="30" branch="False" />
            <line number="43" hits="30" branch="False" />
            <line number="44" hits="30" branch="False" />
            <line number="45" hits="30" branch="False" />
            <line number="46" hits="30" branch="False" />
            <line number="47" hits="30" branch="False" />
            <line number="48" hits="30" branch="False" />
          </lines>
        </class>
        <class name="AdminService/&lt;&gt;c" filename="Documents\Pharmacy Manager\PharmacyManagementSolution\PharmacyManagementApi\Services\AdminService.cs" line-rate="1" branch-rate="1" complexity="2">
          <methods>
            <method name="&lt;GetAllOrder&gt;b__13_0" signature="(PharmacyManagementApi.Models.OrderDetail)" line-rate="1" branch-rate="1" complexity="1">
              <lines>
                <line number="153" hits="4" branch="False" />
              </lines>
            </method>
            <method name="&lt;DeliverOrder&gt;b__14_1" signature="(PharmacyManagementApi.Models.Stock)" line-rate="1" branch-rate="1" complexity="1">
              <lines>
                <line number="192" hits="10" branch="False" />
              </lines>
            </method>
          </methods>
          <lines>
            <line number="153" hits="4" branch="False" />
            <line number="192" hits="10" branch="False" />
          </lines>
        </class>
        <class name="AdminService/&lt;&gt;c__DisplayClass12_0" filename="Documents\Pharmacy Manager\PharmacyManagementSolution\PharmacyManagementApi\Services\AdminService.cs" line-rate="1" branch-rate="1" complexity="4">
          <methods>
            <method name="&lt;PurchaseMedicine&gt;b__0" signature="(PharmacyManagementApi.Models.Medicine)" line-rate="1" branch-rate="1" complexity="1">
              <lines>
                <line number="68" hits="153" branch="False" />
              </lines>
            </method>
            <method name="&lt;PurchaseMedicine&gt;b__1" signature="(PharmacyManagementApi.Models.Category)" line-rate="1" branch-rate="1" complexity="1">
              <lines>
                <line number="73" hits="90" branch="False" />
              </lines>
            </method>
            <method name="&lt;PurchaseMedicine&gt;b__2" signature="(PharmacyManagementApi.Models.Category)" line-rate="1" branch-rate="1" complexity="1">
              <lines>
                <line number="92" hits="213" branch="False" />
              </lines>
            </method>
            <method name="&lt;PurchaseMedicine&gt;b__3" signature="(PharmacyManagementApi.Models.Vendor)" line-rate="1" branch-rate="1" complexity="1">
              <lines>
                <line number="93" hits="162" branch="False" />
              </lines>
            </method>
          </methods>
          <lines>
            <line number="68" hits="153" branch="False" />
            <line number="73" hits="90" branch="False" />
            <line number="92" hits="213" branch="False" />
            <line number="93" hits="162" branch="False" />
          </lines>
        </class>
        <class name="AdminService/&lt;AddVendor&gt;d__15" filename="Documents\Pharmacy Manager\PharmacyManagementSolution\PharmacyManagementApi\Services\AdminService.cs" line-rate="1" branch-rate="1" complexity="1">
          <methods>
            <method name="MoveNext" signature="()" line-rate="1" branch-rate="1" complexity="1">
              <lines>
                <line number="245" hits="31" branch="False" />
                <line number="247" hits="31" branch="False" />
                <line number="249" hits="31" branch="False" />
                <line number="250" hits="31" branch="False" />
                <line number="251" hits="31" branch="False" />
                <line number="252" hits="31" branch="False" />
                <line number="253" hits="31" branch="False" />
                <line number="254" hits="31" branch="False" />
                <line number="256" hits="31" branch="False" />
                <line number="257" hits="30" branch="False" />
                <line number="260" hits="1" branch="False" />
                <line number="261" hits="1" branch="False" />
                <line number="262" hits="1" branch="False" />
                <line number="265" hits="30" branch="False" />
              </lines>
            </method>
          </methods>
          <lines>
            <line number="245" hits="31" branch="False" />
            <line number="247" hits="31" branch="False" />
            <line number="249" hits="31" branch="False" />
            <line number="250" hits="31" branch="False" />
            <line number="251" hits="31" branch="False" />
            <line number="252" hits="31" branch="False" />
            <line number="253" hits="31" branch="False" />
            <line number="254" hits="31" branch="False" />
            <line number="256" hits="31" branch="False" />
            <line number="257" hits="30" branch="False" />
            <line number="260" hits="1" branch="False" />
            <line number="261" hits="1" branch="False" />
            <line number="262" hits="1" branch="False" />
            <line number="265" hits="30" branch="False" />
          </lines>
        </class>
        <class name="AdminService/&lt;DeliverOrder&gt;d__14" filename="Documents\Pharmacy Manager\PharmacyManagementSolution\PharmacyManagementApi\Services\AdminService.cs" line-rate="0.9183" branch-rate="1" complexity="8">
          <methods>
            <method name="MoveNext" signature="()" line-rate="0.9183" branch-rate="1" complexity="8">
              <lines>
                <line number="184" hits="2" branch="True" condition-coverage="100% (2/2)">
                  <conditions>
                    <condition number="17" type="jump" coverage="100%" />
                  </conditions>
                </line>
                <line number="185" hits="2" branch="True" condition-coverage="100% (2/2)">
                  <conditions>
                    <condition number="164" type="jump" coverage="100%" />
                  </conditions>
                </line>
                <line number="186" hits="2" branch="False" />
                <line number="188" hits="2" branch="False" />
                <line number="189" hits="2" branch="False" />
                <line number="191" hits="2" branch="False" />
                <line number="193" hits="2" branch="False" />
                <line number="194" hits="2" branch="False" />
                <line number="196" hits="5" branch="True" condition-coverage="100% (2/2)">
                  <conditions>
                    <condition number="1768" type="jump" coverage="100%" />
                  </conditions>
                </line>
                <line number="197" hits="3" branch="False" />
                <line number="198" hits="3" branch="False" />
                <line number="199" hits="3" branch="True" condition-coverage="100% (2/2)">
                  <conditions>
                    <condition number="1012" type="jump" coverage="100%" />
                  </conditions>
                </line>
                <line number="200" hits="2" branch="False" />
                <line number="201" hits="2" branch="False" />
                <line number="202" hits="2" branch="False" />
                <line number="203" hits="2" branch="False" />
                <line number="204" hits="2" branch="False" />
                <line number="205" hits="2" branch="False" />
                <line number="207" hits="1" branch="False" />
                <line number="208" hits="1" branch="False" />
                <line number="209" hits="1" branch="False" />
                <line number="210" hits="1" branch="False" />
                <line number="212" hits="1" branch="False" />
                <line number="213" hits="3" branch="False" />
                <line number="214" hits="3" branch="False" />
                <line number="215" hits="3" branch="False" />
                <line number="216" hits="3" branch="False" />
                <line number="217" hits="3" branch="False" />
                <line number="218" hits="3" branch="False" />
                <line number="219" hits="3" branch="False" />
                <line number="220" hits="3" branch="False" />
                <line number="221" hits="3" branch="False" />
                <line number="222" hits="3" branch="False" />
                <line number="223" hits="3" branch="False" />
                <line number="224" hits="3" branch="False" />
                <line number="225" hits="3" branch="False" />
                <line number="227" hits="2" branch="False" />
                <line number="228" hits="2" branch="False" />
                <line number="229" hits="2" branch="False" />
                <line number="230" hits="2" branch="False" />
                <line number="231" hits="2" branch="False" />
                <line number="232" hits="2" branch="False" />
                <line number="233" hits="2" branch="False" />
                <line number="234" hits="2" branch="False" />
                <line number="236" hits="0" branch="False" />
                <line number="237" hits="0" branch="False" />
                <line number="238" hits="0" branch="False" />
                <line number="239" hits="0" branch="False" />
                <line number="243" hits="2" branch="False" />
              </lines>
            </method>
          </methods>
          <lines>
            <line number="184" hits="2" branch="True" condition-coverage="100% (2/2)">
              <conditions>
                <condition number="17" type="jump" coverage="100%" />
              </conditions>
            </line>
            <line number="185" hits="2" branch="True" condition-coverage="100% (2/2)">
              <conditions>
                <condition number="164" type="jump" coverage="100%" />
              </conditions>
            </line>
            <line number="186" hits="2" branch="False" />
            <line number="188" hits="2" branch="False" />
            <line number="189" hits="2" branch="False" />
            <line number="191" hits="2" branch="False" />
            <line number="193" hits="2" branch="False" />
            <line number="194" hits="2" branch="False" />
            <line number="196" hits="5" branch="True" condition-coverage="100% (2/2)">
              <conditions>
                <condition number="1768" type="jump" coverage="100%" />
              </conditions>
            </line>
            <line number="197" hits="3" branch="False" />
            <line number="198" hits="3" branch="False" />
            <line number="199" hits="3" branch="True" condition-coverage="100% (2/2)">
              <conditions>
                <condition number="1012" type="jump" coverage="100%" />
              </conditions>
            </line>
            <line number="200" hits="2" branch="False" />
            <line number="201" hits="2" branch="False" />
            <line number="202" hits="2" branch="False" />
            <line number="203" hits="2" branch="False" />
            <line number="204" hits="2" branch="False" />
            <line number="205" hits="2" branch="False" />
            <line number="207" hits="1" branch="False" />
            <line number="208" hits="1" branch="False" />
            <line number="209" hits="1" branch="False" />
            <line number="210" hits="1" branch="False" />
            <line number="212" hits="1" branch="False" />
            <line number="213" hits="3" branch="False" />
            <line number="214" hits="3" branch="False" />
            <line number="215" hits="3" branch="False" />
            <line number="216" hits="3" branch="False" />
            <line number="217" hits="3" branch="False" />
            <line number="218" hits="3" branch="False" />
            <line number="219" hits="3" branch="False" />
            <line number="220" hits="3" branch="False" />
            <line number="221" hits="3" branch="False" />
            <line number="222" hits="3" branch="False" />
            <line number="223" hits="3" branch="False" />
            <line number="224" hits="3" branch="False" />
            <line number="225" hits="3" branch="False" />
            <line number="227" hits="2" branch="False" />
            <line number="228" hits="2" branch="False" />
            <line number="229" hits="2" branch="False" />
            <line number="230" hits="2" branch="False" />
            <line number="231" hits="2" branch="False" />
            <line number="232" hits="2" branch="False" />
            <line number="233" hits="2" branch="False" />
            <line number="234" hits="2" branch="False" />
            <line number="236" hits="0" branch="False" />
            <line number="237" hits="0" branch="False" />
            <line number="238" hits="0" branch="False" />
            <line number="239" hits="0" branch="False" />
            <line number="243" hits="2" branch="False" />
          </lines>
        </class>
        <class name="AdminService/&lt;GetAllOrder&gt;d__13" filename="Documents\Pharmacy Manager\PharmacyManagementSolution\PharmacyManagementApi\Services\AdminService.cs" line-rate="1" branch-rate="1" complexity="4">
          <methods>
            <method name="MoveNext" signature="()" line-rate="1" branch-rate="1" complexity="4">
              <lines>
                <line number="150" hits="2" branch="False" />
                <line number="152" hits="2" branch="False" />
                <line number="154" hits="2" branch="False" />
                <line number="155" hits="2" branch="True" condition-coverage="100% (2/2)">
                  <conditions>
                    <condition number="235" type="jump" coverage="100%" />
                  </conditions>
                </line>
                <line number="156" hits="1" branch="False" />
                <line number="157" hits="1" branch="False" />
                <line number="159" hits="1" branch="False" />
                <line number="160" hits="7" branch="True" condition-coverage="100% (2/2)">
                  <conditions>
                    <condition number="430" type="jump" coverage="100%" />
                  </conditions>
                </line>
                <line number="161" hits="2" branch="False" />
                <line number="162" hits="2" branch="False" />
                <line number="163" hits="2" branch="False" />
                <line number="164" hits="2" branch="False" />
                <line number="165" hits="2" branch="False" />
                <line number="166" hits="2" branch="False" />
                <line number="167" hits="2" branch="False" />
                <line number="168" hits="2" branch="False" />
                <line number="169" hits="2" branch="False" />
                <line number="171" hits="2" branch="False" />
                <line number="172" hits="1" branch="False" />
                <line number="175" hits="1" branch="False" />
                <line number="176" hits="1" branch="False" />
                <line number="177" hits="1" branch="False" />
                <line number="181" hits="1" branch="False" />
              </lines>
            </method>
          </methods>
          <lines>
            <line number="150" hits="2" branch="False" />
            <line number="152" hits="2" branch="False" />
            <line number="154" hits="2" branch="False" />
            <line number="155" hits="2" branch="True" condition-coverage="100% (2/2)">
              <conditions>
                <condition number="235" type="jump" coverage="100%" />
              </conditions>
            </line>
            <line number="156" hits="1" branch="False" />
            <line number="157" hits="1" branch="False" />
            <line number="159" hits="1" branch="False" />
            <line number="160" hits="7" branch="True" condition-coverage="100% (2/2)">
              <conditions>
                <condition number="430" type="jump" coverage="100%" />
              </conditions>
            </line>
            <line number="161" hits="2" branch="False" />
            <line number="162" hits="2" branch="False" />
            <line number="163" hits="2" branch="False" />
            <line number="164" hits="2" branch="False" />
            <line number="165" hits="2" branch="False" />
            <line number="166" hits="2" branch="False" />
            <line number="167" hits="2" branch="False" />
            <line number="168" hits="2" branch="False" />
            <line number="169" hits="2" branch="False" />
            <line number="171" hits="2" branch="False" />
            <line number="172" hits="1" branch="False" />
            <line number="175" hits="1" branch="False" />
            <line number="176" hits="1" branch="False" />
            <line number="177" hits="1" branch="False" />
            <line number="181" hits="1" branch="False" />
          </lines>
        </class>
        <class name="AdminService/&lt;PurchaseMedicine&gt;d__12" filename="Documents\Pharmacy Manager\PharmacyManagementSolution\PharmacyManagementApi\Services\AdminService.cs" line-rate="1" branch-rate="0.9375" complexity="16">
          <methods>
            <method name="MoveNext" signature="()" line-rate="1" branch-rate="0.9375" complexity="16">
              <lines>
                <line number="52" hits="34" branch="True" condition-coverage="100% (2/2)">
                  <conditions>
                    <condition number="17" type="jump" coverage="100%" />
                  </conditions>
                </line>
                <line number="53" hits="34" branch="True" condition-coverage="100% (2/2)">
                  <conditions>
                    <condition number="165" type="jump" coverage="100%" />
                  </conditions>
                </line>
                <line number="54" hits="34" branch="False" />
                <line number="56" hits="34" branch="False" />
                <line number="57" hits="34" branch="False" />
                <line number="58" hits="34" branch="False" />
                <line number="59" hits="34" branch="False" />
                <line number="60" hits="34" branch="False" />
                <line number="62" hits="34" branch="False" />
                <line number="63" hits="34" branch="False" />
                <line number="64" hits="262" branch="True" condition-coverage="100% (2/2)">
                  <conditions>
                    <condition number="2457" type="jump" coverage="100%" />
                  </conditions>
                </line>
                <line number="65" hits="81" branch="False" />
                <line number="66" hits="81" branch="False" />
                <line number="69" hits="81" branch="False" />
                <line number="70" hits="81" branch="True" condition-coverage="100% (2/2)">
                  <conditions>
                    <condition number="741" type="jump" coverage="100%" />
                  </conditions>
                </line>
                <line number="71" hits="60" branch="False" />
                <line number="72" hits="60" branch="False" />
                <line number="74" hits="60" branch="True" condition-coverage="100% (2/2)">
                  <conditions>
                    <condition number="922" type="jump" coverage="100%" />
                  </conditions>
                </line>
                <line number="75" hits="60" branch="False" />
                <line number="76" hits="60" branch="False" />
                <line number="77" hits="60" branch="False" />
                <line number="78" hits="60" branch="False" />
                <line number="79" hits="60" branch="False" />
                <line number="80" hits="60" branch="False" />
                <line number="81" hits="60" branch="False" />
                <line number="82" hits="60" branch="False" />
                <line number="83" hits="60" branch="False" />
                <line number="84" hits="60" branch="False" />
                <line number="85" hits="60" branch="False" />
                <line number="86" hits="60" branch="False" />
                <line number="87" hits="60" branch="False" />
                <line number="88" hits="60" branch="False" />
                <line number="89" hits="60" branch="False" />
                <line number="90" hits="60" branch="False" />
                <line number="91" hits="60" branch="False" />
                <line number="94" hits="81" branch="False" />
                <line number="95" hits="79" branch="False" />
                <line number="96" hits="79" branch="True" condition-coverage="100% (2/2)">
                  <conditions>
                    <condition number="1670" type="jump" coverage="100%" />
                  </conditions>
                </line>
                <line number="97" hits="19" branch="False" />
                <line number="98" hits="19" branch="False" />
                <line number="99" hits="19" branch="False" />
                <line number="101" hits="19" branch="False" />
                <line number="103" hits="79" branch="False" />
                <line number="104" hits="79" branch="False" />
                <line number="105" hits="79" branch="False" />
                <line number="106" hits="79" branch="False" />
                <line number="107" hits="79" branch="False" />
                <line number="108" hits="79" branch="False" />
                <line number="109" hits="79" branch="False" />
                <line number="110" hits="79" branch="False" />
                <line number="111" hits="79" branch="False" />
                <line number="112" hits="79" branch="False" />
                <line number="113" hits="79" branch="False" />
                <line number="114" hits="79" branch="False" />
                <line number="115" hits="79" branch="False" />
                <line number="117" hits="79" branch="False" />
                <line number="118" hits="79" branch="False" />
                <line number="119" hits="79" branch="False" />
                <line number="120" hits="79" branch="False" />
                <line number="121" hits="79" branch="False" />
                <line number="122" hits="79" branch="False" />
                <line number="123" hits="79" branch="False" />
                <line number="124" hits="79" branch="False" />
                <line number="126" hits="79" branch="False" />
                <line number="127" hits="79" branch="False" />
                <line number="129" hits="32" branch="False" />
                <line number="130" hits="32" branch="False" />
                <line number="132" hits="32" branch="False" />
                <line number="134" hits="32" branch="False" />
                <line number="135" hits="32" branch="False" />
                <line number="136" hits="32" branch="False" />
                <line number="137" hits="32" branch="False" />
                <line number="138" hits="32" branch="False" />
                <line number="139" hits="32" branch="False" />
                <line number="140" hits="32" branch="False" />
                <line number="142" hits="2" branch="False" />
                <line number="143" hits="2" branch="False" />
                <line number="144" hits="2" branch="False" />
                <line number="145" hits="2" branch="False" />
                <line number="148" hits="32" branch="False" />
              </lines>
            </method>
          </methods>
          <lines>
            <line number="52" hits="34" branch="True" condition-coverage="100% (2/2)">
              <conditions>
                <condition number="17" type="jump" coverage="100%" />
              </conditions>
            </line>
            <line number="53" hits="34" branch="True" condition-coverage="100% (2/2)">
              <conditions>
                <condition number="165" type="jump" coverage="100%" />
              </conditions>
            </line>
            <line number="54" hits="34" branch="False" />
            <line number="56" hits="34" branch="False" />
            <line number="57" hits="34" branch="False" />
            <line number="58" hits="34" branch="False" />
            <line number="59" hits="34" branch="False" />
            <line number="60" hits="34" branch="False" />
            <line number="62" hits="34" branch="False" />
            <line number="63" hits="34" branch="False" />
            <line number="64" hits="262" branch="True" condition-coverage="100% (2/2)">
              <conditions>
                <condition number="2457" type="jump" coverage="100%" />
              </conditions>
            </line>
            <line number="65" hits="81" branch="False" />
            <line number="66" hits="81" branch="False" />
            <line number="69" hits="81" branch="False" />
            <line number="70" hits="81" branch="True" condition-coverage="100% (2/2)">
              <conditions>
                <condition number="741" type="jump" coverage="100%" />
              </conditions>
            </line>
            <line number="71" hits="60" branch="False" />
            <line number="72" hits="60" branch="False" />
            <line number="74" hits="60" branch="True" condition-coverage="100% (2/2)">
              <conditions>
                <condition number="922" type="jump" coverage="100%" />
              </conditions>
            </line>
            <line number="75" hits="60" branch="False" />
            <line number="76" hits="60" branch="False" />
            <line number="77" hits="60" branch="False" />
            <line number="78" hits="60" branch="False" />
            <line number="79" hits="60" branch="False" />
            <line number="80" hits="60" branch="False" />
            <line number="81" hits="60" branch="False" />
            <line number="82" hits="60" branch="False" />
            <line number="83" hits="60" branch="False" />
            <line number="84" hits="60" branch="False" />
            <line number="85" hits="60" branch="False" />
            <line number="86" hits="60" branch="False" />
            <line number="87" hits="60" branch="False" />
            <line number="88" hits="60" branch="False" />
            <line number="89" hits="60" branch="False" />
            <line number="90" hits="60" branch="False" />
            <line number="91" hits="60" branch="False" />
            <line number="94" hits="81" branch="False" />
            <line number="95" hits="79" branch="False" />
            <line number="96" hits="79" branch="True" condition-coverage="100% (2/2)">
              <conditions>
                <condition number="1670" type="jump" coverage="100%" />
              </conditions>
            </line>
            <line number="97" hits="19" branch="False" />
            <line number="98" hits="19" branch="False" />
            <line number="99" hits="19" branch="False" />
            <line number="101" hits="19" branch="False" />
            <line number="103" hits="79" branch="False" />
            <line number="104" hits="79" branch="False" />
            <line number="105" hits="79" branch="False" />
            <line number="106" hits="79" branch="False" />
            <line number="107" hits="79" branch="False" />
            <line number="108" hits="79" branch="False" />
            <line number="109" hits="79" branch="False" />
            <line number="110" hits="79" branch="False" />
            <line number="111" hits="79" branch="False" />
            <line number="112" hits="79" branch="False" />
            <line number="113" hits="79" branch="False" />
            <line number="114" hits="79" branch="False" />
            <line number="115" hits="79" branch="False" />
            <line number="117" hits="79" branch="False" />
            <line number="118" hits="79" branch="False" />
            <line number="119" hits="79" branch="False" />
            <line number="120" hits="79" branch="False" />
            <line number="121" hits="79" branch="False" />
            <line number="122" hits="79" branch="False" />
            <line number="123" hits="79" branch="False" />
            <line number="124" hits="79" branch="False" />
            <line number="126" hits="79" branch="False" />
            <line number="127" hits="79" branch="False" />
            <line number="129" hits="32" branch="False" />
            <line number="130" hits="32" branch="False" />
            <line number="132" hits="32" branch="False" />
            <line number="134" hits="32" branch="False" />
            <line number="135" hits="32" branch="False" />
            <line number="136" hits="32" branch="False" />
            <line number="137" hits="32" branch="False" />
            <line number="138" hits="32" branch="False" />
            <line number="139" hits="32" branch="False" />
            <line number="140" hits="32" branch="False" />
            <line number="142" hits="2" branch="False" />
            <line number="143" hits="2" branch="False" />
            <line number="144" hits="2" branch="False" />
            <line number="145" hits="2" branch="False" />
            <line number="148" hits="32" branch="False" />
          </lines>
        </class>
        <class name="PharmacyManagementApi.Services.AuthService" filename="Documents\Pharmacy Manager\PharmacyManagementSolution\PharmacyManagementApi\Services\AuthService.cs" line-rate="1" branch-rate="1" complexity="1">
          <methods>
            <method name=".ctor" signature="(PharmacyManagementApi.Interface.IReposiroty`2&lt;System.String,PharmacyManagementApi.Models.UserCredential&gt;,PharmacyManagementApi.Interface.IReposiroty`2&lt;System.Int32,PharmacyManagementApi.Models.Customer&gt;,PharmacyManagementApi.Interface.ITokenService)" line-rate="1" branch-rate="1" complexity="1">
              <lines>
                <line number="18" hits="74" branch="False" />
                <line number="19" hits="37" branch="False" />
                <line number="20" hits="37" branch="False" />
                <line number="21" hits="37" branch="False" />
                <line number="23" hits="37" branch="False" />
              </lines>
            </method>
          </methods>
          <lines>
            <line number="18" hits="74" branch="False" />
            <line number="19" hits="37" branch="False" />
            <line number="20" hits="37" branch="False" />
            <line number="21" hits="37" branch="False" />
            <line number="23" hits="37" branch="False" />
          </lines>
        </class>
        <class name="PharmacyManagementApi.Services.AuthService/&lt;CheckPassword&gt;d__4" filename="Documents\Pharmacy Manager\PharmacyManagementSolution\PharmacyManagementApi\Services\AuthService.cs" line-rate="1" branch-rate="1" complexity="4">
          <methods>
            <method name="MoveNext" signature="()" line-rate="1" branch-rate="1" complexity="4">
              <lines>
                <line number="25" hits="2" branch="False" />
                <line number="26" hits="132" branch="True" condition-coverage="100% (2/2)">
                  <conditions>
                    <condition number="95" type="jump" coverage="100%" />
                  </conditions>
                </line>
                <line number="27" hits="65" branch="False" />
                <line number="28" hits="65" branch="True" condition-coverage="100% (2/2)">
                  <conditions>
                    <condition number="51" type="jump" coverage="100%" />
                  </conditions>
                </line>
                <line number="29" hits="1" branch="False" />
                <line number="30" hits="1" branch="False" />
                <line number="33" hits="64" branch="False" />
                <line number="34" hits="1" branch="False" />
                <line number="35" hits="2" branch="False" />
              </lines>
            </method>
          </methods>
          <lines>
            <line number="25" hits="2" branch="False" />
            <line number="26" hits="132" branch="True" condition-coverage="100% (2/2)">
              <conditions>
                <condition number="95" type="jump" coverage="100%" />
              </conditions>
            </line>
            <line number="27" hits="65" branch="False" />
            <line number="28" hits="65" branch="True" condition-coverage="100% (2/2)">
              <conditions>
                <condition number="51" type="jump" coverage="100%" />
              </conditions>
            </line>
            <line number="29" hits="1" branch="False" />
            <line number="30" hits="1" branch="False" />
            <line number="33" hits="64" branch="False" />
            <line number="34" hits="1" branch="False" />
            <line number="35" hits="2" branch="False" />
          </lines>
        </class>
        <class name="PharmacyManagementApi.Services.AuthService/&lt;Login&gt;d__5" filename="Documents\Pharmacy Manager\PharmacyManagementSolution\PharmacyManagementApi\Services\AuthService.cs" line-rate="0.9565" branch-rate="0.75" complexity="4">
          <methods>
            <method name="MoveNext" signature="()" line-rate="0.9565" branch-rate="0.75" complexity="4">
              <lines>
                <line number="37" hits="3" branch="False" />
                <line number="39" hits="3" branch="False" />
                <line number="40" hits="3" branch="False" />
                <line number="41" hits="2" branch="False" />
                <line number="42" hits="2" branch="False" />
                <line number="43" hits="2" branch="True" condition-coverage="100% (2/2)">
                  <conditions>
                    <condition number="396" type="jump" coverage="100%" />
                  </conditions>
                </line>
                <line number="44" hits="1" branch="False" />
                <line number="45" hits="1" branch="True" condition-coverage="50% (1/2)">
                  <conditions>
                    <condition number="427" type="jump" coverage="50%" />
                  </conditions>
                </line>
                <line number="46" hits="1" branch="False" />
                <line number="47" hits="1" branch="False" />
                <line number="49" hits="1" branch="False" />
                <line number="50" hits="1" branch="False" />
                <line number="51" hits="1" branch="False" />
                <line number="52" hits="1" branch="False" />
                <line number="53" hits="1" branch="False" />
                <line number="54" hits="1" branch="False" />
                <line number="55" hits="1" branch="False" />
                <line number="59" hits="0" branch="False" />
                <line number="60" hits="1" branch="False" />
                <line number="62" hits="2" branch="False" />
                <line number="63" hits="2" branch="False" />
                <line number="64" hits="2" branch="False" />
                <line number="67" hits="1" branch="False" />
              </lines>
            </method>
          </methods>
          <lines>
            <line number="37" hits="3" branch="False" />
            <line number="39" hits="3" branch="False" />
            <line number="40" hits="3" branch="False" />
            <line number="41" hits="2" branch="False" />
            <line number="42" hits="2" branch="False" />
            <line number="43" hits="2" branch="True" condition-coverage="100% (2/2)">
              <conditions>
                <condition number="396" type="jump" coverage="100%" />
              </conditions>
            </line>
            <line number="44" hits="1" branch="False" />
            <line number="45" hits="1" branch="True" condition-coverage="50% (1/2)">
              <conditions>
                <condition number="427" type="jump" coverage="50%" />
              </conditions>
            </line>
            <line number="46" hits="1" branch="False" />
            <line number="47" hits="1" branch="False" />
            <line number="49" hits="1" branch="False" />
            <line number="50" hits="1" branch="False" />
            <line number="51" hits="1" branch="False" />
            <line number="52" hits="1" branch="False" />
            <line number="53" hits="1" branch="False" />
            <line number="54" hits="1" branch="False" />
            <line number="55" hits="1" branch="False" />
            <line number="59" hits="0" branch="False" />
            <line number="60" hits="1" branch="False" />
            <line number="62" hits="2" branch="False" />
            <line number="63" hits="2" branch="False" />
            <line number="64" hits="2" branch="False" />
            <line number="67" hits="1" branch="False" />
          </lines>
        </class>
        <class name="PharmacyManagementApi.Services.AuthService/&lt;Register&gt;d__7" filename="Documents\Pharmacy Manager\PharmacyManagementSolution\PharmacyManagementApi\Services\AuthService.cs" line-rate="1" branch-rate="1" complexity="1">
          <methods>
            <method name="MoveNext" signature="()" line-rate="1" branch-rate="1" complexity="1">
              <lines>
                <line number="94" hits="41" branch="False" />
                <line number="96" hits="41" branch="False" />
                <line number="97" hits="41" branch="False" />
                <line number="98" hits="41" branch="False" />
                <line number="99" hits="41" branch="False" />
                <line number="100" hits="41" branch="False" />
                <line number="101" hits="41" branch="False" />
                <line number="102" hits="41" branch="False" />
                <line number="103" hits="41" branch="False" />
                <line number="104" hits="41" branch="False" />
                <line number="105" hits="41" branch="False" />
                <line number="107" hits="41" branch="False" />
                <line number="108" hits="40" branch="False" />
                <line number="109" hits="40" branch="False" />
                <line number="110" hits="40" branch="False" />
                <line number="112" hits="40" branch="False" />
                <line number="113" hits="40" branch="False" />
                <line number="114" hits="40" branch="False" />
                <line number="115" hits="40" branch="False" />
                <line number="116" hits="40" branch="False" />
                <line number="117" hits="40" branch="False" />
                <line number="118" hits="40" branch="False" />
                <line number="120" hits="40" branch="False" />
                <line number="123" hits="1" branch="False" />
                <line number="124" hits="1" branch="False" />
                <line number="125" hits="1" branch="False" />
                <line number="128" hits="40" branch="False" />
              </lines>
            </method>
          </methods>
          <lines>
            <line number="94" hits="41" branch="False" />
            <line number="96" hits="41" branch="False" />
            <line number="97" hits="41" branch="False" />
            <line number="98" hits="41" branch="False" />
            <line number="99" hits="41" branch="False" />
            <line number="100" hits="41" branch="False" />
            <line number="101" hits="41" branch="False" />
            <line number="102" hits="41" branch="False" />
            <line number="103" hits="41" branch="False" />
            <line number="104" hits="41" branch="False" />
            <line number="105" hits="41" branch="False" />
            <line number="107" hits="41" branch="False" />
            <line number="108" hits="40" branch="False" />
            <line number="109" hits="40" branch="False" />
            <line number="110" hits="40" branch="False" />
            <line number="112" hits="40" branch="False" />
            <line number="113" hits="40" branch="False" />
            <line number="114" hits="40" branch="False" />
            <line number="115" hits="40" branch="False" />
            <line number="116" hits="40" branch="False" />
            <line number="117" hits="40" branch="False" />
            <line number="118" hits="40" branch="False" />
            <line number="120" hits="40" branch="False" />
            <line number="123" hits="1" branch="False" />
            <line number="124" hits="1" branch="False" />
            <line number="125" hits="1" branch="False" />
            <line number="128" hits="40" branch="False" />
          </lines>
        </class>
        <class name="PharmacyManagementApi.Services.CartService" filename="Documents\Pharmacy Manager\PharmacyManagementSolution\PharmacyManagementApi\Services\CartService.cs" line-rate="1" branch-rate="1" complexity="1">
          <methods>
            <method name=".ctor" signature="(PharmacyManagementApi.Repositories.Joined_Repositories.StockJoinedRepository,PharmacyManagementApi.Repositories.Joined_Repositories.CustomerJoinedRepository,PharmacyManagementApi.Interface.IReposiroty`2&lt;System.Int32,PharmacyManagementApi.Models.Order&gt;,PharmacyManagementApi.Interface.IReposiroty`2&lt;System.Int32,PharmacyManagementApi.Models.OrderDetail&gt;,PharmacyManagementApi.Interface.ITransactionService,PharmacyManagementApi.Interface.IReposiroty`2&lt;System.Int32,PharmacyManagementApi.Models.Medicine&gt;,PharmacyManagementApi.Interface.IReposiroty`2&lt;System.Int32,PharmacyManagementApi.Models.Cart&gt;)" line-rate="1" branch-rate="1" complexity="1">
              <lines>
                <line number="21" hits="23" branch="False" />
                <line number="22" hits="23" branch="False" />
                <line number="23" hits="23" branch="False" />
                <line number="24" hits="23" branch="False" />
                <line number="25" hits="23" branch="False" />
                <line number="26" hits="23" branch="False" />
                <line number="27" hits="23" branch="False" />
                <line number="28" hits="23" branch="False" />
                <line number="29" hits="46" branch="False" />
                <line number="31" hits="23" branch="False" />
                <line number="32" hits="23" branch="False" />
                <line number="33" hits="23" branch="False" />
                <line number="34" hits="23" branch="False" />
                <line number="35" hits="23" branch="False" />
                <line number="36" hits="23" branch="False" />
                <line number="37" hits="23" branch="False" />
                <line number="40" hits="23" branch="False" />
              </lines>
            </method>
          </methods>
          <lines>
            <line number="21" hits="23" branch="False" />
            <line number="22" hits="23" branch="False" />
            <line number="23" hits="23" branch="False" />
            <line number="24" hits="23" branch="False" />
            <line number="25" hits="23" branch="False" />
            <line number="26" hits="23" branch="False" />
            <line number="27" hits="23" branch="False" />
            <line number="28" hits="23" branch="False" />
            <line number="29" hits="46" branch="False" />
            <line number="31" hits="23" branch="False" />
            <line number="32" hits="23" branch="False" />
            <line number="33" hits="23" branch="False" />
            <line number="34" hits="23" branch="False" />
            <line number="35" hits="23" branch="False" />
            <line number="36" hits="23" branch="False" />
            <line number="37" hits="23" branch="False" />
            <line number="40" hits="23" branch="False" />
          </lines>
        </class>
        <class name="PharmacyManagementApi.Services.CartService/&lt;&gt;c" filename="Documents\Pharmacy Manager\PharmacyManagementSolution\PharmacyManagementApi\Services\CartService.cs" line-rate="1" branch-rate="1" complexity="2">
          <methods>
            <method name="&lt;FindMedicineById&gt;b__8_1" signature="(PharmacyManagementApi.Models.Stock)" line-rate="1" branch-rate="1" complexity="1">
              <lines>
                <line number="47" hits="40" branch="False" />
              </lines>
            </method>
            <method name="&lt;FindMedicineById&gt;b__8_2" signature="(System.Linq.IGrouping`2&lt;System.Int32,PharmacyManagementApi.Models.Stock&gt;)" line-rate="1" branch-rate="1" complexity="1">
              <lines>
                <line number="48" hits="19" branch="False" />
                <line number="49" hits="19" branch="False" />
                <line number="50" hits="21" branch="False" />
                <line number="51" hits="21" branch="False" />
                <line number="52" hits="19" branch="False" />
                <line number="53" hits="19" branch="False" />
                <line number="54" hits="19" branch="False" />
              </lines>
            </method>
          </methods>
          <lines>
            <line number="47" hits="40" branch="False" />
            <line number="48" hits="19" branch="False" />
            <line number="49" hits="19" branch="False" />
            <line number="50" hits="21" branch="False" />
            <line number="51" hits="21" branch="False" />
            <line number="52" hits="19" branch="False" />
            <line number="53" hits="19" branch="False" />
            <line number="54" hits="19" branch="False" />
          </lines>
        </class>
        <class name="PharmacyManagementApi.Services.CartService/&lt;&gt;c__DisplayClass10_0" filename="Documents\Pharmacy Manager\PharmacyManagementSolution\PharmacyManagementApi\Services\CartService.cs" line-rate="1" branch-rate="1" complexity="1">
          <methods>
            <method name="&lt;UpdateCart&gt;b__0" signature="(PharmacyManagementApi.Models.Cart)" line-rate="1" branch-rate="1" complexity="1">
              <lines>
                <line number="138" hits="5" branch="False" />
              </lines>
            </method>
          </methods>
          <lines>
            <line number="138" hits="5" branch="False" />
          </lines>
        </class>
        <class name="PharmacyManagementApi.Services.CartService/&lt;&gt;c__DisplayClass9_0" filename="Documents\Pharmacy Manager\PharmacyManagementSolution\PharmacyManagementApi\Services\CartService.cs" line-rate="1" branch-rate="1" complexity="1">
          <methods>
            <method name="&lt;AddToCart&gt;b__0" signature="(PharmacyManagementApi.Models.Cart)" line-rate="1" branch-rate="1" complexity="1">
              <lines>
                <line number="92" hits="19" branch="False" />
              </lines>
            </method>
          </methods>
          <lines>
            <line number="92" hits="19" branch="False" />
          </lines>
        </class>
        <class name="PharmacyManagementApi.Services.CartService/&lt;AddToCart&gt;d__9" filename="Documents\Pharmacy Manager\PharmacyManagementSolution\PharmacyManagementApi\Services\CartService.cs" line-rate="1" branch-rate="1" complexity="8">
          <methods>
            <method name="MoveNext" signature="()" line-rate="1" branch-rate="1" complexity="8">
              <lines>
                <line number="81" hits="16" branch="True" condition-coverage="100% (2/2)">
                  <conditions>
                    <condition number="16" type="jump" coverage="100%" />
                  </conditions>
                </line>
                <line number="82" hits="16" branch="True" condition-coverage="100% (2/2)">
                  <conditions>
                    <condition number="191" type="jump" coverage="100%" />
                  </conditions>
                </line>
                <line number="83" hits="16" branch="False" />
                <line number="85" hits="16" branch="False" />
                <line number="86" hits="16" branch="False" />
                <line number="87" hits="16" branch="False" />
                <line number="88" hits="16" branch="True" condition-coverage="100% (2/2)">
                  <conditions>
                    <condition number="591" type="jump" coverage="100%" />
                  </conditions>
                </line>
                <line number="89" hits="1" branch="False" />
                <line number="90" hits="1" branch="False" />
                <line number="93" hits="15" branch="True" condition-coverage="100% (2/2)">
                  <conditions>
                    <condition number="773" type="jump" coverage="100%" />
                  </conditions>
                </line>
                <line number="94" hits="1" branch="False" />
                <line number="95" hits="1" branch="False" />
                <line number="97" hits="14" branch="False" />
                <line number="98" hits="14" branch="False" />
                <line number="99" hits="14" branch="False" />
                <line number="100" hits="14" branch="False" />
                <line number="101" hits="14" branch="False" />
                <line number="102" hits="14" branch="False" />
                <line number="103" hits="14" branch="False" />
                <line number="104" hits="14" branch="False" />
                <line number="105" hits="14" branch="False" />
                <line number="106" hits="14" branch="False" />
                <line number="108" hits="14" branch="False" />
                <line number="109" hits="14" branch="False" />
                <line number="110" hits="14" branch="False" />
                <line number="111" hits="14" branch="False" />
                <line number="112" hits="14" branch="False" />
                <line number="113" hits="14" branch="False" />
                <line number="114" hits="14" branch="False" />
                <line number="115" hits="14" branch="False" />
                <line number="117" hits="14" branch="False" />
                <line number="120" hits="2" branch="False" />
                <line number="121" hits="2" branch="False" />
                <line number="122" hits="2" branch="False" />
                <line number="123" hits="2" branch="False" />
                <line number="128" hits="14" branch="False" />
              </lines>
            </method>
          </methods>
          <lines>
            <line number="81" hits="16" branch="True" condition-coverage="100% (2/2)">
              <conditions>
                <condition number="16" type="jump" coverage="100%" />
              </conditions>
            </line>
            <line number="82" hits="16" branch="True" condition-coverage="100% (2/2)">
              <conditions>
                <condition number="191" type="jump" coverage="100%" />
              </conditions>
            </line>
            <line number="83" hits="16" branch="False" />
            <line number="85" hits="16" branch="False" />
            <line number="86" hits="16" branch="False" />
            <line number="87" hits="16" branch="False" />
            <line number="88" hits="16" branch="True" condition-coverage="100% (2/2)">
              <conditions>
                <condition number="591" type="jump" coverage="100%" />
              </conditions>
            </line>
            <line number="89" hits="1" branch="False" />
            <line number="90" hits="1" branch="False" />
            <line number="93" hits="15" branch="True" condition-coverage="100% (2/2)">
              <conditions>
                <condition number="773" type="jump" coverage="100%" />
              </conditions>
            </line>
            <line number="94" hits="1" branch="False" />
            <line number="95" hits="1" branch="False" />
            <line number="97" hits="14" branch="False" />
            <line number="98" hits="14" branch="False" />
            <line number="99" hits="14" branch="False" />
            <line number="100" hits="14" branch="False" />
            <line number="101" hits="14" branch="False" />
            <line number="102" hits="14" branch="False" />
            <line number="103" hits="14" branch="False" />
            <line number="104" hits="14" branch="False" />
            <line number="105" hits="14" branch="False" />
            <line number="106" hits="14" branch="False" />
            <line number="108" hits="14" branch="False" />
            <line number="109" hits="14" branch="False" />
            <line number="110" hits="14" branch="False" />
            <line number="111" hits="14" branch="False" />
            <line number="112" hits="14" branch="False" />
            <line number="113" hits="14" branch="False" />
            <line number="114" hits="14" branch="False" />
            <line number="115" hits="14" branch="False" />
            <line number="117" hits="14" branch="False" />
            <line number="120" hits="2" branch="False" />
            <line number="121" hits="2" branch="False" />
            <line number="122" hits="2" branch="False" />
            <line number="123" hits="2" branch="False" />
            <line number="128" hits="14" branch="False" />
          </lines>
        </class>
        <class name="PharmacyManagementApi.Services.CartService/&lt;Checkout&gt;d__12" filename="Documents\Pharmacy Manager\PharmacyManagementSolution\PharmacyManagementApi\Services\CartService.cs" line-rate="1" branch-rate="1" complexity="10">
          <methods>
            <method name="MoveNext" signature="()" line-rate="1" branch-rate="1" complexity="10">
              <lines>
                <line number="206" hits="6" branch="True" condition-coverage="100% (2/2)">
                  <conditions>
                    <condition number="16" type="jump" coverage="100%" />
                  </conditions>
                </line>
                <line number="207" hits="6" branch="True" condition-coverage="100% (2/2)">
                  <conditions>
                    <condition number="163" type="jump" coverage="100%" />
                  </conditions>
                </line>
                <line number="208" hits="6" branch="False" />
                <line number="210" hits="6" branch="False" />
                <line number="211" hits="6" branch="False" />
                <line number="212" hits="6" branch="True" condition-coverage="100% (2/2)">
                  <conditions>
                    <condition number="422" type="jump" coverage="100%" />
                  </conditions>
                </line>
                <line number="213" hits="1" branch="False" />
                <line number="214" hits="1" branch="False" />
                <line number="216" hits="5" branch="False" />
                <line number="217" hits="5" branch="False" />
                <line number="218" hits="5" branch="False" />
                <line number="219" hits="5" branch="False" />
                <line number="220" hits="5" branch="False" />
                <line number="221" hits="5" branch="False" />
                <line number="222" hits="5" branch="False" />
                <line number="223" hits="5" branch="False" />
                <line number="224" hits="5" branch="False" />
                <line number="225" hits="5" branch="False" />
                <line number="226" hits="30" branch="True" condition-coverage="100% (2/2)">
                  <conditions>
                    <condition number="1469" type="jump" coverage="100%" />
                  </conditions>
                </line>
                <line number="227" hits="8" branch="False" />
                <line number="228" hits="8" branch="False" />
                <line number="229" hits="8" branch="False" />
                <line number="230" hits="8" branch="True" condition-coverage="100% (2/2)">
                  <conditions>
                    <condition number="934" type="jump" coverage="100%" />
                  </conditions>
                </line>
                <line number="231" hits="1" branch="False" />
                <line number="232" hits="1" branch="False" />
                <line number="235" hits="7" branch="False" />
                <line number="236" hits="7" branch="False" />
                <line number="237" hits="7" branch="False" />
                <line number="238" hits="7" branch="False" />
                <line number="239" hits="7" branch="False" />
                <line number="240" hits="7" branch="False" />
                <line number="241" hits="7" branch="False" />
                <line number="242" hits="7" branch="False" />
                <line number="243" hits="7" branch="False" />
                <line number="244" hits="7" branch="False" />
                <line number="245" hits="7" branch="False" />
                <line number="246" hits="7" branch="False" />
                <line number="249" hits="7" branch="False" />
                <line number="251" hits="4" branch="False" />
                <line number="252" hits="4" branch="False" />
                <line number="253" hits="4" branch="False" />
                <line number="254" hits="4" branch="False" />
                <line number="255" hits="4" branch="False" />
                <line number="256" hits="4" branch="False" />
                <line number="257" hits="4" branch="False" />
                <line number="258" hits="4" branch="False" />
                <line number="259" hits="4" branch="False" />
                <line number="260" hits="4" branch="False" />
                <line number="261" hits="4" branch="False" />
                <line number="265" hits="2" branch="False" />
                <line number="266" hits="2" branch="False" />
                <line number="267" hits="2" branch="False" />
                <line number="269" hits="2" branch="False" />
                <line number="276" hits="4" branch="False" />
              </lines>
            </method>
          </methods>
          <lines>
            <line number="206" hits="6" branch="True" condition-coverage="100% (2/2)">
              <conditions>
                <condition number="16" type="jump" coverage="100%" />
              </conditions>
            </line>
            <line number="207" hits="6" branch="True" condition-coverage="100% (2/2)">
              <conditions>
                <condition number="163" type="jump" coverage="100%" />
              </conditions>
            </line>
            <line number="208" hits="6" branch="False" />
            <line number="210" hits="6" branch="False" />
            <line number="211" hits="6" branch="False" />
            <line number="212" hits="6" branch="True" condition-coverage="100% (2/2)">
              <conditions>
                <condition number="422" type="jump" coverage="100%" />
              </conditions>
            </line>
            <line number="213" hits="1" branch="False" />
            <line number="214" hits="1" branch="False" />
            <line number="216" hits="5" branch="False" />
            <line number="217" hits="5" branch="False" />
            <line number="218" hits="5" branch="False" />
            <line number="219" hits="5" branch="False" />
            <line number="220" hits="5" branch="False" />
            <line number="221" hits="5" branch="False" />
            <line number="222" hits="5" branch="False" />
            <line number="223" hits="5" branch="False" />
            <line number="224" hits="5" branch="False" />
            <line number="225" hits="5" branch="False" />
            <line number="226" hits="30" branch="True" condition-coverage="100% (2/2)">
              <conditions>
                <condition number="1469" type="jump" coverage="100%" />
              </conditions>
            </line>
            <line number="227" hits="8" branch="False" />
            <line number="228" hits="8" branch="False" />
            <line number="229" hits="8" branch="False" />
            <line number="230" hits="8" branch="True" condition-coverage="100% (2/2)">
              <conditions>
                <condition number="934" type="jump" coverage="100%" />
              </conditions>
            </line>
            <line number="231" hits="1" branch="False" />
            <line number="232" hits="1" branch="False" />
            <line number="235" hits="7" branch="False" />
            <line number="236" hits="7" branch="False" />
            <line number="237" hits="7" branch="False" />
            <line number="238" hits="7" branch="False" />
            <line number="239" hits="7" branch="False" />
            <line number="240" hits="7" branch="False" />
            <line number="241" hits="7" branch="False" />
            <line number="242" hits="7" branch="False" />
            <line number="243" hits="7" branch="False" />
            <line number="244" hits="7" branch="False" />
            <line number="245" hits="7" branch="False" />
            <line number="246" hits="7" branch="False" />
            <line number="249" hits="7" branch="False" />
            <line number="251" hits="4" branch="False" />
            <line number="252" hits="4" branch="False" />
            <line number="253" hits="4" branch="False" />
            <line number="254" hits="4" branch="False" />
            <line number="255" hits="4" branch="False" />
            <line number="256" hits="4" branch="False" />
            <line number="257" hits="4" branch="False" />
            <line number="258" hits="4" branch="False" />
            <line number="259" hits="4" branch="False" />
            <line number="260" hits="4" branch="False" />
            <line number="261" hits="4" branch="False" />
            <line number="265" hits="2" branch="False" />
            <line number="266" hits="2" branch="False" />
            <line number="267" hits="2" branch="False" />
            <line number="269" hits="2" branch="False" />
            <line number="276" hits="4" branch="False" />
          </lines>
        </class>
        <class name="PharmacyManagementApi.Services.CartService/&lt;RemoveFromCart&gt;d__11" filename="Documents\Pharmacy Manager\PharmacyManagementSolution\PharmacyManagementApi\Services\CartService.cs" line-rate="1" branch-rate="1" complexity="6">
          <methods>
            <method name="MoveNext" signature="()" line-rate="1" branch-rate="1" complexity="6">
              <lines>
                <line number="173" hits="3" branch="True" condition-coverage="100% (2/2)">
                  <conditions>
                    <condition number="16" type="jump" coverage="100%" />
                  </conditions>
                </line>
                <line number="174" hits="3" branch="True" condition-coverage="100% (2/2)">
                  <conditions>
                    <condition number="163" type="jump" coverage="100%" />
                  </conditions>
                </line>
                <line number="175" hits="3" branch="False" />
                <line number="177" hits="3" branch="False" />
                <line number="179" hits="3" branch="False" />
                <line number="180" hits="2" branch="True" condition-coverage="100% (2/2)">
                  <conditions>
                    <condition number="376" type="jump" coverage="100%" />
                  </conditions>
                </line>
                <line number="181" hits="2" branch="False" />
                <line number="182" hits="2" branch="False" />
                <line number="183" hits="2" branch="False" />
                <line number="184" hits="2" branch="False" />
                <line number="185" hits="2" branch="False" />
                <line number="186" hits="2" branch="False" />
                <line number="187" hits="2" branch="False" />
                <line number="188" hits="2" branch="False" />
                <line number="189" hits="2" branch="False" />
                <line number="190" hits="2" branch="False" />
                <line number="191" hits="2" branch="False" />
                <line number="194" hits="1" branch="False" />
                <line number="195" hits="1" branch="False" />
                <line number="196" hits="1" branch="False" />
                <line number="197" hits="1" branch="False" />
                <line number="203" hits="2" branch="False" />
              </lines>
            </method>
          </methods>
          <lines>
            <line number="173" hits="3" branch="True" condition-coverage="100% (2/2)">
              <conditions>
                <condition number="16" type="jump" coverage="100%" />
              </conditions>
            </line>
            <line number="174" hits="3" branch="True" condition-coverage="100% (2/2)">
              <conditions>
                <condition number="163" type="jump" coverage="100%" />
              </conditions>
            </line>
            <line number="175" hits="3" branch="False" />
            <line number="177" hits="3" branch="False" />
            <line number="179" hits="3" branch="False" />
            <line number="180" hits="2" branch="True" condition-coverage="100% (2/2)">
              <conditions>
                <condition number="376" type="jump" coverage="100%" />
              </conditions>
            </line>
            <line number="181" hits="2" branch="False" />
            <line number="182" hits="2" branch="False" />
            <line number="183" hits="2" branch="False" />
            <line number="184" hits="2" branch="False" />
            <line number="185" hits="2" branch="False" />
            <line number="186" hits="2" branch="False" />
            <line number="187" hits="2" branch="False" />
            <line number="188" hits="2" branch="False" />
            <line number="189" hits="2" branch="False" />
            <line number="190" hits="2" branch="False" />
            <line number="191" hits="2" branch="False" />
            <line number="194" hits="1" branch="False" />
            <line number="195" hits="1" branch="False" />
            <line number="196" hits="1" branch="False" />
            <line number="197" hits="1" branch="False" />
            <line number="203" hits="2" branch="False" />
          </lines>
        </class>
        <class name="PharmacyManagementApi.Services.CartService/&lt;UpdateCart&gt;d__10" filename="Documents\Pharmacy Manager\PharmacyManagementSolution\PharmacyManagementApi\Services\CartService.cs" line-rate="1" branch-rate="0.8332999999999999" complexity="12">
          <methods>
            <method name="MoveNext" signature="()" line-rate="1" branch-rate="0.8332999999999999" complexity="12">
              <lines>
                <line number="130" hits="3" branch="True" condition-coverage="100% (2/2)">
                  <conditions>
                    <condition number="16" type="jump" coverage="100%" />
                  </conditions>
                </line>
                <line number="131" hits="3" branch="True" condition-coverage="100% (2/2)">
                  <conditions>
                    <condition number="191" type="jump" coverage="100%" />
                  </conditions>
                </line>
                <line number="132" hits="3" branch="False" />
                <line number="134" hits="3" branch="False" />
                <line number="135" hits="3" branch="False" />
                <line number="136" hits="3" branch="False" />
                <line number="137" hits="3" branch="False" />
                <line number="139" hits="4" branch="True" condition-coverage="100% (2/2)">
                  <conditions>
                    <condition number="759" type="jump" coverage="100%" />
                  </conditions>
                </line>
                <line number="140" hits="1" branch="False" />
                <line number="143" hits="2" branch="True" condition-coverage="66.66% (4/6)">
                  <conditions>
                    <condition number="809" type="jump" coverage="50%" />
                    <condition number="843" type="jump" coverage="50%" />
                    <condition number="895" type="jump" coverage="100%" />
                  </conditions>
                </line>
                <line number="144" hits="1" branch="False" />
                <line number="145" hits="1" branch="False" />
                <line number="147" hits="1" branch="False" />
                <line number="148" hits="1" branch="False" />
                <line number="150" hits="1" branch="False" />
                <line number="151" hits="1" branch="False" />
                <line number="152" hits="1" branch="False" />
                <line number="153" hits="1" branch="False" />
                <line number="154" hits="1" branch="False" />
                <line number="155" hits="1" branch="False" />
                <line number="156" hits="1" branch="False" />
                <line number="157" hits="1" branch="False" />
                <line number="159" hits="1" branch="False" />
                <line number="162" hits="2" branch="False" />
                <line number="163" hits="2" branch="False" />
                <line number="164" hits="2" branch="False" />
                <line number="165" hits="2" branch="False" />
                <line number="170" hits="1" branch="False" />
              </lines>
            </method>
          </methods>
          <lines>
            <line number="130" hits="3" branch="True" condition-coverage="100% (2/2)">
              <conditions>
                <condition number="16" type="jump" coverage="100%" />
              </conditions>
            </line>
            <line number="131" hits="3" branch="True" condition-coverage="100% (2/2)">
              <conditions>
                <condition number="191" type="jump" coverage="100%" />
              </conditions>
            </line>
            <line number="132" hits="3" branch="False" />
            <line number="134" hits="3" branch="False" />
            <line number="135" hits="3" branch="False" />
            <line number="136" hits="3" branch="False" />
            <line number="137" hits="3" branch="False" />
            <line number="139" hits="4" branch="True" condition-coverage="100% (2/2)">
              <conditions>
                <condition number="759" type="jump" coverage="100%" />
              </conditions>
            </line>
            <line number="140" hits="1" branch="False" />
            <line number="143" hits="2" branch="True" condition-coverage="66.66% (4/6)">
              <conditions>
                <condition number="809" type="jump" coverage="50%" />
                <condition number="843" type="jump" coverage="50%" />
                <condition number="895" type="jump" coverage="100%" />
              </conditions>
            </line>
            <line number="144" hits="1" branch="False" />
            <line number="145" hits="1" branch="False" />
            <line number="147" hits="1" branch="False" />
            <line number="148" hits="1" branch="False" />
            <line number="150" hits="1" branch="False" />
            <line number="151" hits="1" branch="False" />
            <line number="152" hits="1" branch="False" />
            <line number="153" hits="1" branch="False" />
            <line number="154" hits="1" branch="False" />
            <line number="155" hits="1" branch="False" />
            <line number="156" hits="1" branch="False" />
            <line number="157" hits="1" branch="False" />
            <line number="159" hits="1" branch="False" />
            <line number="162" hits="2" branch="False" />
            <line number="163" hits="2" branch="False" />
            <line number="164" hits="2" branch="False" />
            <line number="165" hits="2" branch="False" />
            <line number="170" hits="1" branch="False" />
          </lines>
        </class>
        <class name="PharmacyManagementApi.Services.FeedBackService" filename="Documents\Pharmacy Manager\PharmacyManagementSolution\PharmacyManagementApi\Services\FeedBackService.cs" line-rate="1" branch-rate="1" complexity="1">
          <methods>
            <method name=".ctor" signature="(PharmacyManagementApi.Interface.ITransactionService,PharmacyManagementApi.Interface.IReposiroty`2&lt;System.Int32,PharmacyManagementApi.Models.Feedback&gt;,PharmacyManagementApi.Interface.IReposiroty`2&lt;System.Int32,PharmacyManagementApi.Models.Medicine&gt;,PharmacyManagementApi.Interface.IReposiroty`2&lt;System.Int32,PharmacyManagementApi.Models.Customer&gt;)" line-rate="1" branch-rate="1" complexity="1">
              <lines>
                <line number="17" hits="7" branch="False" />
                <line number="18" hits="7" branch="False" />
                <line number="19" hits="7" branch="False" />
                <line number="20" hits="7" branch="False" />
                <line number="21" hits="7" branch="False" />
                <line number="22" hits="7" branch="False" />
                <line number="23" hits="7" branch="False" />
                <line number="24" hits="7" branch="False" />
                <line number="25" hits="7" branch="False" />
                <line number="26" hits="7" branch="False" />
                <line number="27" hits="7" branch="False" />
              </lines>
            </method>
          </methods>
          <lines>
            <line number="17" hits="7" branch="False" />
            <line number="18" hits="7" branch="False" />
            <line number="19" hits="7" branch="False" />
            <line number="20" hits="7" branch="False" />
            <line number="21" hits="7" branch="False" />
            <line number="22" hits="7" branch="False" />
            <line number="23" hits="7" branch="False" />
            <line number="24" hits="7" branch="False" />
            <line number="25" hits="7" branch="False" />
            <line number="26" hits="7" branch="False" />
            <line number="27" hits="7" branch="False" />
          </lines>
        </class>
        <class name="PharmacyManagementApi.Services.FeedBackService/&lt;&gt;c__DisplayClass5_0" filename="Documents\Pharmacy Manager\PharmacyManagementSolution\PharmacyManagementApi\Services\FeedBackService.cs" line-rate="1" branch-rate="1" complexity="1">
          <methods>
            <method name="&lt;AddFeedback&gt;b__0" signature="(PharmacyManagementApi.Models.Feedback)" line-rate="1" branch-rate="1" complexity="1">
              <lines>
                <line number="45" hits="10" branch="False" />
              </lines>
            </method>
          </methods>
          <lines>
            <line number="45" hits="10" branch="False" />
          </lines>
        </class>
        <class name="PharmacyManagementApi.Services.FeedBackService/&lt;&gt;c__DisplayClass6_0" filename="Documents\Pharmacy Manager\PharmacyManagementSolution\PharmacyManagementApi\Services\FeedBackService.cs" line-rate="1" branch-rate="1" complexity="1">
          <methods>
[...]
            <line number="88" hits="4" branch="False" />
            <line number="89" hits="4" branch="False" />
            <line number="90" hits="4" branch="False" />
            <line number="91" hits="4" branch="False" />
            <line number="93" hits="4" branch="False" />
            <line number="94" hits="4" branch="False" />
            <line number="95" hits="4" branch="False" />
            <line number="96" hits="4" branch="False" />
            <line number="97" hits="4" branch="False" />
            <line number="98" hits="4" branch="False" />
            <line number="99" hits="4" branch="False" />
            <line number="100" hits="4" branch="False" />
            <line number="101" hits="4" branch="False" />
            <line number="103" hits="4" branch="False" />
            <line number="104" hits="4" branch="False" />
            <line number="105" hits="4" branch="False" />
            <line number="106" hits="4" branch="False" />
            <line number="107" hits="4" branch="False" />
            <line number="108" hits="4" branch="False" />
            <line number="109" hits="4" branch="False" />
            <line number="111" hits="4" branch="False" />
            <line number="112" hits="4" branch="False" />
            <line number="113" hits="4" branch="False" />
            <line number="114" hits="4" branch="False" />
            <line number="115" hits="4" branch="False" />
            <line number="116" hits="4" branch="False" />
            <line number="117" hits="4" branch="False" />
            <line number="118" hits="4" branch="False" />
            <line number="119" hits="4" branch="False" />
            <line number="120" hits="4" branch="False" />
            <line number="121" hits="4" branch="False" />
            <line number="123" hits="4" branch="False" />
            <line number="124" hits="4" branch="False" />
            <line number="125" hits="4" branch="False" />
            <line number="126" hits="4" branch="False" />
            <line number="127" hits="4" branch="False" />
            <line number="128" hits="4" branch="False" />
            <line number="129" hits="4" branch="False" />
            <line number="130" hits="4" branch="False" />
            <line number="131" hits="4" branch="False" />
            <line number="132" hits="4" branch="False" />
            <line number="133" hits="4" branch="False" />
            <line number="135" hits="4" branch="False" />
            <line number="136" hits="4" branch="False" />
            <line number="137" hits="4" branch="False" />
            <line number="138" hits="4" branch="False" />
            <line number="139" hits="4" branch="False" />
            <line number="141" hits="4" branch="False" />
            <line number="142" hits="4" branch="False" />
            <line number="143" hits="4" branch="False" />
            <line number="144" hits="4" branch="False" />
            <line number="145" hits="4" branch="False" />
            <line number="146" hits="4" branch="False" />
            <line number="147" hits="4" branch="False" />
            <line number="148" hits="4" branch="False" />
            <line number="149" hits="4" branch="False" />
            <line number="150" hits="4" branch="False" />
            <line number="151" hits="4" branch="False" />
            <line number="152" hits="4" branch="False" />
            <line number="154" hits="4" branch="False" />
          </lines>
        </class>
        <class name="PharmacyUnitTest.ViewServiceTest/&lt;ShowAllProduct&gt;d__21" filename="Documents\Pharmacy Manager\PharmacyManagementSolution\PharmacyUnitTest\ViewServiceTest.cs" line-rate="1" branch-rate="1" complexity="1">
          <methods>
            <method name="MoveNext" signature="()" line-rate="1" branch-rate="1" complexity="1">
              <lines>
                <line number="157" hits="1" branch="False" />
                <line number="159" hits="1" branch="False" />
                <line number="160" hits="1" branch="False" />
                <line number="161" hits="1" branch="False" />
                <line number="162" hits="1" branch="False" />
                <line number="167" hits="1" branch="False" />
                <line number="168" hits="1" branch="False" />
                <line number="170" hits="1" branch="False" />
                <line number="171" hits="1" branch="False" />
                <line number="172" hits="1" branch="False" />
              </lines>
            </method>
          </methods>
          <lines>
            <line number="157" hits="1" branch="False" />
            <line number="159" hits="1" branch="False" />
            <line number="160" hits="1" branch="False" />
            <line number="161" hits="1" branch="False" />
            <line number="162" hits="1" branch="False" />
            <line number="167" hits="1" branch="False" />
            <line number="168" hits="1" branch="False" />
            <line number="170" hits="1" branch="False" />
            <line number="171" hits="1" branch="False" />
            <line number="172" hits="1" branch="False" />
          </lines>
        </class>
        <class name="PharmacyUnitTest.ViewServiceTest/&lt;ShowProductQuantityCheck&gt;d__22" filename="Documents\Pharmacy Manager\PharmacyManagementSolution\PharmacyUnitTest\ViewServiceTest.cs" line-rate="1" branch-rate="1" complexity="1">
          <methods>
            <method name="MoveNext" signature="()" line-rate="1" branch-rate="1" complexity="1">
              <lines>
                <line number="177" hits="1" branch="False" />
                <line number="179" hits="1" branch="False" />
                <line number="182" hits="1" branch="False" />
                <line number="183" hits="1" branch="False" />
                <line number="184" hits="1" branch="False" />
                <line number="185" hits="1" branch="False" />
                <line number="186" hits="1" branch="False" />
              </lines>
            </method>
          </methods>
          <lines>
            <line number="177" hits="1" branch="False" />
            <line number="179" hits="1" branch="False" />
            <line number="182" hits="1" branch="False" />
            <line number="183" hits="1" branch="False" />
            <line number="184" hits="1" branch="False" />
            <line number="185" hits="1" branch="False" />
            <line number="186" hits="1" branch="False" />
          </lines>
        </class>
        <class name="PharmacyUnitTest.RepositoryTest.PurchaseRepositoryTest" filename="Documents\Pharmacy Manager\PharmacyManagementSolution\PharmacyUnitTest\RepositoryTest\PurchaseRepositoryTest.cs" line-rate="1" branch-rate="1" complexity="1">
          <methods>
            <method name="Setup" signature="()" line-rate="1" branch-rate="1" complexity="1">
              <lines>
                <line number="24" hits="6" branch="False" />
                <line number="25" hits="6" branch="False" />
                <line number="26" hits="6" branch="False" />
                <line number="27" hits="6" branch="False" />
                <line number="29" hits="6" branch="False" />
                <line number="30" hits="6" branch="False" />
                <line number="31" hits="6" branch="False" />
                <line number="32" hits="6" branch="False" />
                <line number="33" hits="6" branch="False" />
                <line number="34" hits="6" branch="False" />
                <line number="35" hits="6" branch="False" />
              </lines>
            </method>
          </methods>
          <lines>
            <line number="24" hits="6" branch="False" />
            <line number="25" hits="6" branch="False" />
            <line number="26" hits="6" branch="False" />
            <line number="27" hits="6" branch="False" />
            <line number="29" hits="6" branch="False" />
            <line number="30" hits="6" branch="False" />
            <line number="31" hits="6" branch="False" />
            <line number="32" hits="6" branch="False" />
            <line number="33" hits="6" branch="False" />
            <line number="34" hits="6" branch="False" />
            <line number="35" hits="6" branch="False" />
          </lines>
        </class>
        <class name="PharmacyUnitTest.RepositoryTest.PurchaseRepositoryTest/&lt;&lt;PurchaseAddFailTestNull&gt;b__4_0&gt;d" filename="Documents\Pharmacy Manager\PharmacyManagementSolution\PharmacyUnitTest\RepositoryTest\PurchaseRepositoryTest.cs" line-rate="1" branch-rate="1" complexity="1">
          <methods>
            <method name="MoveNext" signature="()" line-rate="1" branch-rate="1" complexity="1">
              <lines>
                <line number="40" hits="2" branch="False" />
              </lines>
            </method>
          </methods>
          <lines>
            <line number="40" hits="2" branch="False" />
          </lines>
        </class>
        <class name="PharmacyUnitTest.RepositoryTest.PurchaseRepositoryTest/&lt;&lt;PurchaseDeleteFail&gt;b__7_0&gt;d" filename="Documents\Pharmacy Manager\PharmacyManagementSolution\PharmacyUnitTest\RepositoryTest\PurchaseRepositoryTest.cs" line-rate="1" branch-rate="1" complexity="1">
          <methods>
            <method name="MoveNext" signature="()" line-rate="1" branch-rate="1" complexity="1">
              <lines>
                <line number="81" hits="2" branch="False" />
              </lines>
            </method>
          </methods>
          <lines>
            <line number="81" hits="2" branch="False" />
          </lines>
        </class>
        <class name="PharmacyUnitTest.RepositoryTest.PurchaseRepositoryTest/&lt;&lt;PurchaseUpdateFailNull&gt;b__8_0&gt;d" filename="Documents\Pharmacy Manager\PharmacyManagementSolution\PharmacyUnitTest\RepositoryTest\PurchaseRepositoryTest.cs" line-rate="1" branch-rate="1" complexity="1">
          <methods>
            <method name="MoveNext" signature="()" line-rate="1" branch-rate="1" complexity="1">
              <lines>
                <line number="89" hits="2" branch="False" />
              </lines>
            </method>
          </methods>
          <lines>
            <line number="89" hits="2" branch="False" />
          </lines>
        </class>
        <class name="PharmacyUnitTest.RepositoryTest.PurchaseRepositoryTest/&lt;&gt;c__DisplayClass5_0/&lt;&lt;PurchaseAddFailTest&gt;b__0&gt;d" filename="Documents\Pharmacy Manager\PharmacyManagementSolution\PharmacyUnitTest\RepositoryTest\PurchaseRepositoryTest.cs" line-rate="1" branch-rate="1" complexity="1">
          <methods>
            <method name="MoveNext" signature="()" line-rate="1" branch-rate="1" complexity="1">
              <lines>
                <line number="59" hits="2" branch="False" />
              </lines>
            </method>
          </methods>
          <lines>
            <line number="59" hits="2" branch="False" />
          </lines>
        </class>
        <class name="PharmacyUnitTest.RepositoryTest.PurchaseRepositoryTest/&lt;&gt;c__DisplayClass9_0/&lt;&lt;PurchaseUpdateFail&gt;b__0&gt;d" filename="Documents\Pharmacy Manager\PharmacyManagementSolution\PharmacyUnitTest\RepositoryTest\PurchaseRepositoryTest.cs" line-rate="1" branch-rate="1" complexity="1">
          <methods>
            <method name="MoveNext" signature="()" line-rate="1" branch-rate="1" complexity="1">
              <lines>
                <line number="100" hits="2" branch="False" />
              </lines>
            </method>
          </methods>
          <lines>
            <line number="100" hits="2" branch="False" />
          </lines>
        </class>
        <class name="PharmacyUnitTest.RepositoryTest.PurchaseRepositoryTest/&lt;PurchaseAddFailTest&gt;d__5" filename="Documents\Pharmacy Manager\PharmacyManagementSolution\PharmacyUnitTest\RepositoryTest\PurchaseRepositoryTest.cs" line-rate="1" branch-rate="1" complexity="1">
          <methods>
            <method name="MoveNext" signature="()" line-rate="1" branch-rate="1" complexity="1">
              <lines>
                <line number="45" hits="1" branch="False" />
                <line number="46" hits="1" branch="False" />
                <line number="47" hits="1" branch="False" />
                <line number="48" hits="1" branch="False" />
                <line number="49" hits="1" branch="False" />
                <line number="50" hits="1" branch="False" />
                <line number="51" hits="1" branch="False" />
                <line number="52" hits="1" branch="False" />
                <line number="53" hits="1" branch="False" />
                <line number="54" hits="1" branch="False" />
                <line number="55" hits="1" branch="False" />
                <line number="56" hits="1" branch="False" />
                <line number="57" hits="1" branch="False" />
                <line number="58" hits="1" branch="False" />
                <line number="60" hits="1" branch="False" />
                <line number="61" hits="1" branch="False" />
              </lines>
            </method>
          </methods>
          <lines>
            <line number="45" hits="1" branch="False" />
            <line number="46" hits="1" branch="False" />
            <line number="47" hits="1" branch="False" />
            <line number="48" hits="1" branch="False" />
            <line number="49" hits="1" branch="False" />
            <line number="50" hits="1" branch="False" />
            <line number="51" hits="1" branch="False" />
            <line number="52" hits="1" branch="False" />
            <line number="53" hits="1" branch="False" />
            <line number="54" hits="1" branch="False" />
            <line number="55" hits="1" branch="False" />
            <line number="56" hits="1" branch="False" />
            <line number="57" hits="1" branch="False" />
            <line number="58" hits="1" branch="False" />
            <line number="60" hits="1" branch="False" />
            <line number="61" hits="1" branch="False" />
          </lines>
        </class>
        <class name="PharmacyUnitTest.RepositoryTest.PurchaseRepositoryTest/&lt;PurchaseAddFailTestNull&gt;d__4" filename="Documents\Pharmacy Manager\PharmacyManagementSolution\PharmacyUnitTest\RepositoryTest\PurchaseRepositoryTest.cs" line-rate="1" branch-rate="1" complexity="1">
          <methods>
            <method name="MoveNext" signature="()" line-rate="1" branch-rate="1" complexity="1">
              <lines>
                <line number="39" hits="1" branch="False" />
                <line number="41" hits="1" branch="False" />
                <line number="42" hits="1" branch="False" />
              </lines>
            </method>
          </methods>
          <lines>
            <line number="39" hits="1" branch="False" />
            <line number="41" hits="1" branch="False" />
            <line number="42" hits="1" branch="False" />
          </lines>
        </class>
        <class name="PharmacyUnitTest.RepositoryTest.PurchaseRepositoryTest/&lt;PurchaseDelete&gt;d__6" filename="Documents\Pharmacy Manager\PharmacyManagementSolution\PharmacyUnitTest\RepositoryTest\PurchaseRepositoryTest.cs" line-rate="1" branch-rate="1" complexity="1">
          <methods>
            <method name="MoveNext" signature="()" line-rate="1" branch-rate="1" complexity="1">
              <lines>
                <line number="64" hits="1" branch="False" />
                <line number="65" hits="1" branch="False" />
                <line number="66" hits="1" branch="False" />
                <line number="67" hits="1" branch="False" />
                <line number="68" hits="1" branch="False" />
                <line number="69" hits="1" branch="False" />
                <line number="70" hits="1" branch="False" />
                <line number="71" hits="1" branch="False" />
                <line number="72" hits="1" branch="False" />
                <line number="73" hits="1" branch="False" />
                <line number="76" hits="1" branch="False" />
              </lines>
            </method>
          </methods>
          <lines>
            <line number="64" hits="1" branch="False" />
            <line number="65" hits="1" branch="False" />
            <line number="66" hits="1" branch="False" />
            <line number="67" hits="1" branch="False" />
            <line number="68" hits="1" branch="False" />
            <line number="69" hits="1" branch="False" />
            <line number="70" hits="1" branch="False" />
            <line number="71" hits="1" branch="False" />
            <line number="72" hits="1" branch="False" />
            <line number="73" hits="1" branch="False" />
            <line number="76" hits="1" branch="False" />
          </lines>
        </class>
        <class name="PharmacyUnitTest.RepositoryTest.PurchaseRepositoryTest/&lt;PurchaseDeleteFail&gt;d__7" filename="Documents\Pharmacy Manager\PharmacyManagementSolution\PharmacyUnitTest\RepositoryTest\PurchaseRepositoryTest.cs" line-rate="1" branch-rate="1" complexity="1">
          <methods>
            <method name="MoveNext" signature="()" line-rate="1" branch-rate="1" complexity="1">
              <lines>
                <line number="79" hits="1" branch="False" />
                <line number="84" hits="1" branch="False" />
              </lines>
            </method>
          </methods>
          <lines>
            <line number="79" hits="1" branch="False" />
            <line number="84" hits="1" branch="False" />
          </lines>
        </class>
        <class name="PharmacyUnitTest.RepositoryTest.PurchaseRepositoryTest/&lt;PurchaseUpdateFail&gt;d__9" filename="Documents\Pharmacy Manager\PharmacyManagementSolution\PharmacyUnitTest\RepositoryTest\PurchaseRepositoryTest.cs" line-rate="1" branch-rate="1" complexity="1">
          <methods>
            <method name="MoveNext" signature="()" line-rate="1" branch-rate="1" complexity="1">
              <lines>
                <line number="93" hits="1" branch="False" />
                <line number="94" hits="1" branch="False" />
                <line number="95" hits="1" branch="False" />
                <line number="96" hits="1" branch="False" />
                <line number="97" hits="1" branch="False" />
                <line number="98" hits="1" branch="False" />
                <line number="99" hits="1" branch="False" />
                <line number="101" hits="1" branch="False" />
              </lines>
            </method>
          </methods>
          <lines>
            <line number="93" hits="1" branch="False" />
            <line number="94" hits="1" branch="False" />
            <line number="95" hits="1" branch="False" />
            <line number="96" hits="1" branch="False" />
            <line number="97" hits="1" branch="False" />
            <line number="98" hits="1" branch="False" />
            <line number="99" hits="1" branch="False" />
            <line number="101" hits="1" branch="False" />
          </lines>
        </class>
        <class name="PharmacyUnitTest.RepositoryTest.PurchaseRepositoryTest/&lt;PurchaseUpdateFailNull&gt;d__8" filename="Documents\Pharmacy Manager\PharmacyManagementSolution\PharmacyUnitTest\RepositoryTest\PurchaseRepositoryTest.cs" line-rate="1" branch-rate="1" complexity="1">
          <methods>
            <method name="MoveNext" signature="()" line-rate="1" branch-rate="1" complexity="1">
              <lines>
                <line number="87" hits="1" branch="False" />
                <line number="90" hits="1" branch="False" />
              </lines>
            </method>
          </methods>
          <lines>
            <line number="87" hits="1" branch="False" />
            <line number="90" hits="1" branch="False" />
          </lines>
        </class>
      </classes>
    </package>
  </packages>
</coverage>